#! /usr/bin/vvp
:ivl_version "0.9.7 " "(v0_9_7)";
:vpi_time_precision + 0;
:vpi_module "system";
:vpi_module "v2005_math";
:vpi_module "va_math";
S_0xe56cc0 .scope module, "usr_tb" "usr_tb" 2 3;
 .timescale 0 0;
v0xe7afa0_0 .var "clk", 0 0;
v0xe7b040_0 .var "in", 3 0;
v0xe7b0c0_0 .var "l", 0 0;
RS_0x7f6c4da8d1e8 .resolv tri, L_0xe80260, L_0xe803f0, L_0xe80590, L_0xe80850;
v0xe7b140_0 .net8 "out", 3 0, RS_0x7f6c4da8d1e8; 4 drivers
v0xe7b1c0_0 .var "r", 0 0;
v0xe7b240_0 .var "reset", 0 0;
v0xe7b2c0_0 .var "s", 1 0;
E_0xe55640/0 .event edge, v0xe7ac70_0, v0xe7ab50_0, v0xe7ae80_0, v0xe761c0_0;
E_0xe55640/1 .event edge, v0xe77950_0, v0xe7a4e0_0;
E_0xe55640 .event/or E_0xe55640/0, E_0xe55640/1;
S_0xe56190 .scope module, "uut" "usr" 2 11, 3 4, S_0xe56cc0;
 .timescale 0 0;
v0xe7aa40_0 .net "clk", 0 0, v0xe7afa0_0; 1 drivers
v0xe7ab50_0 .net "in", 3 0, v0xe7b040_0; 1 drivers
v0xe7abf0_0 .net "l", 0 0, v0xe7b0c0_0; 1 drivers
v0xe7ac70_0 .alias "out", 3 0, v0xe7b140_0;
v0xe7acf0_0 .net "r", 0 0, v0xe7b1c0_0; 1 drivers
v0xe7ad70_0 .net "reset", 0 0, v0xe7b240_0; 1 drivers
v0xe7ae80_0 .net "s", 1 0, v0xe7b2c0_0; 1 drivers
RS_0x7f6c4da8d248 .resolv tri, L_0xe7c030, L_0xe7d2a0, L_0xe7e650, L_0xe7fb30;
v0xe7af00_0 .net8 "w", 3 0, RS_0x7f6c4da8d248; 4 drivers
L_0xe7c030 .part/pv L_0xe7bfd0, 0, 1, 4;
L_0xe7c120 .part v0xe7b2c0_0, 1, 1;
L_0xe7c210 .part v0xe7b2c0_0, 0, 1;
L_0xe7c2b0 .part v0xe7b040_0, 0, 1;
L_0xe7c3f0 .part RS_0x7f6c4da8d1e8, 1, 1;
L_0xe7c530 .part RS_0x7f6c4da8d1e8, 0, 1;
L_0xe7d2a0 .part/pv L_0xe7d240, 1, 1, 4;
L_0xe7d3e0 .part v0xe7b2c0_0, 1, 1;
L_0xe7d510 .part v0xe7b2c0_0, 0, 1;
L_0xe7d5b0 .part v0xe7b040_0, 1, 1;
L_0xe7d700 .part RS_0x7f6c4da8d1e8, 0, 1;
L_0xe7d830 .part RS_0x7f6c4da8d1e8, 2, 1;
L_0xe7d940 .part RS_0x7f6c4da8d1e8, 1, 1;
L_0xe7e650 .part/pv L_0xe7e5f0, 2, 1, 4;
L_0xe7e7c0 .part v0xe7b2c0_0, 1, 1;
L_0xe7e860 .part v0xe7b2c0_0, 0, 1;
L_0xe7e990 .part v0xe7b040_0, 2, 1;
L_0xe7eb10 .part RS_0x7f6c4da8d1e8, 1, 1;
L_0xe7ec50 .part RS_0x7f6c4da8d1e8, 3, 1;
L_0xe7ee00 .part RS_0x7f6c4da8d1e8, 2, 1;
L_0xe7fb30 .part/pv L_0xe7fad0, 3, 1, 4;
L_0xe7fc60 .part v0xe7b2c0_0, 1, 1;
L_0xe7eea0 .part v0xe7b2c0_0, 0, 1;
L_0xe7fed0 .part v0xe7b040_0, 3, 1;
L_0xe7fe10 .part RS_0x7f6c4da8d1e8, 2, 1;
L_0xe80090 .part RS_0x7f6c4da8d1e8, 3, 1;
L_0xe7ff70 .part RS_0x7f6c4da8d248, 0, 1;
L_0xe80260 .part/pv v0xe76bf0_0, 0, 1, 4;
L_0xe80180 .part RS_0x7f6c4da8d248, 1, 1;
L_0xe803f0 .part/pv v0xe76870_0, 1, 1, 4;
L_0xe80300 .part RS_0x7f6c4da8d248, 2, 1;
L_0xe80590 .part/pv v0xe764b0_0, 2, 1, 4;
L_0xe80490 .part RS_0x7f6c4da8d248, 3, 1;
L_0xe80850 .part/pv v0xe76120_0, 3, 1, 4;
S_0xe79b50 .scope module, "m1" "mux_4x1" 3 12, 4 1, S_0xe56190;
 .timescale 0 0;
L_0xe774c0 .functor AND 1, L_0xe7b340, L_0xe7b3e0, C4<1>, C4<1>;
L_0xe7b5b0 .functor AND 1, L_0xe774c0, L_0xe7c530, C4<1>, C4<1>;
L_0xe7b750 .functor AND 1, L_0xe7c210, L_0xe7b660, C4<1>, C4<1>;
L_0xe7b850 .functor AND 1, L_0xe7b750, L_0xe7c3f0, C4<1>, C4<1>;
L_0xe7b900 .functor OR 1, L_0xe7b5b0, L_0xe7b850, C4<0>, C4<0>;
L_0xe7bad0 .functor AND 1, L_0xe7ba30, L_0xe7c120, C4<1>, C4<1>;
L_0xe7bbf0 .functor AND 1, L_0xe7bad0, v0xe7b0c0_0, C4<1>, C4<1>;
L_0xe7bca0 .functor OR 1, L_0xe7b900, L_0xe7bbf0, C4<0>, C4<0>;
L_0xe7bdf0 .functor AND 1, L_0xe7c210, L_0xe7c120, C4<1>, C4<1>;
L_0xe7bf70 .functor AND 1, L_0xe7bdf0, L_0xe7c2b0, C4<1>, C4<1>;
L_0xe7bfd0 .functor OR 1, L_0xe7bca0, L_0xe7bf70, C4<0>, C4<0>;
v0xe79c40_0 .net *"_s1", 0 0, L_0xe7b340; 1 drivers
v0xe79ce0_0 .net *"_s10", 0 0, L_0xe7b750; 1 drivers
v0xe79d80_0 .net *"_s12", 0 0, L_0xe7b850; 1 drivers
v0xe79e20_0 .net *"_s14", 0 0, L_0xe7b900; 1 drivers
v0xe79ec0_0 .net *"_s17", 0 0, L_0xe7ba30; 1 drivers
v0xe79f60_0 .net *"_s18", 0 0, L_0xe7bad0; 1 drivers
v0xe7a000_0 .net *"_s20", 0 0, L_0xe7bbf0; 1 drivers
v0xe7a0a0_0 .net *"_s22", 0 0, L_0xe7bca0; 1 drivers
v0xe7a140_0 .net *"_s24", 0 0, L_0xe7bdf0; 1 drivers
v0xe7a1e0_0 .net *"_s26", 0 0, L_0xe7bf70; 1 drivers
v0xe7a280_0 .net *"_s3", 0 0, L_0xe7b3e0; 1 drivers
v0xe7a320_0 .net *"_s4", 0 0, L_0xe774c0; 1 drivers
v0xe7a3c0_0 .net *"_s6", 0 0, L_0xe7b5b0; 1 drivers
v0xe7a460_0 .net *"_s9", 0 0, L_0xe7b660; 1 drivers
v0xe7a580_0 .net "i0", 0 0, L_0xe7c530; 1 drivers
v0xe7a620_0 .net "i1", 0 0, L_0xe7c3f0; 1 drivers
v0xe7a4e0_0 .alias "i2", 0 0, v0xe7abf0_0;
v0xe7a770_0 .net "i3", 0 0, L_0xe7c2b0; 1 drivers
v0xe7a890_0 .net "s0", 0 0, L_0xe7c210; 1 drivers
v0xe7a910_0 .net "s1", 0 0, L_0xe7c120; 1 drivers
v0xe7a7f0_0 .net "y", 0 0, L_0xe7bfd0; 1 drivers
L_0xe7b340 .reduce/nor L_0xe7c210;
L_0xe7b3e0 .reduce/nor L_0xe7c120;
L_0xe7b660 .reduce/nor L_0xe7c120;
L_0xe7ba30 .reduce/nor L_0xe7c210;
S_0xe78c60 .scope module, "m2" "mux_4x1" 3 13, 4 1, S_0xe56190;
 .timescale 0 0;
L_0xe7c760 .functor AND 1, L_0xe7c620, L_0xe7c6c0, C4<1>, C4<1>;
L_0xe7c860 .functor AND 1, L_0xe7c760, L_0xe7d940, C4<1>, C4<1>;
L_0xe7ca00 .functor AND 1, L_0xe7d510, L_0xe7c910, C4<1>, C4<1>;
L_0xe7cb00 .functor AND 1, L_0xe7ca00, L_0xe7d830, C4<1>, C4<1>;
L_0xe7cbb0 .functor OR 1, L_0xe7c860, L_0xe7cb00, C4<0>, C4<0>;
L_0xe7cd50 .functor AND 1, L_0xe7ccb0, L_0xe7d3e0, C4<1>, C4<1>;
L_0xe7ce00 .functor AND 1, L_0xe7cd50, L_0xe7d700, C4<1>, C4<1>;
L_0xe7ceb0 .functor OR 1, L_0xe7cbb0, L_0xe7ce00, C4<0>, C4<0>;
L_0xe7d000 .functor AND 1, L_0xe7d510, L_0xe7d3e0, C4<1>, C4<1>;
L_0xe7d180 .functor AND 1, L_0xe7d000, L_0xe7d5b0, C4<1>, C4<1>;
L_0xe7d240 .functor OR 1, L_0xe7ceb0, L_0xe7d180, C4<0>, C4<0>;
v0xe78d50_0 .net *"_s1", 0 0, L_0xe7c620; 1 drivers
v0xe78df0_0 .net *"_s10", 0 0, L_0xe7ca00; 1 drivers
v0xe78e90_0 .net *"_s12", 0 0, L_0xe7cb00; 1 drivers
v0xe78f30_0 .net *"_s14", 0 0, L_0xe7cbb0; 1 drivers
v0xe78fd0_0 .net *"_s17", 0 0, L_0xe7ccb0; 1 drivers
v0xe79070_0 .net *"_s18", 0 0, L_0xe7cd50; 1 drivers
v0xe79110_0 .net *"_s20", 0 0, L_0xe7ce00; 1 drivers
v0xe791b0_0 .net *"_s22", 0 0, L_0xe7ceb0; 1 drivers
v0xe79250_0 .net *"_s24", 0 0, L_0xe7d000; 1 drivers
v0xe792f0_0 .net *"_s26", 0 0, L_0xe7d180; 1 drivers
v0xe79390_0 .net *"_s3", 0 0, L_0xe7c6c0; 1 drivers
v0xe79430_0 .net *"_s4", 0 0, L_0xe7c760; 1 drivers
v0xe794d0_0 .net *"_s6", 0 0, L_0xe7c860; 1 drivers
v0xe79570_0 .net *"_s9", 0 0, L_0xe7c910; 1 drivers
v0xe79690_0 .net "i0", 0 0, L_0xe7d940; 1 drivers
v0xe79730_0 .net "i1", 0 0, L_0xe7d830; 1 drivers
v0xe795f0_0 .net "i2", 0 0, L_0xe7d700; 1 drivers
v0xe79880_0 .net "i3", 0 0, L_0xe7d5b0; 1 drivers
v0xe799a0_0 .net "s0", 0 0, L_0xe7d510; 1 drivers
v0xe79a20_0 .net "s1", 0 0, L_0xe7d3e0; 1 drivers
v0xe79900_0 .net "y", 0 0, L_0xe7d240; 1 drivers
L_0xe7c620 .reduce/nor L_0xe7d510;
L_0xe7c6c0 .reduce/nor L_0xe7d3e0;
L_0xe7c910 .reduce/nor L_0xe7d3e0;
L_0xe7ccb0 .reduce/nor L_0xe7d510;
S_0xe77d70 .scope module, "m3" "mux_4x1" 3 14, 4 1, S_0xe56190;
 .timescale 0 0;
L_0xe7d6a0 .functor AND 1, L_0xe7da30, L_0xe7dad0, C4<1>, C4<1>;
L_0xe7dc10 .functor AND 1, L_0xe7d6a0, L_0xe7ee00, C4<1>, C4<1>;
L_0xe7ddb0 .functor AND 1, L_0xe7e860, L_0xe7dcc0, C4<1>, C4<1>;
L_0xe7deb0 .functor AND 1, L_0xe7ddb0, L_0xe7ec50, C4<1>, C4<1>;
L_0xe7df60 .functor OR 1, L_0xe7dc10, L_0xe7deb0, C4<0>, C4<0>;
L_0xe7e100 .functor AND 1, L_0xe7e060, L_0xe7e7c0, C4<1>, C4<1>;
L_0xe7e1b0 .functor AND 1, L_0xe7e100, L_0xe7eb10, C4<1>, C4<1>;
L_0xe7e260 .functor OR 1, L_0xe7df60, L_0xe7e1b0, C4<0>, C4<0>;
L_0xe7e3b0 .functor AND 1, L_0xe7e860, L_0xe7e7c0, C4<1>, C4<1>;
L_0xe7e530 .functor AND 1, L_0xe7e3b0, L_0xe7e990, C4<1>, C4<1>;
L_0xe7e5f0 .functor OR 1, L_0xe7e260, L_0xe7e530, C4<0>, C4<0>;
v0xe77e60_0 .net *"_s1", 0 0, L_0xe7da30; 1 drivers
v0xe77f00_0 .net *"_s10", 0 0, L_0xe7ddb0; 1 drivers
v0xe77fa0_0 .net *"_s12", 0 0, L_0xe7deb0; 1 drivers
v0xe78040_0 .net *"_s14", 0 0, L_0xe7df60; 1 drivers
v0xe780e0_0 .net *"_s17", 0 0, L_0xe7e060; 1 drivers
v0xe78180_0 .net *"_s18", 0 0, L_0xe7e100; 1 drivers
v0xe78220_0 .net *"_s20", 0 0, L_0xe7e1b0; 1 drivers
v0xe782c0_0 .net *"_s22", 0 0, L_0xe7e260; 1 drivers
v0xe78360_0 .net *"_s24", 0 0, L_0xe7e3b0; 1 drivers
v0xe78400_0 .net *"_s26", 0 0, L_0xe7e530; 1 drivers
v0xe784a0_0 .net *"_s3", 0 0, L_0xe7dad0; 1 drivers
v0xe78540_0 .net *"_s4", 0 0, L_0xe7d6a0; 1 drivers
v0xe785e0_0 .net *"_s6", 0 0, L_0xe7dc10; 1 drivers
v0xe78680_0 .net *"_s9", 0 0, L_0xe7dcc0; 1 drivers
v0xe787a0_0 .net "i0", 0 0, L_0xe7ee00; 1 drivers
v0xe78840_0 .net "i1", 0 0, L_0xe7ec50; 1 drivers
v0xe78700_0 .net "i2", 0 0, L_0xe7eb10; 1 drivers
v0xe78990_0 .net "i3", 0 0, L_0xe7e990; 1 drivers
v0xe78ab0_0 .net "s0", 0 0, L_0xe7e860; 1 drivers
v0xe78b30_0 .net "s1", 0 0, L_0xe7e7c0; 1 drivers
v0xe78a10_0 .net "y", 0 0, L_0xe7e5f0; 1 drivers
L_0xe7da30 .reduce/nor L_0xe7e860;
L_0xe7dad0 .reduce/nor L_0xe7e7c0;
L_0xe7dcc0 .reduce/nor L_0xe7e7c0;
L_0xe7e060 .reduce/nor L_0xe7e860;
S_0xe76d10 .scope module, "m4" "mux_4x1" 3 15, 4 1, S_0xe56190;
 .timescale 0 0;
L_0xe7eff0 .functor AND 1, L_0xe7ebb0, L_0xe7ef50, C4<1>, C4<1>;
L_0xe7f0f0 .functor AND 1, L_0xe7eff0, L_0xe80090, C4<1>, C4<1>;
L_0xe7f290 .functor AND 1, L_0xe7eea0, L_0xe7f1a0, C4<1>, C4<1>;
L_0xe7f390 .functor AND 1, L_0xe7f290, v0xe7b1c0_0, C4<1>, C4<1>;
L_0xe7f440 .functor OR 1, L_0xe7f0f0, L_0xe7f390, C4<0>, C4<0>;
L_0xe7f5e0 .functor AND 1, L_0xe7f540, L_0xe7fc60, C4<1>, C4<1>;
L_0xe7f690 .functor AND 1, L_0xe7f5e0, L_0xe7fe10, C4<1>, C4<1>;
L_0xe7f740 .functor OR 1, L_0xe7f440, L_0xe7f690, C4<0>, C4<0>;
L_0xe7f890 .functor AND 1, L_0xe7eea0, L_0xe7fc60, C4<1>, C4<1>;
L_0xe7fa10 .functor AND 1, L_0xe7f890, L_0xe7fed0, C4<1>, C4<1>;
L_0xe7fad0 .functor OR 1, L_0xe7f740, L_0xe7fa10, C4<0>, C4<0>;
v0xe76e00_0 .net *"_s1", 0 0, L_0xe7ebb0; 1 drivers
v0xe76ea0_0 .net *"_s10", 0 0, L_0xe7f290; 1 drivers
v0xe76f40_0 .net *"_s12", 0 0, L_0xe7f390; 1 drivers
v0xe76fe0_0 .net *"_s14", 0 0, L_0xe7f440; 1 drivers
v0xe77090_0 .net *"_s17", 0 0, L_0xe7f540; 1 drivers
v0xe77130_0 .net *"_s18", 0 0, L_0xe7f5e0; 1 drivers
v0xe77210_0 .net *"_s20", 0 0, L_0xe7f690; 1 drivers
v0xe772b0_0 .net *"_s22", 0 0, L_0xe7f740; 1 drivers
v0xe773a0_0 .net *"_s24", 0 0, L_0xe7f890; 1 drivers
v0xe77440_0 .net *"_s26", 0 0, L_0xe7fa10; 1 drivers
v0xe77540_0 .net *"_s3", 0 0, L_0xe7ef50; 1 drivers
v0xe775e0_0 .net *"_s4", 0 0, L_0xe7eff0; 1 drivers
v0xe776f0_0 .net *"_s6", 0 0, L_0xe7f0f0; 1 drivers
v0xe77790_0 .net *"_s9", 0 0, L_0xe7f1a0; 1 drivers
v0xe778b0_0 .net "i0", 0 0, L_0xe80090; 1 drivers
v0xe77950_0 .alias "i1", 0 0, v0xe7acf0_0;
v0xe77810_0 .net "i2", 0 0, L_0xe7fe10; 1 drivers
v0xe77aa0_0 .net "i3", 0 0, L_0xe7fed0; 1 drivers
v0xe77bc0_0 .net "s0", 0 0, L_0xe7eea0; 1 drivers
v0xe77c40_0 .net "s1", 0 0, L_0xe7fc60; 1 drivers
v0xe77b20_0 .net "y", 0 0, L_0xe7fad0; 1 drivers
L_0xe7ebb0 .reduce/nor L_0xe7eea0;
L_0xe7ef50 .reduce/nor L_0xe7fc60;
L_0xe7f1a0 .reduce/nor L_0xe7fc60;
L_0xe7f540 .reduce/nor L_0xe7eea0;
S_0xe769e0 .scope module, "d1" "d_flipflop" 3 17, 5 1, S_0xe56190;
 .timescale 0 0;
v0xe76ad0_0 .alias "clk", 0 0, v0xe7aa40_0;
v0xe76b50_0 .net "d", 0 0, L_0xe7ff70; 1 drivers
v0xe76bf0_0 .var "q", 0 0;
v0xe76c90_0 .alias "reset", 0 0, v0xe7ad70_0;
S_0xe76630 .scope module, "d2" "d_flipflop" 3 18, 5 1, S_0xe56190;
 .timescale 0 0;
v0xe76720_0 .alias "clk", 0 0, v0xe7aa40_0;
v0xe767f0_0 .net "d", 0 0, L_0xe80180; 1 drivers
v0xe76870_0 .var "q", 0 0;
v0xe76910_0 .alias "reset", 0 0, v0xe7ad70_0;
S_0xe76270 .scope module, "d3" "d_flipflop" 3 19, 5 1, S_0xe56190;
 .timescale 0 0;
v0xe76360_0 .alias "clk", 0 0, v0xe7aa40_0;
v0xe76430_0 .net "d", 0 0, L_0xe80300; 1 drivers
v0xe764b0_0 .var "q", 0 0;
v0xe76550_0 .alias "reset", 0 0, v0xe7ad70_0;
S_0xe3eb30 .scope module, "d4" "d_flipflop" 3 20, 5 1, S_0xe56190;
 .timescale 0 0;
v0xe560b0_0 .alias "clk", 0 0, v0xe7aa40_0;
v0xe76080_0 .net "d", 0 0, L_0xe80490; 1 drivers
v0xe76120_0 .var "q", 0 0;
v0xe761c0_0 .alias "reset", 0 0, v0xe7ad70_0;
E_0xe568f0 .event posedge, v0xe761c0_0, v0xe560b0_0;
    .scope S_0xe769e0;
T_0 ;
    %wait E_0xe568f0;
    %load/v 8, v0xe76c90_0, 1;
    %jmp/0xz  T_0.0, 8;
    %ix/load 0, 1, 0;
    %assign/v0 v0xe76bf0_0, 0, 0;
    %jmp T_0.1;
T_0.0 ;
    %load/v 8, v0xe76b50_0, 1;
    %ix/load 0, 1, 0;
    %assign/v0 v0xe76bf0_0, 0, 8;
T_0.1 ;
    %jmp T_0;
    .thread T_0;
    .scope S_0xe76630;
T_1 ;
    %wait E_0xe568f0;
    %load/v 8, v0xe76910_0, 1;
    %jmp/0xz  T_1.0, 8;
    %ix/load 0, 1, 0;
    %assign/v0 v0xe76870_0, 0, 0;
    %jmp T_1.1;
T_1.0 ;
    %load/v 8, v0xe767f0_0, 1;
    %ix/load 0, 1, 0;
    %assign/v0 v0xe76870_0, 0, 8;
T_1.1 ;
    %jmp T_1;
    .thread T_1;
    .scope S_0xe76270;
T_2 ;
    %wait E_0xe568f0;
    %load/v 8, v0xe76550_0, 1;
    %jmp/0xz  T_2.0, 8;
    %ix/load 0, 1, 0;
    %assign/v0 v0xe764b0_0, 0, 0;
    %jmp T_2.1;
T_2.0 ;
    %load/v 8, v0xe76430_0, 1;
    %ix/load 0, 1, 0;
    %assign/v0 v0xe764b0_0, 0, 8;
T_2.1 ;
    %jmp T_2;
    .thread T_2;
    .scope S_0xe3eb30;
T_3 ;
    %wait E_0xe568f0;
    %load/v 8, v0xe761c0_0, 1;
    %jmp/0xz  T_3.0, 8;
    %ix/load 0, 1, 0;
    %assign/v0 v0xe76120_0, 0, 0;
    %jmp T_3.1;
T_3.0 ;
    %load/v 8, v0xe76080_0, 1;
    %ix/load 0, 1, 0;
    %assign/v0 v0xe76120_0, 0, 8;
T_3.1 ;
    %jmp T_3;
    .thread T_3;
    .scope S_0xe56cc0;
T_4 ;
    %set/v v0xe7afa0_0, 0, 1;
    %set/v v0xe7b240_0, 1, 1;
    %set/v v0xe7b1c0_0, 1, 1;
    %set/v v0xe7b0c0_0, 0, 1;
    %set/v v0xe7b2c0_0, 0, 2;
    %movi 8, 10, 4;
    %set/v v0xe7b040_0, 8, 4;
    %end;
    .thread T_4;
    .scope S_0xe56cc0;
T_5 ;
    %delay 5, 0;
    %load/v 8, v0xe7afa0_0, 1;
    %inv 8, 1;
    %set/v v0xe7afa0_0, 8, 1;
    %set/v v0xe7b240_0, 0, 1;
    %jmp T_5;
    .thread T_5;
    .scope S_0xe56cc0;
T_6 ;
    %delay 10, 0;
    %movi 8, 1, 2;
    %set/v v0xe7b2c0_0, 8, 2;
    %delay 40, 0;
    %movi 8, 2, 2;
    %set/v v0xe7b2c0_0, 8, 2;
    %delay 40, 0;
    %set/v v0xe7b2c0_0, 1, 2;
    %delay 10, 0;
    %set/v v0xe7b2c0_0, 0, 2;
    %jmp T_6;
    .thread T_6;
    .scope S_0xe56cc0;
T_7 ;
    %wait E_0xe55640;
    %vpi_call 2 36 "$display", $time, " out=%b, in=%b, select=%b, reset=%d, r=%d, l=%d", v0xe7b140_0, v0xe7b040_0, v0xe7b2c0_0, v0xe7b240_0, v0xe7b1c0_0, v0xe7b0c0_0;
    %jmp T_7;
    .thread T_7, $push;
    .scope S_0xe56cc0;
T_8 ;
    %delay 100, 0;
    %vpi_call 2 40 "$finish";
    %end;
    .thread T_8;
# The file index is used to find the file name in the following table.
:file_names 6;
    "N/A";
    "<interactive>";
    "usr_tb.v";
    "./usr.v";
    "./mux_4x1.v";
    "./d_flipflop.v";
