#! /usr/bin/vvp
:ivl_version "0.9.7 " "(v0_9_7)";
:vpi_time_precision + 0;
:vpi_module "system";
:vpi_module "v2005_math";
:vpi_module "va_math";
S_0x14b8e80 .scope module, "top" "top" 2 2;
 .timescale 0 0;
v0x14eb560_0 .var "a", 30 0;
v0x14eb630_0 .var "a1", 0 0;
v0x14ebc50_0 .var "a2", 0 0;
v0x14ebcd0_0 .var "b", 30 0;
v0x14ebd50_0 .var "b0", 0 0;
v0x14ebe00_0 .var "b1", 0 0;
v0x14ebec0_0 .var "b10", 0 0;
v0x14ebf70_0 .var "b2", 0 0;
v0x14ec040_0 .var "b3", 0 0;
v0x14ec0f0_0 .var "b4", 0 0;
v0x14ec200_0 .var "b5", 0 0;
v0x14ec2b0_0 .var "b6", 0 0;
v0x14ec3d0_0 .var "b7", 0 0;
v0x14ec480_0 .var "b8", 0 0;
v0x14ec5b0_0 .var "b9", 0 0;
v0x14ec660_0 .var "c", 15 0;
v0x14ec500_0 .var "c0", 0 0;
v0x14ec7d0_0 .var "c1", 0 0;
v0x14ec6e0_0 .var "c10", 0 0;
v0x14ec920_0 .var "c2", 0 0;
v0x14eca50_0 .var "c3", 0 0;
v0x14ecad0_0 .var "c4", 0 0;
v0x14ec9a0_0 .var "c5", 0 0;
v0x14ecc10_0 .var "c6", 0 0;
v0x14ecb80_0 .var "c7", 0 0;
v0x14ecd90_0 .var "c8", 0 0;
v0x14eccc0_0 .var "c9", 0 0;
v0x14ecf20_0 .var "d", 15 0;
v0x14ece40_0 .var "d0", 0 0;
v0x14ed090_0 .var "d1", 0 0;
v0x14ecfd0_0 .var "d10", 0 0;
v0x14ed210_0 .var "d2", 0 0;
v0x14ed140_0 .var "d3", 0 0;
v0x14ed3a0_0 .var "d4", 0 0;
v0x14ed2c0_0 .var "d5", 0 0;
v0x14ed540_0 .var "d6", 0 0;
v0x14ed420_0 .var "d7", 0 0;
v0x14ed6f0_0 .var "d8", 0 0;
v0x14ed5c0_0 .var "d9", 0 0;
v0x14ed670_0 .var "e0", 0 0;
v0x14ed8c0_0 .var "e1", 0 0;
v0x14ed970_0 .var "e10", 0 0;
v0x14ed7a0_0 .var "e2", 0 0;
v0x14edb50_0 .var "e3", 0 0;
v0x14ed9f0_0 .var "e4", 0 0;
v0x14edaa0_0 .var "e5", 0 0;
v0x14edd50_0 .var "e6", 0 0;
v0x14eddd0_0 .var "e7", 0 0;
v0x14edc00_0 .var "e8", 0 0;
v0x14edcb0_0 .var "e9", 0 0;
v0x14ee020_0 .var "f0", 0 0;
v0x14ee0d0_0 .var "f1", 0 0;
v0x14ede80_0 .var "f10", 0 0;
v0x14edf30_0 .var "f2", 0 0;
v0x14ee310_0 .var "f3", 0 0;
v0x14ee3c0_0 .var "f4", 0 0;
v0x14ee180_0 .var "f5", 0 0;
v0x14ee230_0 .var "f6", 0 0;
v0x14ee620_0 .var "f7", 0 0;
v0x14ee6a0_0 .var "f8", 0 0;
v0x14ee470_0 .var "f9", 0 0;
v0x14ee520_0 .var "g0", 0 0;
v0x14ee920_0 .var "g1", 0 0;
v0x14ee9a0_0 .var "g10", 0 0;
v0x14ee750_0 .var "g2", 0 0;
v0x14ee800_0 .var "g3", 0 0;
v0x14eec40_0 .var "g4", 0 0;
v0x14eecc0_0 .var "g5", 0 0;
v0x14eea20_0 .var "g6", 0 0;
v0x14eead0_0 .var "g7", 0 0;
v0x14eeb80_0 .var "g8", 0 0;
v0x14eef80_0 .var "g9", 0 0;
v0x14eed40_0 .var/i "i68", 31 0;
v0x14eedc0_0 .var/i "i69", 31 0;
v0x14eee40_0 .var/i "i70", 31 0;
v0x14eeec0_0 .var/i "i71", 31 0;
v0x14ef270_0 .var/i "j0", 31 0;
v0x14ef2f0_0 .var/i "j1", 31 0;
v0x14ef000_0 .var/i "j2", 31 0;
v0x14ef080_0 .var/i "j3", 31 0;
v0x14ef100_0 .var/i "j4", 31 0;
v0x14ef180_0 .var/i "j5", 31 0;
v0x14ef610_0 .var/i "j6", 31 0;
v0x14ef690_0 .net "p", 16 0, L_0x14f7ba0; 1 drivers
v0x14ef370_0 .net "p0", 0 0, L_0x14f1b30; 1 drivers
v0x14ef420_0 .net "p1", 0 0, L_0x14f1c20; 1 drivers
v0x14ef4d0_0 .net "p10", 0 0, L_0x14f2650; 1 drivers
v0x14ef580_0 .net "p2", 0 0, L_0x14f1da0; 1 drivers
v0x14ef9e0_0 .net "p3", 0 0, L_0x14f1e40; 1 drivers
v0x14efa60_0 .net "p4", 0 0, L_0x14f1f30; 1 drivers
v0x14ef740_0 .net "p5", 0 0, L_0x14f2020; 1 drivers
v0x14ef7f0_0 .net "p6", 0 0, L_0x14f2220; 1 drivers
v0x14ef870_0 .net "p7", 0 0, L_0x14f2310; 1 drivers
v0x14ef920_0 .net "p8", 0 0, L_0x14f2400; 1 drivers
v0x14efde0_0 .net "p9", 0 0, L_0x14f24f0; 1 drivers
v0x14efe90_0 .net "q", 16 0, L_0x14f7d40; 1 drivers
v0x14efb10_0 .net "q0", 0 0, L_0x14f2740; 1 drivers
v0x14efbc0_0 .net "q1", 0 0, L_0x14f28b0; 1 drivers
v0x14efc70_0 .net "q10", 0 0, L_0x14f3220; 1 drivers
v0x14efd20_0 .net "q2", 0 0, L_0x14f29a0; 1 drivers
v0x14f0240_0 .net "q3", 0 0, L_0x14f2ca0; 1 drivers
v0x14f02f0_0 .net "q4", 0 0, L_0x14f2d40; 1 drivers
v0x14eff40_0 .net "q5", 0 0, L_0x14f2ed0; 1 drivers
v0x14efff0_0 .net "q6", 0 0, L_0x14f2f70; 1 drivers
v0x14f00a0_0 .net "q7", 0 0, L_0x14f2e30; 1 drivers
v0x14f0120_0 .net "q8", 0 0, L_0x14f30c0; 1 drivers
v0x14f06d0_0 .net "q9", 0 0, L_0x14f3010; 1 drivers
v0x14f0750_0 .net "r0", 0 0, L_0x14f3160; 1 drivers
v0x14f0370_0 .net "r1", 0 0, L_0x14f33e0; 1 drivers
v0x14f0420_0 .net "r10", 0 0, L_0x14f3920; 1 drivers
v0x14f04d0_0 .net "r2", 0 0, L_0x14f32c0; 1 drivers
v0x14f0580_0 .net "r3", 0 0, L_0x14f3600; 1 drivers
v0x14f0630_0 .net "r4", 0 0, L_0x14f34d0; 1 drivers
v0x14f0b60_0 .net "r5", 0 0, L_0x14f3830; 1 drivers
v0x14f07d0_0 .net "r6", 0 0, L_0x14f36f0; 1 drivers
v0x14f0880_0 .net "r7", 0 0, L_0x14f3a20; 1 drivers
v0x14f0930_0 .net "r8", 0 0, L_0x14f01a0; 1 drivers
v0x14f09e0_0 .net "r9", 0 0, L_0x14f2ba0; 1 drivers
v0x14f0a90_0 .net "s0", 0 0, L_0x14f2a90; 1 drivers
v0x14f0fa0_0 .net "s1", 0 0, L_0x14f4050; 1 drivers
v0x14f0c10_0 .net "s10", 0 0, L_0x14f49c0; 1 drivers
v0x14f0cc0_0 .net "s2", 0 0, L_0x14f4140; 1 drivers
v0x14f0d70_0 .net "s3", 0 0, L_0x14f3f20; 1 drivers
v0x14f0df0_0 .net "s4", 0 0, L_0x14f4370; 1 drivers
v0x14f0ea0_0 .net "s5", 0 0, L_0x14f4230; 1 drivers
v0x14f1410_0 .net "s6", 0 0, L_0x14f45b0; 1 drivers
v0x14e8390_0 .net "s7", 0 0, L_0x14f4460; 1 drivers
v0x14e6960_0 .net "s8", 0 0, L_0x14f47b0; 1 drivers
v0x14f1020_0 .net "s9", 0 0, L_0x14f4650; 1 drivers
v0x14f10d0_0 .net "x", 32 0, L_0x14f5b70; 1 drivers
v0x14f1150_0 .net "x1", 0 0, L_0x14e9e00; 1 drivers
v0x14f1200_0 .net "x2", 0 0, L_0x14e6ae0; 1 drivers
v0x14f12b0_0 .net "x3", 0 0, L_0x14f1950; 1 drivers
v0x14f1360_0 .net "x4", 0 0, L_0x14f19f0; 1 drivers
v0x14f18d0_0 .net "y", 32 0, L_0x14f7500; 1 drivers
S_0x14b6050 .scope module, "V_0" "pythonTest1" 2 21, 3 21, S_0x14b8e80;
 .timescale 0 0;
L_0x14e9e00 .functor XOR 1, v0x14eb630_0, v0x14ebc50_0, C4<0>, C4<0>;
L_0x14e6ae0 .functor OR 1, v0x14eb630_0, v0x14ebc50_0, C4<0>, C4<0>;
L_0x14e75f0 .functor NOT 1, v0x14eb630_0, C4<0>, C4<0>, C4<0>;
L_0x14f6b00 .functor OR 1, v0x14eb630_0, v0x14ebc50_0, C4<0>, C4<0>;
v0x14b5f10_0 .net *"_s101", 16 0, L_0x14f78f0; 1 drivers
v0x14e5430_0 .net *"_s104", 0 0, C4<0>; 1 drivers
v0x14e54d0_0 .net *"_s105", 16 0, L_0x14f7740; 1 drivers
v0x14e5570_0 .net *"_s108", 0 0, C4<0>; 1 drivers
v0x14e5620_0 .net *"_s111", 16 0, L_0x14f7990; 1 drivers
v0x14e56c0_0 .net *"_s114", 0 0, C4<0>; 1 drivers
v0x14e57a0_0 .net *"_s115", 16 0, L_0x14f7ac0; 1 drivers
v0x14e5840_0 .net *"_s118", 0 0, C4<0>; 1 drivers
v0x14e5930_0 .net *"_s51", 33 0, L_0x14f4850; 1 drivers
v0x14e59d0_0 .net *"_s54", 2 0, C4<000>; 1 drivers
v0x14e5ad0_0 .net *"_s55", 11 0, L_0x14f4be0; 1 drivers
v0x14e5b70_0 .net *"_s58", 45 0, L_0x14f4a60; 1 drivers
v0x14e5c80_0 .net *"_s59", 34 0, L_0x14f5270; 1 drivers
v0x14e5d20_0 .net *"_s61", 34 0, L_0x14f50e0; 1 drivers
v0x14e5e40_0 .net *"_s63", 34 0, L_0x14f67a0; 1 drivers
v0x14e5ee0_0 .net *"_s71", 3 0, L_0x14f6bb0; 1 drivers
v0x14e5da0_0 .net *"_s76", 0 0, C4<0>; 1 drivers
v0x14e6030_0 .net *"_s77", 3 0, L_0x14f6e10; 1 drivers
v0x14e6150_0 .net *"_s82", 0 0, C4<0>; 1 drivers
v0x14e61d0_0 .net *"_s83", 16 0, L_0x14f7190; 1 drivers
v0x14e60b0_0 .net *"_s86", 0 0, C4<0>; 1 drivers
v0x14e6300_0 .net *"_s88", 32 0, L_0x14f6fc0; 1 drivers
v0x14e6250_0 .net *"_s89", 32 0, L_0x14f7410; 1 drivers
v0x14e6440_0 .net *"_s92", 27 0, C4<0000000000000000000000000000>; 1 drivers
v0x14e63a0_0 .net *"_s93", 32 0, L_0x14f7230; 1 drivers
v0x14e6590_0 .net *"_s95", 32 0, L_0x14f7370; 1 drivers
v0x14e64e0_0 .net *"_s98", 27 0, C4<0000000000000000000000000000>; 1 drivers
v0x14e66f0_0 .net "a", 30 0, v0x14eb560_0; 1 drivers
v0x14e6630_0 .net "a1", 0 0, v0x14eb630_0; 1 drivers
v0x14e6860_0 .net "a2", 0 0, v0x14ebc50_0; 1 drivers
v0x14e6770_0 .net "b", 30 0, v0x14ebcd0_0; 1 drivers
v0x14e69e0_0 .net "b0", 0 0, v0x14ebd50_0; 1 drivers
v0x14e68e0_0 .net "b1", 0 0, v0x14ebe00_0; 1 drivers
v0x14e6b70_0 .net "b10", 0 0, v0x14ebec0_0; 1 drivers
v0x14e6a60_0 .net "b2", 0 0, v0x14ebf70_0; 1 drivers
v0x14e6d10_0 .net "b3", 0 0, v0x14ec040_0; 1 drivers
v0x14e6bf0_0 .net "b4", 0 0, v0x14ec0f0_0; 1 drivers
v0x14e6c90_0 .net "b5", 0 0, v0x14ec200_0; 1 drivers
v0x14e6ed0_0 .net "b6", 0 0, v0x14ec2b0_0; 1 drivers
v0x14e6f50_0 .net "b7", 0 0, v0x14ec3d0_0; 1 drivers
v0x14e6d90_0 .net "b8", 0 0, v0x14ec480_0; 1 drivers
v0x14e6e30_0 .net "b9", 0 0, v0x14ec5b0_0; 1 drivers
v0x14e7130_0 .net "c", 15 0, v0x14ec660_0; 1 drivers
v0x14e71b0_0 .net "c0", 0 0, v0x14ec500_0; 1 drivers
v0x14e6fd0_0 .net "c1", 0 0, v0x14ec7d0_0; 1 drivers
v0x14e7070_0 .net "c10", 0 0, v0x14ec6e0_0; 1 drivers
v0x14e73b0_0 .net "c2", 0 0, v0x14ec920_0; 1 drivers
v0x14e7430_0 .net "c3", 0 0, v0x14eca50_0; 1 drivers
v0x14e7250_0 .net "c4", 0 0, v0x14ecad0_0; 1 drivers
v0x14e72f0_0 .net "c5", 0 0, v0x14ec9a0_0; 1 drivers
v0x14e7650_0 .net "c6", 0 0, v0x14ecc10_0; 1 drivers
v0x14e76d0_0 .net "c7", 0 0, v0x14ecb80_0; 1 drivers
v0x14e74d0_0 .net "c8", 0 0, v0x14ecd90_0; 1 drivers
v0x14e7570_0 .net "c9", 0 0, v0x14eccc0_0; 1 drivers
v0x14e7910_0 .net "d", 15 0, v0x14ecf20_0; 1 drivers
v0x14e7990_0 .net "d0", 0 0, v0x14ece40_0; 1 drivers
v0x14e7750_0 .net "d1", 0 0, v0x14ed090_0; 1 drivers
v0x14e77f0_0 .net "d10", 0 0, v0x14ecfd0_0; 1 drivers
v0x14e7890_0 .net "d2", 0 0, v0x14ed210_0; 1 drivers
v0x14e7c10_0 .net "d3", 0 0, v0x14ed140_0; 1 drivers
v0x14e7a30_0 .net "d4", 0 0, v0x14ed3a0_0; 1 drivers
v0x14e7ad0_0 .net "d5", 0 0, v0x14ed2c0_0; 1 drivers
v0x14e7b70_0 .net "d6", 0 0, v0x14ed540_0; 1 drivers
v0x14e7eb0_0 .net "d7", 0 0, v0x14ed420_0; 1 drivers
v0x14e7cb0_0 .net "d8", 0 0, v0x14ed6f0_0; 1 drivers
v0x14e7d50_0 .net "d9", 0 0, v0x14ed5c0_0; 1 drivers
v0x14e7df0_0 .net "e", 0 0, L_0x14e75f0; 1 drivers
v0x14e8150_0 .net "e0", 0 0, v0x14ed670_0; 1 drivers
v0x14e7f50_0 .net "e1", 0 0, v0x14ed8c0_0; 1 drivers
v0x14e7ff0_0 .net "e10", 0 0, v0x14ed970_0; 1 drivers
v0x14e8090_0 .net "e2", 0 0, v0x14ed7a0_0; 1 drivers
v0x14e8410_0 .net "e3", 0 0, v0x14edb50_0; 1 drivers
v0x14e81d0_0 .net "e4", 0 0, v0x14ed9f0_0; 1 drivers
v0x14e8270_0 .net "e5", 0 0, v0x14edaa0_0; 1 drivers
v0x14e8310_0 .net "e6", 0 0, v0x14edd50_0; 1 drivers
v0x14e86f0_0 .net "e7", 0 0, v0x14eddd0_0; 1 drivers
v0x14e8490_0 .net "e8", 0 0, v0x14edc00_0; 1 drivers
v0x14e8530_0 .net "e9", 0 0, v0x14edcb0_0; 1 drivers
v0x14e85d0_0 .net "f", 0 0, L_0x14f6b00; 1 drivers
v0x14e8670_0 .net "f0", 0 0, v0x14ee020_0; 1 drivers
v0x14e8a00_0 .net "f1", 0 0, v0x14ee0d0_0; 1 drivers
v0x14e8a80_0 .net "f10", 0 0, v0x14ede80_0; 1 drivers
v0x14e8790_0 .net "f2", 0 0, v0x14edf30_0; 1 drivers
v0x14e8830_0 .net "f3", 0 0, v0x14ee310_0; 1 drivers
v0x14e88d0_0 .net "f4", 0 0, v0x14ee3c0_0; 1 drivers
v0x14e8970_0 .net "f5", 0 0, v0x14ee180_0; 1 drivers
v0x14e8de0_0 .net "f6", 0 0, v0x14ee230_0; 1 drivers
v0x14e8e80_0 .net "f7", 0 0, v0x14ee620_0; 1 drivers
v0x14e8b20_0 .net "f8", 0 0, v0x14ee6a0_0; 1 drivers
v0x14e8bc0_0 .net "f9", 0 0, v0x14ee470_0; 1 drivers
v0x14e8c60_0 .net "g", 4 0, L_0x14f6950; 1 drivers
v0x14e8d00_0 .net "g0", 0 0, v0x14ee520_0; 1 drivers
v0x14e91f0_0 .net "g1", 0 0, v0x14ee920_0; 1 drivers
v0x14e9270_0 .net "g10", 0 0, v0x14ee9a0_0; 1 drivers
v0x14e8f20_0 .net "g2", 0 0, v0x14ee750_0; 1 drivers
v0x14e8fc0_0 .net "g3", 0 0, v0x14ee800_0; 1 drivers
v0x14e9060_0 .net "g4", 0 0, v0x14eec40_0; 1 drivers
v0x14e9100_0 .net "g5", 0 0, v0x14eecc0_0; 1 drivers
v0x14e9610_0 .net "g6", 0 0, v0x14eea20_0; 1 drivers
v0x14e9690_0 .net "g7", 0 0, v0x14eead0_0; 1 drivers
v0x14e92f0_0 .net "g8", 0 0, v0x14eeb80_0; 1 drivers
v0x14e9390_0 .net "g9", 0 0, v0x14eef80_0; 1 drivers
v0x14e9430_0 .net "h", 4 0, L_0x14f6c50; 1 drivers
v0x14e94d0_0 .alias "p", 16 0, v0x14ef690_0;
v0x14e9570_0 .alias "p0", 0 0, v0x14ef370_0;
v0x14e9a60_0 .alias "p1", 0 0, v0x14ef420_0;
v0x14e9730_0 .alias "p10", 0 0, v0x14ef4d0_0;
v0x14e97d0_0 .alias "p2", 0 0, v0x14ef580_0;
v0x14e9870_0 .alias "p3", 0 0, v0x14ef9e0_0;
v0x14e9910_0 .alias "p4", 0 0, v0x14efa60_0;
v0x14e99b0_0 .alias "p5", 0 0, v0x14ef740_0;
v0x14e9e60_0 .alias "p6", 0 0, v0x14ef7f0_0;
v0x14e9b00_0 .alias "p7", 0 0, v0x14ef870_0;
v0x14e9ba0_0 .alias "p8", 0 0, v0x14ef920_0;
v0x14e9c40_0 .alias "p9", 0 0, v0x14efde0_0;
v0x14e9ce0_0 .alias "q", 16 0, v0x14efe90_0;
v0x14e9d80_0 .alias "q0", 0 0, v0x14efb10_0;
v0x14ea290_0 .alias "q1", 0 0, v0x14efbc0_0;
v0x14e9ee0_0 .alias "q10", 0 0, v0x14efc70_0;
v0x14e9f60_0 .alias "q2", 0 0, v0x14efd20_0;
v0x14ea000_0 .alias "q3", 0 0, v0x14f0240_0;
v0x14ea0a0_0 .alias "q4", 0 0, v0x14f02f0_0;
v0x14ea140_0 .alias "q5", 0 0, v0x14eff40_0;
v0x14ea1e0_0 .alias "q6", 0 0, v0x14efff0_0;
v0x14ea700_0 .alias "q7", 0 0, v0x14f00a0_0;
v0x14ea7a0_0 .alias "q8", 0 0, v0x14f0120_0;
v0x14ea310_0 .alias "q9", 0 0, v0x14f06d0_0;
v0x14ea3b0_0 .alias "r0", 0 0, v0x14f0750_0;
v0x14ea450_0 .alias "r1", 0 0, v0x14f0370_0;
v0x14ea4f0_0 .alias "r10", 0 0, v0x14f0420_0;
v0x14ea590_0 .alias "r2", 0 0, v0x14f04d0_0;
v0x14ea630_0 .alias "r3", 0 0, v0x14f0580_0;
v0x14eac50_0 .alias "r4", 0 0, v0x14f0630_0;
v0x14eacd0_0 .alias "r5", 0 0, v0x14f0b60_0;
v0x14ea820_0 .alias "r6", 0 0, v0x14f07d0_0;
v0x14ea8a0_0 .alias "r7", 0 0, v0x14f0880_0;
v0x14ea940_0 .alias "r8", 0 0, v0x14f0930_0;
v0x14ea9e0_0 .alias "r9", 0 0, v0x14f09e0_0;
v0x14eaa80_0 .alias "s0", 0 0, v0x14f0a90_0;
v0x14eab20_0 .alias "s1", 0 0, v0x14f0fa0_0;
v0x14eabc0_0 .alias "s10", 0 0, v0x14f0c10_0;
v0x14eb1c0_0 .alias "s2", 0 0, v0x14f0cc0_0;
v0x14ead50_0 .alias "s3", 0 0, v0x14f0d70_0;
v0x14eadf0_0 .alias "s4", 0 0, v0x14f0df0_0;
v0x14eae90_0 .alias "s5", 0 0, v0x14f0ea0_0;
v0x14eaf30_0 .alias "s6", 0 0, v0x14f1410_0;
v0x14eafd0_0 .alias "s7", 0 0, v0x14e8390_0;
v0x14eb070_0 .alias "s8", 0 0, v0x14e6960_0;
v0x14eb110_0 .alias "s9", 0 0, v0x14f1020_0;
v0x14eb6f0_0 .alias "x", 32 0, v0x14f10d0_0;
v0x14eb240_0 .alias "x1", 0 0, v0x14f1150_0;
v0x14eb2e0_0 .alias "x2", 0 0, v0x14f1200_0;
v0x14eb380_0 .alias "x3", 0 0, v0x14f12b0_0;
v0x14eb420_0 .alias "x4", 0 0, v0x14f1360_0;
v0x14eb4c0_0 .alias "y", 32 0, v0x14f18d0_0;
L_0x14f1950 .part L_0x14f4a60, 45, 1;
L_0x14f19f0 .part L_0x14f4a60, 44, 1;
L_0x14f1b30 .part L_0x14f4a60, 43, 1;
L_0x14f1c20 .part L_0x14f4a60, 42, 1;
L_0x14f1da0 .part L_0x14f4a60, 41, 1;
L_0x14f1e40 .part L_0x14f4a60, 40, 1;
L_0x14f1f30 .part L_0x14f4a60, 39, 1;
L_0x14f2020 .part L_0x14f4a60, 38, 1;
L_0x14f2220 .part L_0x14f4a60, 37, 1;
L_0x14f2310 .part L_0x14f4a60, 36, 1;
L_0x14f2400 .part L_0x14f4a60, 35, 1;
L_0x14f24f0 .part L_0x14f4a60, 34, 1;
L_0x14f2650 .part L_0x14f4a60, 33, 1;
L_0x14f2740 .part L_0x14f4a60, 32, 1;
L_0x14f28b0 .part L_0x14f4a60, 31, 1;
L_0x14f29a0 .part L_0x14f4a60, 30, 1;
L_0x14f2ca0 .part L_0x14f4a60, 29, 1;
L_0x14f2d40 .part L_0x14f4a60, 28, 1;
L_0x14f2ed0 .part L_0x14f4a60, 27, 1;
L_0x14f2f70 .part L_0x14f4a60, 26, 1;
L_0x14f2e30 .part L_0x14f4a60, 25, 1;
L_0x14f30c0 .part L_0x14f4a60, 24, 1;
L_0x14f3010 .part L_0x14f4a60, 23, 1;
L_0x14f3220 .part L_0x14f4a60, 22, 1;
L_0x14f3160 .part L_0x14f4a60, 21, 1;
L_0x14f33e0 .part L_0x14f4a60, 20, 1;
L_0x14f32c0 .part L_0x14f4a60, 19, 1;
L_0x14f3600 .part L_0x14f4a60, 18, 1;
L_0x14f34d0 .part L_0x14f4a60, 17, 1;
L_0x14f3830 .part L_0x14f4a60, 16, 1;
L_0x14f36f0 .part L_0x14f4a60, 15, 1;
L_0x14f3a20 .part L_0x14f4a60, 14, 1;
L_0x14f01a0 .part L_0x14f4a60, 13, 1;
L_0x14f2ba0 .part L_0x14f4a60, 12, 1;
L_0x14f3920 .part L_0x14f4a60, 11, 1;
L_0x14f2a90 .part L_0x14f4a60, 10, 1;
L_0x14f4050 .part L_0x14f4a60, 9, 1;
L_0x14f4140 .part L_0x14f4a60, 8, 1;
L_0x14f3f20 .part L_0x14f4a60, 7, 1;
L_0x14f4370 .part L_0x14f4a60, 6, 1;
L_0x14f4230 .part L_0x14f4a60, 5, 1;
L_0x14f45b0 .part L_0x14f4a60, 4, 1;
L_0x14f4460 .part L_0x14f4a60, 3, 1;
L_0x14f47b0 .part L_0x14f4a60, 2, 1;
L_0x14f4650 .part L_0x14f4a60, 1, 1;
L_0x14f49c0 .part L_0x14f4a60, 0, 1;
L_0x14f4850 .concat [ 31 3 0 0], v0x14eb560_0, C4<000>;
LS_0x14f4be0_0_0 .concat [ 1 1 1 1], v0x14ebc50_0, v0x14eb630_0, v0x14ec5b0_0, v0x14ec480_0;
LS_0x14f4be0_0_4 .concat [ 1 1 1 1], v0x14ec3d0_0, v0x14ec2b0_0, v0x14ec200_0, v0x14ec0f0_0;
LS_0x14f4be0_0_8 .concat [ 1 1 1 1], v0x14ec040_0, v0x14ebf70_0, v0x14ebe00_0, v0x14ebd50_0;
L_0x14f4be0 .concat [ 4 4 4 0], LS_0x14f4be0_0_0, LS_0x14f4be0_0_4, LS_0x14f4be0_0_8;
L_0x14f4a60 .arith/mult 46, L_0x14f4850, L_0x14f4be0;
LS_0x14f5270_0_0 .concat [ 1 1 1 1], v0x14ecfd0_0, v0x14ed5c0_0, v0x14ed6f0_0, v0x14ed420_0;
LS_0x14f5270_0_4 .concat [ 1 1 1 1], v0x14ed540_0, v0x14ed2c0_0, v0x14ed3a0_0, v0x14ed140_0;
LS_0x14f5270_0_8 .concat [ 1 1 1 1], v0x14ed210_0, v0x14ed090_0, v0x14ece40_0, v0x14ec6e0_0;
LS_0x14f5270_0_12 .concat [ 1 1 1 1], v0x14eccc0_0, v0x14ecd90_0, v0x14ecb80_0, v0x14ecc10_0;
LS_0x14f5270_0_16 .concat [ 1 1 1 1], v0x14ec9a0_0, v0x14ecad0_0, v0x14eca50_0, v0x14ec920_0;
LS_0x14f5270_0_20 .concat [ 1 1 1 1], v0x14ec7d0_0, v0x14ec500_0, v0x14ebec0_0, v0x14ec5b0_0;
LS_0x14f5270_0_24 .concat [ 1 1 1 1], v0x14ec480_0, v0x14ec3d0_0, v0x14ec2b0_0, v0x14ec200_0;
LS_0x14f5270_0_28 .concat [ 1 1 1 1], v0x14ec0f0_0, v0x14ec040_0, v0x14ebf70_0, v0x14ebe00_0;
LS_0x14f5270_0_32 .concat [ 1 1 1 0], v0x14ebd50_0, L_0x14f6b00, L_0x14e75f0;
LS_0x14f5270_1_0 .concat [ 4 4 4 4], LS_0x14f5270_0_0, LS_0x14f5270_0_4, LS_0x14f5270_0_8, LS_0x14f5270_0_12;
LS_0x14f5270_1_4 .concat [ 4 4 4 4], LS_0x14f5270_0_16, LS_0x14f5270_0_20, LS_0x14f5270_0_24, LS_0x14f5270_0_28;
LS_0x14f5270_1_8 .concat [ 3 0 0 0], LS_0x14f5270_0_32;
L_0x14f5270 .concat [ 16 16 3 0], LS_0x14f5270_1_0, LS_0x14f5270_1_4, LS_0x14f5270_1_8;
LS_0x14f50e0_0_0 .concat [ 1 1 1 1], v0x14ee9a0_0, v0x14eef80_0, v0x14eeb80_0, v0x14eead0_0;
LS_0x14f50e0_0_4 .concat [ 1 1 1 1], v0x14eea20_0, v0x14eecc0_0, v0x14eec40_0, v0x14ee800_0;
LS_0x14f50e0_0_8 .concat [ 1 1 1 1], v0x14ee750_0, v0x14ee920_0, v0x14ee520_0, v0x14ede80_0;
LS_0x14f50e0_0_12 .concat [ 1 1 1 1], v0x14ee470_0, v0x14ee6a0_0, v0x14ee620_0, v0x14ee230_0;
LS_0x14f50e0_0_16 .concat [ 1 1 1 1], v0x14ee180_0, v0x14ee3c0_0, v0x14ee310_0, v0x14edf30_0;
LS_0x14f50e0_0_20 .concat [ 1 1 1 1], v0x14ee0d0_0, v0x14ee020_0, v0x14ed970_0, v0x14edcb0_0;
LS_0x14f50e0_0_24 .concat [ 1 1 1 1], v0x14edc00_0, v0x14eddd0_0, v0x14edd50_0, v0x14edaa0_0;
LS_0x14f50e0_0_28 .concat [ 1 1 1 1], v0x14ed9f0_0, v0x14edb50_0, v0x14ed7a0_0, v0x14ed8c0_0;
LS_0x14f50e0_0_32 .concat [ 1 1 1 0], v0x14ed670_0, v0x14eb630_0, v0x14ebc50_0;
LS_0x14f50e0_1_0 .concat [ 4 4 4 4], LS_0x14f50e0_0_0, LS_0x14f50e0_0_4, LS_0x14f50e0_0_8, LS_0x14f50e0_0_12;
LS_0x14f50e0_1_4 .concat [ 4 4 4 4], LS_0x14f50e0_0_16, LS_0x14f50e0_0_20, LS_0x14f50e0_0_24, LS_0x14f50e0_0_28;
LS_0x14f50e0_1_8 .concat [ 3 0 0 0], LS_0x14f50e0_0_32;
L_0x14f50e0 .concat [ 16 16 3 0], LS_0x14f50e0_1_0, LS_0x14f50e0_1_4, LS_0x14f50e0_1_8;
L_0x14f67a0 .arith/sum 35, L_0x14f5270, L_0x14f50e0;
L_0x14f5b70 .part L_0x14f67a0, 0, 33;
L_0x14f6bb0 .concat [ 1 1 1 1], v0x14ec920_0, v0x14ec7d0_0, v0x14ec500_0, v0x14ebec0_0;
L_0x14f6950 .concat [ 4 1 0 0], L_0x14f6bb0, C4<0>;
L_0x14f6e10 .concat [ 1 1 1 1], v0x14ed7a0_0, v0x14ed8c0_0, v0x14ed670_0, v0x14eb630_0;
L_0x14f6c50 .concat [ 4 1 0 0], L_0x14f6e10, C4<0>;
L_0x14f7190 .concat [ 16 1 0 0], v0x14ec660_0, C4<0>;
L_0x14f6fc0 .arith/mult 33, L_0x14f7190, v0x14ecf20_0;
L_0x14f7410 .concat [ 5 28 0 0], L_0x14f6950, C4<0000000000000000000000000000>;
L_0x14f7230 .arith/sum 33, L_0x14f6fc0, L_0x14f7410;
L_0x14f7370 .concat [ 5 28 0 0], L_0x14f6c50, C4<0000000000000000000000000000>;
L_0x14f7500 .arith/sum 33, L_0x14f7230, L_0x14f7370;
L_0x14f78f0 .concat [ 16 1 0 0], v0x14ec660_0, C4<0>;
L_0x14f7740 .concat [ 16 1 0 0], v0x14ecf20_0, C4<0>;
L_0x14f7ba0 .arith/sum 17, L_0x14f78f0, L_0x14f7740;
L_0x14f7990 .concat [ 16 1 0 0], v0x14ec660_0, C4<0>;
L_0x14f7ac0 .concat [ 16 1 0 0], v0x14ecf20_0, C4<0>;
L_0x14f7d40 .arith/sub 17, L_0x14f7990, L_0x14f7ac0;
    .scope S_0x14b8e80;
T_0 ;
    %movi 8, 4, 32;
    %set/v v0x14ef270_0, 8, 32;
T_0.0 ;
    %load/v 8, v0x14ef270_0, 32;
   %cmpi/s 8, 16, 32;
    %or 5, 4, 1;
    %jmp/0xz T_0.1, 5;
    %movi 8, 5, 32;
    %set/v v0x14ef2f0_0, 8, 32;
T_0.2 ;
    %load/v 8, v0x14ef2f0_0, 32;
   %cmpi/s 8, 19, 32;
    %or 5, 4, 1;
    %jmp/0xz T_0.3, 5;
    %movi 8, 7, 32;
    %set/v v0x14ef000_0, 8, 32;
T_0.4 ;
    %load/v 8, v0x14ef000_0, 32;
   %cmpi/s 8, 12, 32;
    %or 5, 4, 1;
    %jmp/0xz T_0.5, 5;
    %movi 8, 9, 32;
    %set/v v0x14ef080_0, 8, 32;
T_0.6 ;
    %load/v 8, v0x14ef080_0, 32;
   %cmpi/s 8, 15, 32;
    %or 5, 4, 1;
    %jmp/0xz T_0.7, 5;
    %movi 8, 3, 32;
    %set/v v0x14ef100_0, 8, 32;
T_0.8 ;
    %load/v 8, v0x14ef100_0, 32;
   %cmpi/s 8, 21, 32;
    %or 5, 4, 1;
    %jmp/0xz T_0.9, 5;
    %movi 8, 7, 32;
    %set/v v0x14ef180_0, 8, 32;
T_0.10 ;
    %load/v 8, v0x14ef180_0, 32;
   %cmpi/s 8, 16, 32;
    %or 5, 4, 1;
    %jmp/0xz T_0.11, 5;
    %movi 8, 9, 32;
    %set/v v0x14ef610_0, 8, 32;
T_0.12 ;
    %load/v 8, v0x14ef610_0, 32;
   %cmpi/s 8, 18, 32;
    %or 5, 4, 1;
    %jmp/0xz T_0.13, 5;
    %delay 5, 0;
    %load/v 8, v0x14ef270_0, 32;
    %set/v v0x14ec3d0_0, 8, 1;
    %set/v v0x14ec2b0_0, 9, 1;
    %set/v v0x14ec200_0, 10, 1;
    %set/v v0x14ec0f0_0, 11, 1;
    %set/v v0x14ec040_0, 12, 1;
    %set/v v0x14ebf70_0, 13, 1;
    %set/v v0x14ebe00_0, 14, 1;
    %set/v v0x14ebd50_0, 15, 1;
    %set/v v0x14ebc50_0, 16, 1;
    %set/v v0x14eb630_0, 17, 1;
    %load/v 8, v0x14ef2f0_0, 32;
    %set/v v0x14ecc10_0, 8, 1;
    %set/v v0x14ec9a0_0, 9, 1;
    %set/v v0x14ecad0_0, 10, 1;
    %set/v v0x14eca50_0, 11, 1;
    %set/v v0x14ec920_0, 12, 1;
    %set/v v0x14ec7d0_0, 13, 1;
    %set/v v0x14ec500_0, 14, 1;
    %set/v v0x14ebec0_0, 15, 1;
    %set/v v0x14ec5b0_0, 16, 1;
    %set/v v0x14ec480_0, 17, 1;
    %load/v 8, v0x14ef000_0, 32;
    %set/v v0x14ed2c0_0, 8, 1;
    %set/v v0x14ed3a0_0, 9, 1;
    %set/v v0x14ed140_0, 10, 1;
    %set/v v0x14ed210_0, 11, 1;
    %set/v v0x14ed090_0, 12, 1;
    %set/v v0x14ece40_0, 13, 1;
    %set/v v0x14ec6e0_0, 14, 1;
    %set/v v0x14eccc0_0, 15, 1;
    %set/v v0x14ecd90_0, 16, 1;
    %set/v v0x14ecb80_0, 17, 1;
    %load/v 8, v0x14ef080_0, 32;
    %set/v v0x14ed9f0_0, 8, 1;
    %set/v v0x14edb50_0, 9, 1;
    %set/v v0x14ed7a0_0, 10, 1;
    %set/v v0x14ed8c0_0, 11, 1;
    %set/v v0x14ed670_0, 12, 1;
    %set/v v0x14ecfd0_0, 13, 1;
    %set/v v0x14ed5c0_0, 14, 1;
    %set/v v0x14ed6f0_0, 15, 1;
    %set/v v0x14ed420_0, 16, 1;
    %set/v v0x14ed540_0, 17, 1;
    %load/v 8, v0x14ef100_0, 32;
    %set/v v0x14ee310_0, 8, 1;
    %set/v v0x14edf30_0, 9, 1;
    %set/v v0x14ee0d0_0, 10, 1;
    %set/v v0x14ee020_0, 11, 1;
    %set/v v0x14ed970_0, 12, 1;
    %set/v v0x14edcb0_0, 13, 1;
    %set/v v0x14edc00_0, 14, 1;
    %set/v v0x14eddd0_0, 15, 1;
    %set/v v0x14edd50_0, 16, 1;
    %set/v v0x14edaa0_0, 17, 1;
    %load/v 8, v0x14ef180_0, 32;
    %set/v v0x14ee750_0, 8, 1;
    %set/v v0x14ee920_0, 9, 1;
    %set/v v0x14ee520_0, 10, 1;
    %set/v v0x14ede80_0, 11, 1;
    %set/v v0x14ee470_0, 12, 1;
    %set/v v0x14ee6a0_0, 13, 1;
    %set/v v0x14ee620_0, 14, 1;
    %set/v v0x14ee230_0, 15, 1;
    %set/v v0x14ee180_0, 16, 1;
    %set/v v0x14ee3c0_0, 17, 1;
    %load/v 8, v0x14ef610_0, 32;
    %set/v v0x14ee9a0_0, 8, 1;
    %set/v v0x14eef80_0, 9, 1;
    %set/v v0x14eeb80_0, 10, 1;
    %set/v v0x14eead0_0, 11, 1;
    %set/v v0x14eea20_0, 12, 1;
    %set/v v0x14eecc0_0, 13, 1;
    %set/v v0x14eec40_0, 14, 1;
    %set/v v0x14ee800_0, 15, 1;
    %ix/load 0, 1, 0;
    %load/vp0/s 8, v0x14ef610_0, 32;
    %set/v v0x14ef610_0, 8, 32;
    %jmp T_0.12;
T_0.13 ;
    %ix/load 0, 1, 0;
    %load/vp0/s 8, v0x14ef180_0, 32;
    %set/v v0x14ef180_0, 8, 32;
    %jmp T_0.10;
T_0.11 ;
    %ix/load 0, 1, 0;
    %load/vp0/s 8, v0x14ef100_0, 32;
    %set/v v0x14ef100_0, 8, 32;
    %jmp T_0.8;
T_0.9 ;
    %ix/load 0, 1, 0;
    %load/vp0/s 8, v0x14ef080_0, 32;
    %set/v v0x14ef080_0, 8, 32;
    %jmp T_0.6;
T_0.7 ;
    %ix/load 0, 1, 0;
    %load/vp0/s 8, v0x14ef000_0, 32;
    %set/v v0x14ef000_0, 8, 32;
    %jmp T_0.4;
T_0.5 ;
    %ix/load 0, 1, 0;
    %load/vp0/s 8, v0x14ef2f0_0, 32;
    %set/v v0x14ef2f0_0, 8, 32;
    %jmp T_0.2;
T_0.3 ;
    %ix/load 0, 1, 0;
    %load/vp0/s 8, v0x14ef270_0, 32;
    %set/v v0x14ef270_0, 8, 32;
    %jmp T_0.0;
T_0.1 ;
    %end;
    .thread T_0;
    .scope S_0x14b8e80;
T_1 ;
    %movi 8, 2, 32;
    %set/v v0x14eed40_0, 8, 32;
T_1.0 ;
    %load/v 8, v0x14eed40_0, 32;
   %cmpi/s 8, 7, 32;
    %or 5, 4, 1;
    %jmp/0xz T_1.1, 5;
    %movi 8, 1, 32;
    %set/v v0x14eedc0_0, 8, 32;
T_1.2 ;
    %load/v 8, v0x14eedc0_0, 32;
   %cmpi/s 8, 6, 32;
    %or 5, 4, 1;
    %jmp/0xz T_1.3, 5;
    %movi 8, 3, 32;
    %set/v v0x14eee40_0, 8, 32;
T_1.4 ;
    %load/v 8, v0x14eee40_0, 32;
   %cmpi/s 8, 9, 32;
    %or 5, 4, 1;
    %jmp/0xz T_1.5, 5;
    %movi 8, 4, 32;
    %set/v v0x14eeec0_0, 8, 32;
T_1.6 ;
    %load/v 8, v0x14eeec0_0, 32;
   %cmpi/s 8, 12, 32;
    %or 5, 4, 1;
    %jmp/0xz T_1.7, 5;
    %delay 5, 0;
    %load/v 8, v0x14eed40_0, 32;
    %set/v v0x14eb560_0, 8, 31;
    %load/v 8, v0x14eedc0_0, 32;
    %set/v v0x14ebcd0_0, 8, 31;
    %load/v 8, v0x14eee40_0, 32;
    %set/v v0x14ec660_0, 8, 16;
    %load/v 8, v0x14eeec0_0, 32;
    %set/v v0x14ecf20_0, 8, 16;
    %ix/load 0, 1, 0;
    %load/vp0/s 8, v0x14eeec0_0, 32;
    %set/v v0x14eeec0_0, 8, 32;
    %jmp T_1.6;
T_1.7 ;
    %ix/load 0, 1, 0;
    %load/vp0/s 8, v0x14eee40_0, 32;
    %set/v v0x14eee40_0, 8, 32;
    %jmp T_1.4;
T_1.5 ;
    %ix/load 0, 1, 0;
    %load/vp0/s 8, v0x14eedc0_0, 32;
    %set/v v0x14eedc0_0, 8, 32;
    %jmp T_1.2;
T_1.3 ;
    %ix/load 0, 1, 0;
    %load/vp0/s 8, v0x14eed40_0, 32;
    %set/v v0x14eed40_0, 8, 32;
    %jmp T_1.0;
T_1.1 ;
    %end;
    .thread T_1;
    .scope S_0x14b8e80;
T_2 ;
    %vpi_call 2 77 "$monitor", $time, " a1=%d, a2=%d, b0=%d, b1=%d, b2=%d, b3=%d, b4=%d, b5=%d, b6=%d, b7=%d, b8=%d, b9=%d, b10=%d, c0=%d, c1=%d, c2=%d, c3=%d, c4=%d, c5=%d, c6=%d, c7=%d, c8=%d, c9=%d, c10=%d, d0=%d, d1=%d, d2=%d, d3=%d, d4=%d, d5=%d, d6=%d, d7=%d, d8=%d, d9=%d, d10=%d, e0=%d, e1=%d, e2=%d, e3=%d, e4=%d, e5=%d, e6=%d, e7=%d, e8=%d, e9=%d, e10=%d, f0=%d, f1=%d, f2=%d, f3=%d, f4=%d, f5=%d, f6=%d, f7=%d, f8=%d, f9=%d, f10=%d, g0=%d, g1=%d, g2=%d, g3=%d, g4=%d, g5=%d, g6=%d, g7=%d, g8=%d, g9=%d, g10=%d, a=%d, b=%d, c=%d, d=%d, x1=%d, x2=%d, x3=%d, x4=%d, p0=%d, p1=%d, p2=%d, p3=%d, p4=%d, p5=%d, p6=%d, p7=%d, p8=%d, p9=%d, p10=%d, q0=%d, q1=%d, q2=%d, q3=%d, q4=%d, q5=%d, q6=%d, q7=%d, q8=%d, q9=%d, q10=%d, r0=%d, r1=%d, r2=%d, r3=%d, r4=%d, r5=%d, r6=%d, r7=%d, r8=%d, r9=%d, r10=%d, s0=%d, s1=%d, s2=%d, s3=%d, s4=%d, s5=%d, s6=%d, s7=%d, s8=%d, s9=%d, s10=%d, x=%d, y=%d, p=%d, q=%d,", v0x14eb630_0, v0x14ebc50_0, v0x14ebd50_0, v0x14ebe00_0, v0x14ebf70_0, v0x14ec040_0, v0x14ec0f0_0, v0x14ec200_0, v0x14ec2b0_0, v0x14ec3d0_0, v0x14ec480_0, v0x14ec5b0_0, v0x14ebec0_0, v0x14ec500_0, v0x14ec7d0_0, v0x14ec920_0, v0x14eca50_0, v0x14ecad0_0, v0x14ec9a0_0, v0x14ecc10_0, v0x14ecb80_0, v0x14ecd90_0, v0x14eccc0_0, v0x14ec6e0_0, v0x14ece40_0, v0x14ed090_0, v0x14ed210_0, v0x14ed140_0, v0x14ed3a0_0, v0x14ed2c0_0, v0x14ed540_0, v0x14ed420_0, v0x14ed6f0_0, v0x14ed5c0_0, v0x14ecfd0_0, v0x14ed670_0, v0x14ed8c0_0, v0x14ed7a0_0, v0x14edb50_0, v0x14ed9f0_0, v0x14edaa0_0, v0x14edd50_0, v0x14eddd0_0, v0x14edc00_0, v0x14edcb0_0, v0x14ed970_0, v0x14ee020_0, v0x14ee0d0_0, v0x14edf30_0, v0x14ee310_0, v0x14ee3c0_0, v0x14ee180_0, v0x14ee230_0, v0x14ee620_0, v0x14ee6a0_0, v0x14ee470_0, v0x14ede80_0, v0x14ee520_0, v0x14ee920_0, v0x14ee750_0, v0x14ee800_0, v0x14eec40_0, v0x14eecc0_0, v0x14eea20_0, v0x14eead0_0, v0x14eeb80_0, v0x14eef80_0, v0x14ee9a0_0, v0x14eb560_0, v0x14ebcd0_0, v0x14ec660_0, v0x14ecf20_0, v0x14f1150_0, v0x14f1200_0, v0x14f12b0_0, v0x14f1360_0, v0x14ef370_0, v0x14ef420_0, v0x14ef580_0, v0x14ef9e0_0, v0x14efa60_0, v0x14ef740_0, v0x14ef7f0_0, v0x14ef870_0, v0x14ef920_0, v0x14efde0_0, v0x14ef4d0_0, v0x14efb10_0, v0x14efbc0_0, v0x14efd20_0, v0x14f0240_0, v0x14f02f0_0, v0x14eff40_0, v0x14efff0_0, v0x14f00a0_0, v0x14f0120_0, v0x14f06d0_0, v0x14efc70_0, v0x14f0750_0, v0x14f0370_0, v0x14f04d0_0, v0x14f0580_0, v0x14f0630_0, v0x14f0b60_0, v0x14f07d0_0, v0x14f0880_0, v0x14f0930_0, v0x14f09e0_0, v0x14f0420_0, v0x14f0a90_0, v0x14f0fa0_0, v0x14f0cc0_0, v0x14f0d70_0, v0x14f0df0_0, v0x14f0ea0_0, v0x14f1410_0, v0x14e8390_0, v0x14e6960_0, v0x14f1020_0, v0x14f0c10_0, v0x14f10d0_0, v0x14f18d0_0, v0x14ef690_0, v0x14efe90_0;
    %end;
    .thread T_2;
    .scope S_0x14b8e80;
T_3 ;
    %delay 300, 0;
    %vpi_call 2 94 "$finish";
    %end;
    .thread T_3;
# The file index is used to find the file name in the following table.
:file_names 4;
    "N/A";
    "<interactive>";
    "testbench.v";
    "./pythonTest.v";
