#! /usr/bin/vvp
:ivl_version "0.9.7 " "(v0_9_7)";
:vpi_time_precision + 0;
:vpi_module "system";
:vpi_module "v2005_math";
:vpi_module "va_math";
S_0x1cf45d0 .scope module, "top" "top" 2 3;
 .timescale 0 0;
v0x1d302f0_0 .var "a", 16 1;
v0x1d303c0_0 .var "b", 16 1;
v0x1d30470_0 .net "carry", 0 0, L_0x1d5f1c0; 1 drivers
v0x1d30520_0 .var "cin", 0 0;
RS_0x7fb10d1b7ad8/0/0 .resolv tri, L_0x1d5d430, L_0x1d5d860, L_0x1d5df40, L_0x1d5e450;
RS_0x7fb10d1b7ad8/0/4 .resolv tri, L_0x1d60030, L_0x1d5ebb0, L_0x1d5f080, L_0x1d5fa40;
RS_0x7fb10d1b7ad8/0/8 .resolv tri, L_0x1d5ff10, L_0x1d61a30, L_0x1d60510, L_0x1d609e0;
RS_0x7fb10d1b7ad8/0/12 .resolv tri, L_0x1d612a0, L_0x1d61770, L_0x1d632e0, L_0x1d63920;
RS_0x7fb10d1b7ad8 .resolv tri, RS_0x7fb10d1b7ad8/0/0, RS_0x7fb10d1b7ad8/0/4, RS_0x7fb10d1b7ad8/0/8, RS_0x7fb10d1b7ad8/0/12;
v0x1d30600_0 .net8 "sum", 16 1, RS_0x7fb10d1b7ad8; 16 drivers
S_0x1cf46c0 .scope module, "R_0" "RCLAA" 2 10, 3 3, S_0x1cf45d0;
 .timescale 0 0;
L_0x1d309c0 .functor AND 1, L_0x1d307b0, L_0x1d308d0, C4<1>, C4<1>;
L_0x1d30b60 .functor AND 1, L_0x1d30ac0, v0x1d30520_0, C4<1>, C4<1>;
L_0x1d30c90 .functor OR 1, L_0x1d309c0, L_0x1d30b60, C4<0>, C4<0>;
L_0x1d30e30 .functor AND 1, v0x1d30520_0, L_0x1d30d90, C4<1>, C4<1>;
L_0x1d30ee0 .functor OR 1, L_0x1d30c90, L_0x1d30e30, C4<0>, C4<0>;
L_0x1d32c00 .functor AND 1, L_0x1d329a0, L_0x1d32ad0, C4<1>, C4<1>;
L_0x1d32d50 .functor AND 1, L_0x1d32cb0, v0x1d30520_0, C4<1>, C4<1>;
L_0x1d32e90 .functor OR 1, L_0x1d32c00, L_0x1d32d50, C4<0>, C4<0>;
L_0x1d33090 .functor AND 1, v0x1d30520_0, L_0x1d32f90, C4<1>, C4<1>;
L_0x1d330f0 .functor OR 1, L_0x1d32e90, L_0x1d33090, C4<0>, C4<0>;
L_0x1d33030 .functor AND 1, L_0x1d33340, L_0x1d33450, C4<1>, C4<1>;
L_0x1d33910 .functor OR 1, L_0x1d33740, L_0x1d337e0, C4<0>, C4<0>;
L_0x1d33240 .functor AND 1, L_0x1d33ab0, L_0x1d33d00, C4<1>, C4<1>;
L_0x1d33f50 .functor OR 1, L_0x1d33c60, L_0x1d34000, C4<0>, C4<0>;
L_0x1d34410 .functor AND 1, L_0x1d342a0, L_0x1d340a0, C4<1>, C4<1>;
L_0x1d33630 .functor OR 1, L_0x1d34340, L_0x1d347f0, C4<0>, C4<0>;
L_0x1d34ca0 .functor AND 1, L_0x1d34b00, L_0x1d34890, C4<1>, C4<1>;
L_0x1d34c40 .functor OR 1, L_0x1d34ba0, L_0x1d34f50, C4<0>, C4<0>;
L_0x1d35090 .functor AND 1, L_0x1d35250, L_0x1d34ff0, C4<1>, C4<1>;
L_0x1d35390 .functor OR 1, L_0x1d352f0, L_0x1d356a0, C4<0>, C4<0>;
L_0x1d33bf0 .functor AND 1, L_0x1d35940, L_0x1d33b50, C4<1>, C4<1>;
L_0x1d35c90 .functor OR 1, L_0x1d357e0, L_0x1d35bf0, C4<0>, C4<0>;
L_0x1d36000 .functor AND 1, L_0x1d361f0, L_0x1d35f60, C4<1>, C4<1>;
L_0x1d36330 .functor OR 1, L_0x1d34600, L_0x1d36290, C4<0>, C4<0>;
L_0x1d36810 .functor AND 1, L_0x1d36a40, L_0x1d36770, C4<1>, C4<1>;
L_0x1d36c20 .functor OR 1, L_0x1d36ae0, L_0x1d36b80, C4<0>, C4<0>;
L_0x1d36e30 .functor AND 1, L_0x1d37140, L_0x1d36d90, C4<1>, C4<1>;
L_0x1d37320 .functor OR 1, L_0x1d371e0, L_0x1d37280, C4<0>, C4<0>;
L_0x1d37560 .functor AND 1, L_0x1d37860, L_0x1d374c0, C4<1>, C4<1>;
L_0x1d37a40 .functor OR 1, L_0x1d37900, L_0x1d379a0, C4<0>, C4<0>;
L_0x1d37c60 .functor AND 1, L_0x1d37fa0, L_0x1d37bc0, C4<1>, C4<1>;
L_0x1d38040 .functor OR 1, L_0x1d382a0, L_0x1d38340, C4<0>, C4<0>;
L_0x1d37f40 .functor AND 1, L_0x1d38650, L_0x1d383e0, C4<1>, C4<1>;
L_0x1d386f0 .functor OR 1, L_0x1d38980, L_0x1d38a20, C4<0>, C4<0>;
L_0x1d30750 .functor AND 1, L_0x1d38d60, L_0x1d33690, C4<1>, C4<1>;
L_0x1d38ca0 .functor OR 1, L_0x1d38b60, L_0x1d38c00, C4<0>, C4<0>;
L_0x1d35a80 .functor AND 1, L_0x1d39210, L_0x1d359e0, C4<1>, C4<1>;
L_0x1d38e00 .functor OR 1, L_0x1d35df0, L_0x1d35e90, C4<0>, C4<0>;
L_0x1d39760 .functor AND 1, L_0x1d38ff0, L_0x1d396c0, C4<1>, C4<1>;
L_0x1d366a0 .functor OR 1, L_0x1d36560, L_0x1d36600, C4<0>, C4<0>;
L_0x1d3a610 .functor AND 1, L_0x1d3a4d0, L_0x1d3a570, C4<1>, C4<1>;
L_0x1d3a710 .functor OR 1, L_0x1d3a810, L_0x1d3a610, C4<0>, C4<0>;
L_0x1d3a9f0 .functor AND 1, L_0x1d3a8b0, L_0x1d3a950, C4<1>, C4<1>;
L_0x1d3aaf0 .functor OR 1, L_0x1d39ea0, L_0x1d3a9f0, C4<0>, C4<0>;
L_0x1d3aed0 .functor AND 1, L_0x1d3ad90, L_0x1d3ae30, C4<1>, C4<1>;
L_0x1d3af80 .functor OR 1, L_0x1d3b300, L_0x1d3aed0, C4<0>, C4<0>;
L_0x1d3b4e0 .functor AND 1, L_0x1d3b3a0, L_0x1d3b440, C4<1>, C4<1>;
L_0x1d3b5e0 .functor OR 1, L_0x1d3b230, L_0x1d3b4e0, C4<0>, C4<0>;
L_0x1d3b9c0 .functor AND 1, L_0x1d3b880, L_0x1d3b920, C4<1>, C4<1>;
L_0x1d3bac0 .functor OR 1, L_0x1d3b7e0, L_0x1d3b9c0, C4<0>, C4<0>;
L_0x1d3be90 .functor AND 1, L_0x1d3bd50, L_0x1d3bdf0, C4<1>, C4<1>;
L_0x1d3bf90 .functor OR 1, L_0x1d3bcb0, L_0x1d3be90, C4<0>, C4<0>;
L_0x1d3c470 .functor AND 1, L_0x1d3c330, L_0x1d3c3d0, C4<1>, C4<1>;
L_0x1d3c570 .functor OR 1, L_0x1d3c290, L_0x1d3c470, C4<0>, C4<0>;
L_0x1d3c940 .functor AND 1, L_0x1d3c800, L_0x1d3c8a0, C4<1>, C4<1>;
L_0x1d3ca40 .functor OR 1, L_0x1d3c760, L_0x1d3c940, C4<0>, C4<0>;
L_0x1d3cea0 .functor AND 1, L_0x1d3d370, L_0x1d3d410, C4<1>, C4<1>;
L_0x1d3cfa0 .functor OR 1, L_0x1d3ce00, L_0x1d3cea0, C4<0>, C4<0>;
L_0x1d3b0d0 .functor AND 1, L_0x1d3cc30, L_0x1d3d920, C4<1>, C4<1>;
L_0x1d3d4b0 .functor OR 1, L_0x1d3cb90, L_0x1d3b0d0, C4<0>, C4<0>;
L_0x1d3d890 .functor AND 1, L_0x1d3d190, L_0x1d3d230, C4<1>, C4<1>;
L_0x1d3a0e0 .functor OR 1, L_0x1d3d0f0, L_0x1d3d890, C4<0>, C4<0>;
L_0x1d3d9c0 .functor AND 1, L_0x1d3d6a0, L_0x1d3d740, C4<1>, C4<1>;
L_0x1d3dac0 .functor OR 1, L_0x1d3d600, L_0x1d3d9c0, C4<0>, C4<0>;
L_0x1d3e650 .functor AND 1, L_0x1d3a370, L_0x1d3eb20, C4<1>, C4<1>;
L_0x1d3e750 .functor OR 1, L_0x1d3a2d0, L_0x1d3e650, C4<0>, C4<0>;
L_0x1d3f0c0 .functor AND 1, L_0x1d3e9e0, L_0x1d3ea80, C4<1>, C4<1>;
L_0x1d3f1c0 .functor OR 1, L_0x1d3e940, L_0x1d3f0c0, C4<0>, C4<0>;
L_0x1d3ed00 .functor AND 1, L_0x1d3ebc0, L_0x1d3ec60, C4<1>, C4<1>;
L_0x1d3ee00 .functor OR 1, L_0x1d3c180, L_0x1d3ed00, C4<0>, C4<0>;
L_0x1d3dd50 .functor AND 1, L_0x1d3dc10, L_0x1d3dcb0, C4<1>, C4<1>;
L_0x1d3f5c0 .functor OR 1, L_0x1d3eff0, L_0x1d3dd50, C4<0>, C4<0>;
L_0x1d3fbe0 .functor AND 1, L_0x1d3faa0, L_0x1d3fb40, C4<1>, C4<1>;
L_0x1d40280 .functor OR 1, L_0x1d3fa00, L_0x1d3fbe0, C4<0>, C4<0>;
L_0x1d3fd80 .functor AND 1, L_0x1d3f850, L_0x1d3fce0, C4<1>, C4<1>;
L_0x1d3fe80 .functor OR 1, L_0x1d3f7b0, L_0x1d3fd80, C4<0>, C4<0>;
L_0x1d405b0 .functor AND 1, L_0x1d40510, L_0x1d40bc0, C4<1>, C4<1>;
L_0x1d406b0 .functor OR 1, L_0x1d40470, L_0x1d405b0, C4<0>, C4<0>;
L_0x1d40a80 .functor AND 1, L_0x1d40940, L_0x1d409e0, C4<1>, C4<1>;
L_0x1d3f8f0 .functor OR 1, L_0x1d408a0, L_0x1d40a80, C4<0>, C4<0>;
L_0x1d40c60 .functor AND 1, L_0x1d40110, L_0x1d401b0, C4<1>, C4<1>;
L_0x1d40d60 .functor OR 1, L_0x1d40070, L_0x1d40c60, C4<0>, C4<0>;
L_0x1d414f0 .functor AND 1, L_0x1d413b0, L_0x1d41450, C4<1>, C4<1>;
L_0x1d41bf0 .functor OR 1, L_0x1d41310, L_0x1d414f0, C4<0>, C4<0>;
L_0x1d415a0 .functor AND 1, L_0x1d40ff0, L_0x1d41090, C4<1>, C4<1>;
L_0x1d416a0 .functor OR 1, L_0x1d40f50, L_0x1d415a0, C4<0>, C4<0>;
L_0x1d41f20 .functor AND 1, L_0x1d41de0, L_0x1d41e80, C4<1>, C4<1>;
L_0x1d42630 .functor OR 1, L_0x1d41d40, L_0x1d41f20, C4<0>, C4<0>;
L_0x1d41fd0 .functor AND 1, L_0x1d41930, L_0x1d419d0, C4<1>, C4<1>;
L_0x1d420d0 .functor OR 1, L_0x1d41890, L_0x1d41fd0, C4<0>, C4<0>;
L_0x1d42960 .functor AND 1, L_0x1d42820, L_0x1d428c0, C4<1>, C4<1>;
L_0x1d430d0 .functor OR 1, L_0x1d42780, L_0x1d42960, C4<0>, C4<0>;
L_0x1d424a0 .functor AND 1, L_0x1d42360, L_0x1d42400, C4<1>, C4<1>;
L_0x1d42ab0 .functor OR 1, L_0x1d422c0, L_0x1d424a0, C4<0>, C4<0>;
L_0x1d43360 .functor AND 1, L_0x1d43220, L_0x1d432c0, C4<1>, C4<1>;
L_0x1d43460 .functor OR 1, L_0x1d42fa0, L_0x1d43360, C4<0>, C4<0>;
L_0x1d42e80 .functor AND 1, L_0x1d42d40, L_0x1d42de0, C4<1>, C4<1>;
L_0x1d435b0 .functor OR 1, L_0x1d42ca0, L_0x1d42e80, C4<0>, C4<0>;
L_0x1d43d60 .functor AND 1, L_0x1d43c20, L_0x1d43cc0, C4<1>, C4<1>;
L_0x1d43e60 .functor OR 1, L_0x1d43ac0, L_0x1d43d60, C4<0>, C4<0>;
L_0x1d3f4f0 .functor AND 1, L_0x1d3f3b0, L_0x1d3f450, C4<1>, C4<1>;
L_0x1d43f10 .functor OR 1, L_0x1d43930, L_0x1d3f4f0, C4<0>, C4<0>;
L_0x1d44680 .functor AND 1, L_0x1d444e0, L_0x1d44580, C4<1>, C4<1>;
L_0x1d44780 .functor OR 1, L_0x1d44440, L_0x1d44680, C4<0>, C4<0>;
L_0x1d442d0 .functor AND 1, L_0x1d44190, L_0x1d44230, C4<1>, C4<1>;
L_0x1d44dc0 .functor OR 1, L_0x1d440f0, L_0x1d442d0, C4<0>, C4<0>;
L_0x1d454f0 .functor AND 1, L_0x1d453b0, L_0x1d45450, C4<1>, C4<1>;
L_0x1d455f0 .functor OR 1, L_0x1d45310, L_0x1d454f0, C4<0>, C4<0>;
L_0x1d450f0 .functor AND 1, L_0x1d44fb0, L_0x1d45050, C4<1>, C4<1>;
L_0x1d451f0 .functor OR 1, L_0x1d44f10, L_0x1d450f0, C4<0>, C4<0>;
L_0x1d45ed0 .functor AND 1, L_0x1d45d90, L_0x1d45e30, C4<1>, C4<1>;
L_0x1d45fd0 .functor OR 1, L_0x1d45cf0, L_0x1d45ed0, C4<0>, C4<0>;
L_0x1d45ab0 .functor AND 1, L_0x1d45970, L_0x1d45a10, C4<1>, C4<1>;
L_0x1d45bb0 .functor OR 1, L_0x1d458d0, L_0x1d45ab0, C4<0>, C4<0>;
L_0x1d46990 .functor AND 1, L_0x1d46850, L_0x1d468f0, C4<1>, C4<1>;
L_0x1d46a90 .functor OR 1, L_0x1d467b0, L_0x1d46990, C4<0>, C4<0>;
L_0x1d46e60 .functor AND 1, L_0x1d46d20, L_0x1d46dc0, C4<1>, C4<1>;
L_0x1d46f60 .functor OR 1, L_0x1d46c80, L_0x1d46e60, C4<0>, C4<0>;
L_0x1d476f0 .functor AND 1, L_0x1d475b0, L_0x1d47650, C4<1>, C4<1>;
L_0x1d477f0 .functor OR 1, L_0x1d47510, L_0x1d476f0, C4<0>, C4<0>;
L_0x1d464b0 .functor AND 1, L_0x1d46370, L_0x1d46410, C4<1>, C4<1>;
L_0x1d465b0 .functor OR 1, L_0x1d479e0, L_0x1d464b0, C4<0>, C4<0>;
L_0x1d47330 .functor AND 1, L_0x1d471f0, L_0x1d47290, C4<1>, C4<1>;
L_0x1d44d50 .functor OR 1, L_0x1d47150, L_0x1d47330, C4<0>, C4<0>;
L_0x1d48600 .functor AND 1, L_0x1d484c0, L_0x1d48560, C4<1>, C4<1>;
L_0x1d48700 .functor OR 1, L_0x1d48420, L_0x1d48600, C4<0>, C4<0>;
L_0x1d44bf0 .functor AND 1, L_0x1d44ab0, L_0x1d44b50, C4<1>, C4<1>;
L_0x1d44cf0 .functor OR 1, L_0x1d44a10, L_0x1d44bf0, C4<0>, C4<0>;
L_0x1d48b00 .functor AND 1, L_0x1d491f0, L_0x1d48a60, C4<1>, C4<1>;
L_0x1d46260 .functor OR 1, L_0x1d461c0, L_0x1d48b00, C4<0>, C4<0>;
L_0x1d48fc0 .functor AND 1, L_0x1d48e80, L_0x1d48f20, C4<1>, C4<1>;
L_0x1d490c0 .functor OR 1, L_0x1d48de0, L_0x1d48fc0, C4<0>, C4<0>;
L_0x1d49a80 .functor AND 1, L_0x1d49940, L_0x1d499e0, C4<1>, C4<1>;
L_0x1d49b80 .functor OR 1, L_0x1d498a0, L_0x1d49a80, C4<0>, C4<0>;
L_0x1d49fd0 .functor AND 1, L_0x1d49e90, L_0x1d49f30, C4<1>, C4<1>;
L_0x1d4a0d0 .functor OR 1, L_0x1d49df0, L_0x1d49fd0, C4<0>, C4<0>;
L_0x1d49650 .functor AND 1, L_0x1d49510, L_0x1d495b0, C4<1>, C4<1>;
L_0x1d49750 .functor OR 1, L_0x1d49470, L_0x1d49650, C4<0>, C4<0>;
L_0x1d4a220 .functor AND 1, L_0x1d4acb0, L_0x1d4ad50, C4<1>, C4<1>;
L_0x1d4a320 .functor OR 1, L_0x1d4ac10, L_0x1d4a220, C4<0>, C4<0>;
L_0x1d4a7b0 .functor AND 1, L_0x1d4a5b0, L_0x1d4a710, C4<1>, C4<1>;
L_0x1d4a8b0 .functor OR 1, L_0x1d4a510, L_0x1d4a7b0, C4<0>, C4<0>;
L_0x1d4b3b0 .functor AND 1, L_0x1d4b270, L_0x1d4b310, C4<1>, C4<1>;
L_0x1d4b4b0 .functor OR 1, L_0x1d4aaa0, L_0x1d4b3b0, C4<0>, C4<0>;
L_0x1d4af30 .functor AND 1, L_0x1d4adf0, L_0x1d4ae90, C4<1>, C4<1>;
L_0x1d4b030 .functor OR 1, L_0x1d4bb30, L_0x1d4af30, C4<0>, C4<0>;
L_0x1d4b7e0 .functor AND 1, L_0x1d4b6a0, L_0x1d4b740, C4<1>, C4<1>;
L_0x1d4b890 .functor OR 1, L_0x1d4b600, L_0x1d4b7e0, C4<0>, C4<0>;
L_0x1d4c260 .functor AND 1, L_0x1d4c120, L_0x1d4c1c0, C4<1>, C4<1>;
L_0x1d4c360 .functor OR 1, L_0x1d4c080, L_0x1d4c260, C4<0>, C4<0>;
L_0x1d4bdb0 .functor AND 1, L_0x1d4bc70, L_0x1d4bd10, C4<1>, C4<1>;
L_0x1d4beb0 .functor OR 1, L_0x1d4bbd0, L_0x1d4bdb0, C4<0>, C4<0>;
L_0x1d4c730 .functor AND 1, L_0x1d4c5f0, L_0x1d4c690, C4<1>, C4<1>;
L_0x1d4c830 .functor OR 1, L_0x1d4c550, L_0x1d4c730, C4<0>, C4<0>;
L_0x1d4d170 .functor AND 1, L_0x1d4d030, L_0x1d4d0d0, C4<1>, C4<1>;
L_0x1d4d270 .functor OR 1, L_0x1d4cf90, L_0x1d4d170, C4<0>, C4<0>;
L_0x1d4cd80 .functor AND 1, L_0x1d4cc40, L_0x1d4cce0, C4<1>, C4<1>;
L_0x1d4ce80 .functor OR 1, L_0x1d4cba0, L_0x1d4cd80, C4<0>, C4<0>;
L_0x1d4d5a0 .functor AND 1, L_0x1d4d460, L_0x1d4d500, C4<1>, C4<1>;
L_0x1d4d650 .functor OR 1, L_0x1d4d3c0, L_0x1d4d5a0, C4<0>, C4<0>;
L_0x1d4e120 .functor AND 1, L_0x1d4dfe0, L_0x1d4e080, C4<1>, C4<1>;
L_0x1d4e1d0 .functor OR 1, L_0x1d4df40, L_0x1d4e120, C4<0>, C4<0>;
L_0x1d4db80 .functor AND 1, L_0x1d4da40, L_0x1d4dae0, C4<1>, C4<1>;
L_0x1d4dc80 .functor OR 1, L_0x1d4d9a0, L_0x1d4db80, C4<0>, C4<0>;
L_0x1d4ef70 .functor AND 1, L_0x1d4ee30, L_0x1d4eed0, C4<1>, C4<1>;
L_0x1d4f070 .functor OR 1, L_0x1d4ed90, L_0x1d4ef70, C4<0>, C4<0>;
L_0x1d4e9a0 .functor AND 1, L_0x1d4e860, L_0x1d4e900, C4<1>, C4<1>;
L_0x1d4eaa0 .functor OR 1, L_0x1d4f7a0, L_0x1d4e9a0, C4<0>, C4<0>;
L_0x1d4ed30 .functor AND 1, L_0x1d4ec90, L_0x1d4f2d0, C4<1>, C4<1>;
L_0x1d4f410 .functor OR 1, L_0x1d4de70, L_0x1d4ed30, C4<0>, C4<0>;
L_0x1d4f6a0 .functor AND 1, L_0x1d4fda0, L_0x1d4fe40, C4<1>, C4<1>;
L_0x1d4ff80 .functor OR 1, L_0x1d4f600, L_0x1d4f6a0, C4<0>, C4<0>;
L_0x1d4d840 .functor AND 1, L_0x1d50780, L_0x1d50820, C4<1>, C4<1>;
L_0x1d4e3c0 .functor OR 1, L_0x1d506e0, L_0x1d4d840, C4<0>, C4<0>;
L_0x1d4fbb0 .functor AND 1, L_0x1d4fa70, L_0x1d4fb10, C4<1>, C4<1>;
L_0x1d4fcb0 .functor OR 1, L_0x1d4f9d0, L_0x1d4fbb0, C4<0>, C4<0>;
L_0x1d503f0 .functor AND 1, L_0x1d502b0, L_0x1d50350, C4<1>, C4<1>;
L_0x1d504f0 .functor OR 1, L_0x1d50210, L_0x1d503f0, C4<0>, C4<0>;
L_0x1d51940 .functor AND 1, L_0x1d51800, L_0x1d518a0, C4<1>, C4<1>;
L_0x1d4e420 .functor OR 1, L_0x1d50f50, L_0x1d51940, C4<0>, C4<0>;
L_0x1d4e7f0 .functor AND 1, L_0x1d4e6b0, L_0x1d4e750, C4<1>, C4<1>;
L_0x1d509b0 .functor OR 1, L_0x1d4e610, L_0x1d4e7f0, C4<0>, C4<0>;
L_0x1d50d80 .functor AND 1, L_0x1d50c40, L_0x1d50ce0, C4<1>, C4<1>;
L_0x1d52000 .functor OR 1, L_0x1d50ba0, L_0x1d50d80, C4<0>, C4<0>;
L_0x1d52b10 .functor AND 1, L_0x1d529d0, L_0x1d52a70, C4<1>, C4<1>;
L_0x1d4f260 .functor OR 1, L_0x1d4f1c0, L_0x1d52b10, C4<0>, C4<0>;
L_0x1d51db0 .functor AND 1, L_0x1d51c70, L_0x1d51d10, C4<1>, C4<1>;
L_0x1d51eb0 .functor OR 1, L_0x1d51bd0, L_0x1d51db0, C4<0>, C4<0>;
L_0x1d523d0 .functor AND 1, L_0x1d52290, L_0x1d52330, C4<1>, C4<1>;
L_0x1d524d0 .functor OR 1, L_0x1d521f0, L_0x1d523d0, C4<0>, C4<0>;
L_0x1d526c0 .functor AND 1, L_0x1d532b0, L_0x1d53350, C4<1>, C4<1>;
L_0x1d53490 .functor OR 1, L_0x1d53210, L_0x1d526c0, C4<0>, C4<0>;
L_0x1d52c10 .functor AND 1, L_0x1d53d30, L_0x1d53dd0, C4<1>, C4<1>;
L_0x1d52d10 .functor OR 1, L_0x1d53c90, L_0x1d52c10, C4<0>, C4<0>;
L_0x1d530e0 .functor AND 1, L_0x1d52fa0, L_0x1d53040, C4<1>, C4<1>;
L_0x1d535e0 .functor OR 1, L_0x1d52f00, L_0x1d530e0, C4<0>, C4<0>;
L_0x1d539b0 .functor AND 1, L_0x1d53870, L_0x1d53910, C4<1>, C4<1>;
L_0x1d53ab0 .functor OR 1, L_0x1d537d0, L_0x1d539b0, C4<0>, C4<0>;
L_0x1d540f0 .functor AND 1, L_0x1d53fb0, L_0x1d54050, C4<1>, C4<1>;
L_0x1d541f0 .functor OR 1, L_0x1d53f10, L_0x1d540f0, C4<0>, C4<0>;
L_0x1d54c80 .functor AND 1, L_0x1d54b40, L_0x1d54be0, C4<1>, C4<1>;
L_0x1d54d80 .functor OR 1, L_0x1d543e0, L_0x1d54c80, C4<0>, C4<0>;
L_0x1d55150 .functor AND 1, L_0x1d55010, L_0x1d550b0, C4<1>, C4<1>;
L_0x1d55250 .functor OR 1, L_0x1d54f70, L_0x1d55150, C4<0>, C4<0>;
L_0x1d54900 .functor AND 1, L_0x1d547c0, L_0x1d54860, C4<1>, C4<1>;
L_0x1d54a00 .functor OR 1, L_0x1d54720, L_0x1d54900, C4<0>, C4<0>;
L_0x1d527c0 .functor AND 1, L_0x1d56220, L_0x1d562c0, C4<1>, C4<1>;
L_0x1d528c0 .functor OR 1, L_0x1d56180, L_0x1d527c0, C4<0>, C4<0>;
L_0x1d566c0 .functor AND 1, L_0x1d56580, L_0x1d56620, C4<1>, C4<1>;
L_0x1d56770 .functor OR 1, L_0x1d564e0, L_0x1d566c0, C4<0>, C4<0>;
L_0x1d13920 .functor AND 1, L_0x1d558f0, L_0x1d55a60, C4<1>, C4<1>;
L_0x1d55ba0 .functor OR 1, L_0x1d55850, L_0x1d13920, C4<0>, C4<0>;
L_0x1d55f70 .functor AND 1, L_0x1d55e30, L_0x1d55ed0, C4<1>, C4<1>;
L_0x1d56070 .functor OR 1, L_0x1d55d90, L_0x1d55f70, C4<0>, C4<0>;
L_0x1d57950 .functor AND 1, L_0x1d57810, L_0x1d578b0, C4<1>, C4<1>;
L_0x1d56910 .functor OR 1, L_0x1d57770, L_0x1d57950, C4<0>, C4<0>;
L_0x1d56df0 .functor AND 1, L_0x1d56cb0, L_0x1d56d50, C4<1>, C4<1>;
L_0x1d17cb0 .functor OR 1, L_0x1d56c10, L_0x1d56df0, C4<0>, C4<0>;
L_0x1d572e0 .functor AND 1, L_0x1d571a0, L_0x1d57240, C4<1>, C4<1>;
L_0x1d573e0 .functor OR 1, L_0x1d57100, L_0x1d572e0, C4<0>, C4<0>;
L_0x1d57670 .functor AND 1, L_0x1d580f0, L_0x1d58190, C4<1>, C4<1>;
L_0x1d582d0 .functor OR 1, L_0x1d575d0, L_0x1d57670, C4<0>, C4<0>;
L_0x1d58da0 .functor AND 1, L_0x1d58c60, L_0x1d58d00, C4<1>, C4<1>;
L_0x1d58ea0 .functor OR 1, L_0x1d58bc0, L_0x1d58da0, C4<0>, C4<0>;
L_0x1d57cd0 .functor AND 1, L_0x1d57b90, L_0x1d57c30, C4<1>, C4<1>;
L_0x1d57dd0 .functor OR 1, L_0x1d57af0, L_0x1d57cd0, C4<0>, C4<0>;
L_0x1d58560 .functor AND 1, L_0x1d58420, L_0x1d584c0, C4<1>, C4<1>;
L_0x1d58660 .functor OR 1, L_0x1d57fc0, L_0x1d58560, C4<0>, C4<0>;
L_0x1d58a30 .functor AND 1, L_0x1d588f0, L_0x1d58990, C4<1>, C4<1>;
L_0x1d553a0 .functor OR 1, L_0x1d58850, L_0x1d58a30, C4<0>, C4<0>;
L_0x1d58f60 .functor AND 1, L_0x1d55630, L_0x1d556d0, C4<1>, C4<1>;
L_0x1d59060 .functor OR 1, L_0x1d55590, L_0x1d58f60, C4<0>, C4<0>;
L_0x1d595a0 .functor AND 1, L_0x1d59460, L_0x1d59500, C4<1>, C4<1>;
L_0x1d5a5f0 .functor OR 1, L_0x1d56b00, L_0x1d595a0, C4<0>, C4<0>;
L_0x1d5a120 .functor AND 1, L_0x1d59fe0, L_0x1d5a080, C4<1>, C4<1>;
L_0x1d5a220 .functor OR 1, L_0x1d59f40, L_0x1d5a120, C4<0>, C4<0>;
L_0x1d5a550 .functor AND 1, L_0x1d5a410, L_0x1d5a4b0, C4<1>, C4<1>;
L_0x1d5b1d0 .functor AND 1, L_0x1d5b090, L_0x1d5b130, C4<1>, C4<1>;
L_0x1d5a7e0 .functor AND 1, L_0x1d5bb40, L_0x1d5a740, C4<1>, C4<1>;
L_0x1d5aba0 .functor AND 1, L_0x1d5aa60, L_0x1d5ab00, C4<1>, C4<1>;
L_0x1d5b320 .functor AND 1, L_0x1d5ad40, L_0x1d5ade0, C4<1>, C4<1>;
L_0x1d5b650 .functor AND 1, L_0x1d5b510, L_0x1d5b5b0, C4<1>, C4<1>;
L_0x1d5b980 .functor AND 1, L_0x1d5b840, L_0x1d5b8e0, C4<1>, C4<1>;
L_0x1d592f0 .functor AND 1, L_0x1d5c590, L_0x1d59250, C4<1>, C4<1>;
L_0x1d5d330 .functor AND 1, L_0x1d5d290, L_0x1d5bbf0, C4<1>, C4<1>;
L_0x1d5bf60 .functor AND 1, L_0x1d5be20, L_0x1d5bec0, C4<1>, C4<1>;
L_0x1d5c290 .functor AND 1, L_0x1d5c150, L_0x1d5c1f0, C4<1>, C4<1>;
L_0x1d5cc20 .functor AND 1, L_0x1d5cae0, L_0x1d5cb80, C4<1>, C4<1>;
L_0x1d5cf50 .functor AND 1, L_0x1d5ce10, L_0x1d5ceb0, C4<1>, C4<1>;
L_0x1d5dc00 .functor AND 1, L_0x1d5d140, L_0x1d5db60, C4<1>, C4<1>;
L_0x1d5e710 .functor AND 1, L_0x1d5e5d0, L_0x1d5e670, C4<1>, C4<1>;
L_0x1d5c520 .functor AND 1, L_0x1d5eb10, L_0x1d5c480, C4<1>, C4<1>;
L_0x1d5d660 .functor XOR 1, L_0x1d5d520, L_0x1d5d5c0, C4<0>, C4<0>;
L_0x1d5d760 .functor XOR 1, L_0x1d5d660, v0x1d30520_0, C4<0>, C4<0>;
L_0x1d5da40 .functor XOR 1, L_0x1d5d900, L_0x1d5d9a0, C4<0>, C4<0>;
L_0x1d5ddf0 .functor XOR 1, L_0x1d5da40, L_0x1d5dd50, C4<0>, C4<0>;
L_0x1d5e1b0 .functor XOR 1, L_0x1d5e070, L_0x1d5e110, C4<0>, C4<0>;
L_0x1d5e300 .functor XOR 1, L_0x1d5e1b0, L_0x1d5e260, C4<0>, C4<0>;
L_0x1d5f510 .functor XOR 1, L_0x1d5f3d0, L_0x1d5f470, C4<0>, C4<0>;
L_0x1d5f6b0 .functor XOR 1, L_0x1d5f510, L_0x1d5f610, C4<0>, C4<0>;
L_0x1d60210 .functor XOR 1, L_0x1d600d0, L_0x1d60170, C4<0>, C4<0>;
L_0x1d603b0 .functor XOR 1, L_0x1d60210, L_0x1d60310, C4<0>, C4<0>;
L_0x1d5ed90 .functor XOR 1, L_0x1d5ec50, L_0x1d5ecf0, C4<0>, C4<0>;
L_0x1d5ef30 .functor XOR 1, L_0x1d5ed90, L_0x1d5ee90, C4<0>, C4<0>;
L_0x1d5f370 .functor XOR 1, L_0x1d5f230, L_0x1d5f2d0, C4<0>, C4<0>;
L_0x1d5f8f0 .functor XOR 1, L_0x1d5f370, L_0x1d5f850, C4<0>, C4<0>;
L_0x1d5fc20 .functor XOR 1, L_0x1d5fae0, L_0x1d5fb80, C4<0>, C4<0>;
L_0x1d5fdc0 .functor XOR 1, L_0x1d5fc20, L_0x1d5fd20, C4<0>, C4<0>;
L_0x1d60ec0 .functor XOR 1, L_0x1d60d80, L_0x1d60e20, C4<0>, C4<0>;
L_0x1d61060 .functor XOR 1, L_0x1d60ec0, L_0x1d60fc0, C4<0>, C4<0>;
L_0x1d61c10 .functor XOR 1, L_0x1d61ad0, L_0x1d61b70, C4<0>, C4<0>;
L_0x1d61db0 .functor XOR 1, L_0x1d61c10, L_0x1d61d10, C4<0>, C4<0>;
L_0x1d606f0 .functor XOR 1, L_0x1d605b0, L_0x1d60650, C4<0>, C4<0>;
L_0x1d60890 .functor XOR 1, L_0x1d606f0, L_0x1d607f0, C4<0>, C4<0>;
L_0x1d60bc0 .functor XOR 1, L_0x1d60a80, L_0x1d60b20, C4<0>, C4<0>;
L_0x1d5ffb0 .functor XOR 1, L_0x1d60bc0, L_0x1d60cc0, C4<0>, C4<0>;
L_0x1d61480 .functor XOR 1, L_0x1d61340, L_0x1d613e0, C4<0>, C4<0>;
L_0x1d61620 .functor XOR 1, L_0x1d61480, L_0x1d61580, C4<0>, C4<0>;
L_0x1d61950 .functor XOR 1, L_0x1d61810, L_0x1d618b0, C4<0>, C4<0>;
L_0x1d628c0 .functor XOR 1, L_0x1d61950, L_0x1d62820, C4<0>, C4<0>;
L_0x1d63630 .functor XOR 1, L_0x1d5f120, L_0x1d63590, C4<0>, C4<0>;
L_0x1d637d0 .functor XOR 1, L_0x1d63630, L_0x1d63730, C4<0>, C4<0>;
L_0x1d63b00 .functor XOR 1, L_0x1d639c0, L_0x1d63a60, C4<0>, C4<0>;
L_0x1d63ca0 .functor XOR 1, L_0x1d63b00, L_0x1d63c00, C4<0>, C4<0>;
L_0x1d5f1c0 .functor XOR 1, C4<0>, L_0x1d61f10, C4<0>, C4<0>;
v0x1bed690_0 .net *"_s10", 0 0, L_0x1d30b60; 1 drivers
v0x1d13300_0 .net *"_s1003", 0 0, L_0x1d4d3c0; 1 drivers
v0x1d133a0_0 .net *"_s1005", 0 0, L_0x1d4d460; 1 drivers
v0x1d13440_0 .net *"_s1007", 0 0, L_0x1d4d500; 1 drivers
v0x1d134f0_0 .net *"_s1008", 0 0, L_0x1d4d5a0; 1 drivers
v0x1d13590_0 .net *"_s101", 0 0, L_0x1d34f50; 1 drivers
v0x1d13670_0 .net *"_s1010", 0 0, L_0x1d4d650; 1 drivers
v0x1d13710_0 .net *"_s1015", 0 0, L_0x1d4df40; 1 drivers
v0x1d13800_0 .net *"_s1017", 0 0, L_0x1d4dfe0; 1 drivers
v0x1d138a0_0 .net *"_s1019", 0 0, L_0x1d4e080; 1 drivers
v0x1d139a0_0 .net *"_s102", 0 0, L_0x1d34c40; 1 drivers
v0x1d13a40_0 .net *"_s1020", 0 0, L_0x1d4e120; 1 drivers
v0x1d13b50_0 .net *"_s1022", 0 0, L_0x1d4e1d0; 1 drivers
v0x1d13bf0_0 .net *"_s1027", 0 0, L_0x1d4d9a0; 1 drivers
v0x1d13d10_0 .net *"_s1029", 0 0, L_0x1d4da40; 1 drivers
v0x1d13db0_0 .net *"_s1031", 0 0, L_0x1d4dae0; 1 drivers
v0x1d13c70_0 .net *"_s1032", 0 0, L_0x1d4db80; 1 drivers
v0x1d13f00_0 .net *"_s1034", 0 0, L_0x1d4dc80; 1 drivers
v0x1d14020_0 .net *"_s1039", 0 0, L_0x1d4ed90; 1 drivers
v0x1d140a0_0 .net *"_s1041", 0 0, L_0x1d4ee30; 1 drivers
v0x1d13f80_0 .net *"_s1043", 0 0, L_0x1d4eed0; 1 drivers
v0x1d141d0_0 .net *"_s1044", 0 0, L_0x1d4ef70; 1 drivers
v0x1d14120_0 .net *"_s1046", 0 0, L_0x1d4f070; 1 drivers
v0x1d14310_0 .net *"_s1051", 0 0, L_0x1d4f7a0; 1 drivers
v0x1d14270_0 .net *"_s1053", 0 0, L_0x1d4e860; 1 drivers
v0x1d14460_0 .net *"_s1055", 0 0, L_0x1d4e900; 1 drivers
v0x1d143b0_0 .net *"_s1056", 0 0, L_0x1d4e9a0; 1 drivers
v0x1d145c0_0 .net *"_s1058", 0 0, L_0x1d4eaa0; 1 drivers
v0x1d14500_0 .net *"_s1063", 0 0, L_0x1d4de70; 1 drivers
v0x1d14730_0 .net *"_s1065", 0 0, L_0x1d4ec90; 1 drivers
v0x1d14640_0 .net *"_s1067", 0 0, L_0x1d4f2d0; 1 drivers
v0x1d148b0_0 .net *"_s1068", 0 0, L_0x1d4ed30; 1 drivers
v0x1d147b0_0 .net *"_s107", 0 0, L_0x1d35250; 1 drivers
v0x1d14a40_0 .net *"_s1070", 0 0, L_0x1d4f410; 1 drivers
v0x1d14930_0 .net *"_s1075", 0 0, L_0x1d4f600; 1 drivers
v0x1d14be0_0 .net *"_s1077", 0 0, L_0x1d4fda0; 1 drivers
v0x1d14ac0_0 .net *"_s1079", 0 0, L_0x1d4fe40; 1 drivers
v0x1d14b60_0 .net *"_s1080", 0 0, L_0x1d4f6a0; 1 drivers
v0x1d14da0_0 .net *"_s1082", 0 0, L_0x1d4ff80; 1 drivers
v0x1d14e20_0 .net *"_s1087", 0 0, L_0x1d506e0; 1 drivers
v0x1d14c60_0 .net *"_s1089", 0 0, L_0x1d50780; 1 drivers
v0x1d14d00_0 .net *"_s109", 0 0, L_0x1d34ff0; 1 drivers
v0x1d15000_0 .net *"_s1091", 0 0, L_0x1d50820; 1 drivers
v0x1d15080_0 .net *"_s1092", 0 0, L_0x1d4d840; 1 drivers
v0x1d14ea0_0 .net *"_s1094", 0 0, L_0x1d4e3c0; 1 drivers
v0x1d14f40_0 .net *"_s1099", 0 0, L_0x1d4f9d0; 1 drivers
v0x1d15280_0 .net *"_s110", 0 0, L_0x1d35090; 1 drivers
v0x1d15300_0 .net *"_s1101", 0 0, L_0x1d4fa70; 1 drivers
v0x1d15120_0 .net *"_s1103", 0 0, L_0x1d4fb10; 1 drivers
v0x1d151c0_0 .net *"_s1104", 0 0, L_0x1d4fbb0; 1 drivers
v0x1d15520_0 .net *"_s1106", 0 0, L_0x1d4fcb0; 1 drivers
v0x1d155a0_0 .net *"_s1111", 0 0, L_0x1d50210; 1 drivers
v0x1d153a0_0 .net *"_s1113", 0 0, L_0x1d502b0; 1 drivers
v0x1d15440_0 .net *"_s1115", 0 0, L_0x1d50350; 1 drivers
v0x1d157e0_0 .net *"_s1116", 0 0, L_0x1d503f0; 1 drivers
v0x1d15860_0 .net *"_s1118", 0 0, L_0x1d504f0; 1 drivers
v0x1d15620_0 .net *"_s1123", 0 0, L_0x1d50f50; 1 drivers
v0x1d156c0_0 .net *"_s1125", 0 0, L_0x1d51800; 1 drivers
v0x1d15760_0 .net *"_s1127", 0 0, L_0x1d518a0; 1 drivers
v0x1d15ae0_0 .net *"_s1128", 0 0, L_0x1d51940; 1 drivers
v0x1d15900_0 .net *"_s1130", 0 0, L_0x1d4e420; 1 drivers
v0x1d159a0_0 .net *"_s1135", 0 0, L_0x1d4e610; 1 drivers
v0x1d15a40_0 .net *"_s1137", 0 0, L_0x1d4e6b0; 1 drivers
v0x1d15d80_0 .net *"_s1139", 0 0, L_0x1d4e750; 1 drivers
v0x1d15b80_0 .net *"_s1140", 0 0, L_0x1d4e7f0; 1 drivers
v0x1d15c20_0 .net *"_s1142", 0 0, L_0x1d509b0; 1 drivers
v0x1d15cc0_0 .net *"_s1147", 0 0, L_0x1d50ba0; 1 drivers
v0x1d16020_0 .net *"_s1149", 0 0, L_0x1d50c40; 1 drivers
v0x1d15e20_0 .net *"_s115", 0 0, L_0x1d352f0; 1 drivers
v0x1d15ec0_0 .net *"_s1151", 0 0, L_0x1d50ce0; 1 drivers
v0x1d15f60_0 .net *"_s1152", 0 0, L_0x1d50d80; 1 drivers
v0x1d162e0_0 .net *"_s1154", 0 0, L_0x1d52000; 1 drivers
v0x1d160a0_0 .net *"_s1159", 0 0, L_0x1d4f1c0; 1 drivers
v0x1d16140_0 .net *"_s1161", 0 0, L_0x1d529d0; 1 drivers
v0x1d161e0_0 .net *"_s1163", 0 0, L_0x1d52a70; 1 drivers
v0x1d165c0_0 .net *"_s1164", 0 0, L_0x1d52b10; 1 drivers
v0x1d16360_0 .net *"_s1166", 0 0, L_0x1d4f260; 1 drivers
v0x1d16400_0 .net *"_s117", 0 0, L_0x1d356a0; 1 drivers
v0x1d164a0_0 .net *"_s1171", 0 0, L_0x1d51bd0; 1 drivers
v0x1d16540_0 .net *"_s1173", 0 0, L_0x1d51c70; 1 drivers
v0x1d168d0_0 .net *"_s1175", 0 0, L_0x1d51d10; 1 drivers
v0x1d16950_0 .net *"_s1176", 0 0, L_0x1d51db0; 1 drivers
v0x1d16660_0 .net *"_s1178", 0 0, L_0x1d51eb0; 1 drivers
v0x1d16700_0 .net *"_s118", 0 0, L_0x1d35390; 1 drivers
v0x1d167a0_0 .net *"_s1183", 0 0, L_0x1d521f0; 1 drivers
v0x1d16840_0 .net *"_s1185", 0 0, L_0x1d52290; 1 drivers
v0x1d16cb0_0 .net *"_s1187", 0 0, L_0x1d52330; 1 drivers
v0x1d16d50_0 .net *"_s1188", 0 0, L_0x1d523d0; 1 drivers
v0x1d169f0_0 .net *"_s1190", 0 0, L_0x1d524d0; 1 drivers
v0x1d16a90_0 .net *"_s1195", 0 0, L_0x1d53210; 1 drivers
v0x1d16b30_0 .net *"_s1197", 0 0, L_0x1d532b0; 1 drivers
v0x1d16bd0_0 .net *"_s1199", 0 0, L_0x1d53350; 1 drivers
v0x1d170c0_0 .net *"_s12", 0 0, L_0x1d30c90; 1 drivers
v0x1d17140_0 .net *"_s1200", 0 0, L_0x1d526c0; 1 drivers
v0x1d16df0_0 .net *"_s1202", 0 0, L_0x1d53490; 1 drivers
v0x1d16e90_0 .net *"_s1207", 0 0, L_0x1d53c90; 1 drivers
v0x1d16f30_0 .net *"_s1209", 0 0, L_0x1d53d30; 1 drivers
v0x1d16fd0_0 .net *"_s1211", 0 0, L_0x1d53dd0; 1 drivers
v0x1d174e0_0 .net *"_s1212", 0 0, L_0x1d52c10; 1 drivers
v0x1d17560_0 .net *"_s1214", 0 0, L_0x1d52d10; 1 drivers
v0x1d171c0_0 .net *"_s1219", 0 0, L_0x1d52f00; 1 drivers
v0x1d17260_0 .net *"_s1221", 0 0, L_0x1d52fa0; 1 drivers
v0x1d17300_0 .net *"_s1223", 0 0, L_0x1d53040; 1 drivers
v0x1d173a0_0 .net *"_s1224", 0 0, L_0x1d530e0; 1 drivers
v0x1d17440_0 .net *"_s1226", 0 0, L_0x1d535e0; 1 drivers
v0x1d17930_0 .net *"_s123", 0 0, L_0x1d35940; 1 drivers
v0x1d17600_0 .net *"_s1231", 0 0, L_0x1d537d0; 1 drivers
v0x1d176a0_0 .net *"_s1233", 0 0, L_0x1d53870; 1 drivers
v0x1d17740_0 .net *"_s1235", 0 0, L_0x1d53910; 1 drivers
v0x1d177e0_0 .net *"_s1236", 0 0, L_0x1d539b0; 1 drivers
v0x1d17880_0 .net *"_s1238", 0 0, L_0x1d53ab0; 1 drivers
v0x1d17d30_0 .net *"_s1243", 0 0, L_0x1d53f10; 1 drivers
v0x1d179b0_0 .net *"_s1245", 0 0, L_0x1d53fb0; 1 drivers
v0x1d17a50_0 .net *"_s1247", 0 0, L_0x1d54050; 1 drivers
v0x1d17af0_0 .net *"_s1248", 0 0, L_0x1d540f0; 1 drivers
v0x1d17b90_0 .net *"_s125", 0 0, L_0x1d33b50; 1 drivers
v0x1d17c30_0 .net *"_s1250", 0 0, L_0x1d541f0; 1 drivers
v0x1d18160_0 .net *"_s1255", 0 0, L_0x1d543e0; 1 drivers
v0x1d17db0_0 .net *"_s1257", 0 0, L_0x1d54b40; 1 drivers
v0x1d17e30_0 .net *"_s1259", 0 0, L_0x1d54be0; 1 drivers
v0x1d17ed0_0 .net *"_s126", 0 0, L_0x1d33bf0; 1 drivers
v0x1d17f70_0 .net *"_s1260", 0 0, L_0x1d54c80; 1 drivers
v0x1d18010_0 .net *"_s1262", 0 0, L_0x1d54d80; 1 drivers
v0x1d180b0_0 .net *"_s1267", 0 0, L_0x1d54f70; 1 drivers
v0x1d185d0_0 .net *"_s1269", 0 0, L_0x1d55010; 1 drivers
v0x1d18650_0 .net *"_s1271", 0 0, L_0x1d550b0; 1 drivers
v0x1d181e0_0 .net *"_s1272", 0 0, L_0x1d55150; 1 drivers
v0x1d18280_0 .net *"_s1274", 0 0, L_0x1d55250; 1 drivers
v0x1d18320_0 .net *"_s1279", 15 0, L_0x1d54590; 1 drivers
v0x1d183c0_0 .net *"_s1283", 0 0, L_0x1d54720; 1 drivers
v0x1d18460_0 .net *"_s1285", 0 0, L_0x1d547c0; 1 drivers
v0x1d18500_0 .net *"_s1287", 0 0, L_0x1d54860; 1 drivers
v0x1d18b00_0 .net *"_s1288", 0 0, L_0x1d54900; 1 drivers
v0x1d18b80_0 .net *"_s1290", 0 0, L_0x1d54a00; 1 drivers
v0x1d186d0_0 .net *"_s1295", 0 0, L_0x1d56180; 1 drivers
v0x1d18770_0 .net *"_s1297", 0 0, L_0x1d56220; 1 drivers
v0x1d18810_0 .net *"_s1299", 0 0, L_0x1d562c0; 1 drivers
v0x1d188b0_0 .net *"_s1300", 0 0, L_0x1d527c0; 1 drivers
v0x1d18950_0 .net *"_s1302", 0 0, L_0x1d528c0; 1 drivers
v0x1d189f0_0 .net *"_s1307", 0 0, L_0x1d564e0; 1 drivers
v0x1d19070_0 .net *"_s1309", 0 0, L_0x1d56580; 1 drivers
v0x1d190f0_0 .net *"_s131", 0 0, L_0x1d357e0; 1 drivers
v0x1d18c00_0 .net *"_s1311", 0 0, L_0x1d56620; 1 drivers
v0x1d18ca0_0 .net *"_s1312", 0 0, L_0x1d566c0; 1 drivers
v0x1d18d40_0 .net *"_s1314", 0 0, L_0x1d56770; 1 drivers
v0x1d18de0_0 .net *"_s1319", 0 0, L_0x1d55850; 1 drivers
v0x1d18e80_0 .net *"_s1321", 0 0, L_0x1d558f0; 1 drivers
v0x1d18f20_0 .net *"_s1323", 0 0, L_0x1d55a60; 1 drivers
v0x1d18fc0_0 .net *"_s1324", 0 0, L_0x1d13920; 1 drivers
v0x1d19620_0 .net *"_s1326", 0 0, L_0x1d55ba0; 1 drivers
v0x1d19170_0 .net *"_s133", 0 0, L_0x1d35bf0; 1 drivers
v0x1d19210_0 .net *"_s1331", 0 0, L_0x1d55d90; 1 drivers
v0x1d192b0_0 .net *"_s1333", 0 0, L_0x1d55e30; 1 drivers
v0x1d19350_0 .net *"_s1335", 0 0, L_0x1d55ed0; 1 drivers
v0x1d193f0_0 .net *"_s1336", 0 0, L_0x1d55f70; 1 drivers
v0x1d19490_0 .net *"_s1338", 0 0, L_0x1d56070; 1 drivers
v0x1d19530_0 .net *"_s134", 0 0, L_0x1d35c90; 1 drivers
v0x1d19b90_0 .net *"_s1343", 0 0, L_0x1d57770; 1 drivers
v0x1d196a0_0 .net *"_s1345", 0 0, L_0x1d57810; 1 drivers
v0x1d19720_0 .net *"_s1347", 0 0, L_0x1d578b0; 1 drivers
v0x1d197c0_0 .net *"_s1348", 0 0, L_0x1d57950; 1 drivers
v0x1d19860_0 .net *"_s1350", 0 0, L_0x1d56910; 1 drivers
v0x1d19900_0 .net *"_s1355", 0 0, L_0x1d56c10; 1 drivers
v0x1d199a0_0 .net *"_s1357", 0 0, L_0x1d56cb0; 1 drivers
v0x1d19a40_0 .net *"_s1359", 0 0, L_0x1d56d50; 1 drivers
v0x1d19ae0_0 .net *"_s1360", 0 0, L_0x1d56df0; 1 drivers
v0x1d1a150_0 .net *"_s1362", 0 0, L_0x1d17cb0; 1 drivers
v0x1d1a1d0_0 .net *"_s1367", 0 0, L_0x1d57100; 1 drivers
v0x1d19c10_0 .net *"_s1369", 0 0, L_0x1d571a0; 1 drivers
v0x1d19cb0_0 .net *"_s1371", 0 0, L_0x1d57240; 1 drivers
v0x1d19d50_0 .net *"_s1372", 0 0, L_0x1d572e0; 1 drivers
v0x1d19df0_0 .net *"_s1374", 0 0, L_0x1d573e0; 1 drivers
v0x1d19e90_0 .net *"_s1379", 0 0, L_0x1d575d0; 1 drivers
v0x1d19f30_0 .net *"_s1381", 0 0, L_0x1d580f0; 1 drivers
v0x1d19fd0_0 .net *"_s1383", 0 0, L_0x1d58190; 1 drivers
v0x1d1a070_0 .net *"_s1384", 0 0, L_0x1d57670; 1 drivers
v0x1d1a7e0_0 .net *"_s1386", 0 0, L_0x1d582d0; 1 drivers
v0x1d1a860_0 .net *"_s139", 0 0, L_0x1d361f0; 1 drivers
v0x1d1a250_0 .net *"_s1391", 0 0, L_0x1d58bc0; 1 drivers
v0x1d1a2f0_0 .net *"_s1393", 0 0, L_0x1d58c60; 1 drivers
v0x1d1a390_0 .net *"_s1395", 0 0, L_0x1d58d00; 1 drivers
v0x1d1a430_0 .net *"_s1396", 0 0, L_0x1d58da0; 1 drivers
v0x1d1a4d0_0 .net *"_s1398", 0 0, L_0x1d58ea0; 1 drivers
v0x1d1a570_0 .net *"_s1403", 0 0, L_0x1d57af0; 1 drivers
v0x1d1a610_0 .net *"_s1405", 0 0, L_0x1d57b90; 1 drivers
v0x1d1a6b0_0 .net *"_s1407", 0 0, L_0x1d57c30; 1 drivers
v0x1d1a750_0 .net *"_s1408", 0 0, L_0x1d57cd0; 1 drivers
v0x1d1aec0_0 .net *"_s141", 0 0, L_0x1d35f60; 1 drivers
v0x1d1a8e0_0 .net *"_s1410", 0 0, L_0x1d57dd0; 1 drivers
v0x1d1a980_0 .net *"_s1415", 0 0, L_0x1d57fc0; 1 drivers
v0x1d1aa20_0 .net *"_s1417", 0 0, L_0x1d58420; 1 drivers
v0x1d1aac0_0 .net *"_s1419", 0 0, L_0x1d584c0; 1 drivers
v0x1d1ab60_0 .net *"_s142", 0 0, L_0x1d36000; 1 drivers
v0x1d1ac00_0 .net *"_s1420", 0 0, L_0x1d58560; 1 drivers
v0x1d1aca0_0 .net *"_s1422", 0 0, L_0x1d58660; 1 drivers
v0x1d1ad40_0 .net *"_s1427", 0 0, L_0x1d58850; 1 drivers
v0x1d1ade0_0 .net *"_s1429", 0 0, L_0x1d588f0; 1 drivers
v0x1d1b570_0 .net *"_s1431", 0 0, L_0x1d58990; 1 drivers
v0x1d1af40_0 .net *"_s1432", 0 0, L_0x1d58a30; 1 drivers
v0x1d1afe0_0 .net *"_s1434", 0 0, L_0x1d553a0; 1 drivers
v0x1d1b080_0 .net *"_s1439", 0 0, L_0x1d55590; 1 drivers
v0x1d1b120_0 .net *"_s1441", 0 0, L_0x1d55630; 1 drivers
v0x1d1b1c0_0 .net *"_s1443", 0 0, L_0x1d556d0; 1 drivers
v0x1d1b260_0 .net *"_s1444", 0 0, L_0x1d58f60; 1 drivers
v0x1d1b300_0 .net *"_s1446", 0 0, L_0x1d59060; 1 drivers
v0x1d1b3a0_0 .net *"_s1451", 0 0, L_0x1d56b00; 1 drivers
v0x1d1b440_0 .net *"_s1453", 0 0, L_0x1d59460; 1 drivers
v0x1d1b4e0_0 .net *"_s1455", 0 0, L_0x1d59500; 1 drivers
v0x1d1bc80_0 .net *"_s1456", 0 0, L_0x1d595a0; 1 drivers
v0x1d1bd00_0 .net *"_s1458", 0 0, L_0x1d5a5f0; 1 drivers
v0x1d1b5f0_0 .net *"_s1463", 0 0, L_0x1d59f40; 1 drivers
v0x1d1b690_0 .net *"_s1465", 0 0, L_0x1d59fe0; 1 drivers
v0x1d1b730_0 .net *"_s1467", 0 0, L_0x1d5a080; 1 drivers
v0x1d1b7d0_0 .net *"_s1468", 0 0, L_0x1d5a120; 1 drivers
v0x1d1b870_0 .net *"_s147", 0 0, L_0x1d34600; 1 drivers
v0x1d1b910_0 .net *"_s1470", 0 0, L_0x1d5a220; 1 drivers
v0x1d1b9b0_0 .net *"_s1475", 0 0, L_0x1d5a410; 1 drivers
v0x1d1ba50_0 .net *"_s1477", 0 0, L_0x1d5a4b0; 1 drivers
v0x1d1baf0_0 .net *"_s1478", 0 0, L_0x1d5a550; 1 drivers
v0x1d1bb90_0 .net *"_s1483", 0 0, L_0x1d5b090; 1 drivers
v0x1d1c470_0 .net *"_s1485", 0 0, L_0x1d5b130; 1 drivers
v0x1d1c4f0_0 .net *"_s1486", 0 0, L_0x1d5b1d0; 1 drivers
v0x1d1bd80_0 .net *"_s149", 0 0, L_0x1d36290; 1 drivers
v0x1d1be20_0 .net *"_s1491", 0 0, L_0x1d5bb40; 1 drivers
v0x1d1bec0_0 .net *"_s1493", 0 0, L_0x1d5a740; 1 drivers
v0x1d1bf60_0 .net *"_s1494", 0 0, L_0x1d5a7e0; 1 drivers
v0x1d1c000_0 .net *"_s1499", 0 0, L_0x1d5aa60; 1 drivers
v0x1d1c0a0_0 .net *"_s15", 0 0, L_0x1d30d90; 1 drivers
v0x1d1c140_0 .net *"_s150", 0 0, L_0x1d36330; 1 drivers
v0x1d1c1e0_0 .net *"_s1501", 0 0, L_0x1d5ab00; 1 drivers
v0x1d1c280_0 .net *"_s1502", 0 0, L_0x1d5aba0; 1 drivers
v0x1d1c320_0 .net *"_s1507", 0 0, L_0x1d5ad40; 1 drivers
v0x1d1c3c0_0 .net *"_s1509", 0 0, L_0x1d5ade0; 1 drivers
v0x1d1ccc0_0 .net *"_s1510", 0 0, L_0x1d5b320; 1 drivers
v0x1d1c570_0 .net *"_s1515", 0 0, L_0x1d5b510; 1 drivers
v0x1d1c610_0 .net *"_s1517", 0 0, L_0x1d5b5b0; 1 drivers
v0x1d1c6b0_0 .net *"_s1518", 0 0, L_0x1d5b650; 1 drivers
v0x1d1c750_0 .net *"_s1523", 0 0, L_0x1d5b840; 1 drivers
v0x1d1c7f0_0 .net *"_s1525", 0 0, L_0x1d5b8e0; 1 drivers
v0x1d1c890_0 .net *"_s1526", 0 0, L_0x1d5b980; 1 drivers
v0x1d1c930_0 .net *"_s1531", 0 0, L_0x1d5c590; 1 drivers
v0x1d1c9d0_0 .net *"_s1533", 0 0, L_0x1d59250; 1 drivers
v0x1d1ca70_0 .net *"_s1534", 0 0, L_0x1d592f0; 1 drivers
v0x1d1cb10_0 .net *"_s1539", 0 0, L_0x1d5d290; 1 drivers
v0x1d1cbb0_0 .net *"_s1541", 0 0, L_0x1d5bbf0; 1 drivers
v0x1d1d4f0_0 .net *"_s1542", 0 0, L_0x1d5d330; 1 drivers
v0x1d1cd40_0 .net *"_s1547", 0 0, L_0x1d5be20; 1 drivers
v0x1d1cde0_0 .net *"_s1549", 0 0, L_0x1d5bec0; 1 drivers
v0x1d1ce80_0 .net *"_s155", 0 0, L_0x1d36a40; 1 drivers
v0x1d1cf20_0 .net *"_s1550", 0 0, L_0x1d5bf60; 1 drivers
v0x1d1cfc0_0 .net *"_s1555", 0 0, L_0x1d5c150; 1 drivers
v0x1d1d060_0 .net *"_s1557", 0 0, L_0x1d5c1f0; 1 drivers
v0x1d1d100_0 .net *"_s1558", 0 0, L_0x1d5c290; 1 drivers
v0x1d1d1a0_0 .net *"_s1563", 0 0, L_0x1d5cae0; 1 drivers
v0x1d1d240_0 .net *"_s1565", 0 0, L_0x1d5cb80; 1 drivers
v0x1d1d2e0_0 .net *"_s1566", 0 0, L_0x1d5cc20; 1 drivers
v0x1d1d380_0 .net *"_s157", 0 0, L_0x1d36770; 1 drivers
v0x1d1d420_0 .net *"_s1571", 0 0, L_0x1d5ce10; 1 drivers
v0x1d1dd90_0 .net *"_s1573", 0 0, L_0x1d5ceb0; 1 drivers
v0x1d1de10_0 .net *"_s1574", 0 0, L_0x1d5cf50; 1 drivers
v0x1d1d570_0 .net *"_s1579", 0 0, L_0x1d5d140; 1 drivers
v0x1d1d610_0 .net *"_s158", 0 0, L_0x1d36810; 1 drivers
v0x1d1d6b0_0 .net *"_s1581", 0 0, L_0x1d5db60; 1 drivers
v0x1d1d750_0 .net *"_s1582", 0 0, L_0x1d5dc00; 1 drivers
v0x1d1d7f0_0 .net *"_s1587", 0 0, L_0x1d5e5d0; 1 drivers
v0x1d1d890_0 .net *"_s1589", 0 0, L_0x1d5e670; 1 drivers
v0x1d1d930_0 .net *"_s1590", 0 0, L_0x1d5e710; 1 drivers
v0x1d1d9d0_0 .net *"_s1595", 0 0, L_0x1d5eb10; 1 drivers
v0x1d1da70_0 .net *"_s1597", 0 0, L_0x1d5c480; 1 drivers
v0x1d1db10_0 .net *"_s1598", 0 0, L_0x1d5c520; 1 drivers
v0x1d1dbb0_0 .net *"_s16", 0 0, L_0x1d30e30; 1 drivers
v0x1d1dc50_0 .net *"_s1603", 0 0, L_0x1d5d520; 1 drivers
v0x1d1dcf0_0 .net *"_s1605", 0 0, L_0x1d5d5c0; 1 drivers
v0x1d1e720_0 .net *"_s1606", 0 0, L_0x1d5d660; 1 drivers
v0x1d1de90_0 .net *"_s1608", 0 0, L_0x1d5d760; 1 drivers
v0x1d1df30_0 .net *"_s1613", 0 0, L_0x1d5d900; 1 drivers
v0x1d1dfd0_0 .net *"_s1615", 0 0, L_0x1d5d9a0; 1 drivers
v0x1d1e070_0 .net *"_s1616", 0 0, L_0x1d5da40; 1 drivers
v0x1d1e110_0 .net *"_s1619", 0 0, L_0x1d5dd50; 1 drivers
v0x1d1e1b0_0 .net *"_s1620", 0 0, L_0x1d5ddf0; 1 drivers
v0x1d1e250_0 .net *"_s1625", 0 0, L_0x1d5e070; 1 drivers
v0x1d1e2f0_0 .net *"_s1627", 0 0, L_0x1d5e110; 1 drivers
v0x1d1e390_0 .net *"_s1628", 0 0, L_0x1d5e1b0; 1 drivers
v0x1d1e430_0 .net *"_s163", 0 0, L_0x1d36ae0; 1 drivers
v0x1d1e4d0_0 .net *"_s1631", 0 0, L_0x1d5e260; 1 drivers
v0x1d1e570_0 .net *"_s1632", 0 0, L_0x1d5e300; 1 drivers
v0x1d1e610_0 .net *"_s1637", 0 0, L_0x1d5f3d0; 1 drivers
v0x1d1f0a0_0 .net *"_s1639", 0 0, L_0x1d5f470; 1 drivers
v0x1d1e7a0_0 .net *"_s1640", 0 0, L_0x1d5f510; 1 drivers
v0x1d1e840_0 .net *"_s1643", 0 0, L_0x1d5f610; 1 drivers
v0x1d1e8e0_0 .net *"_s1644", 0 0, L_0x1d5f6b0; 1 drivers
v0x1d1e980_0 .net *"_s1649", 0 0, L_0x1d600d0; 1 drivers
v0x1d1ea20_0 .net *"_s165", 0 0, L_0x1d36b80; 1 drivers
v0x1d1eac0_0 .net *"_s1651", 0 0, L_0x1d60170; 1 drivers
v0x1d1eb60_0 .net *"_s1652", 0 0, L_0x1d60210; 1 drivers
v0x1d1ec00_0 .net *"_s1655", 0 0, L_0x1d60310; 1 drivers
v0x1d1eca0_0 .net *"_s1656", 0 0, L_0x1d603b0; 1 drivers
v0x1d1ed40_0 .net *"_s166", 0 0, L_0x1d36c20; 1 drivers
v0x1d1ede0_0 .net *"_s1661", 0 0, L_0x1d5ec50; 1 drivers
v0x1d1ee80_0 .net *"_s1663", 0 0, L_0x1d5ecf0; 1 drivers
v0x1d1ef20_0 .net *"_s1664", 0 0, L_0x1d5ed90; 1 drivers
v0x1d1efc0_0 .net *"_s1667", 0 0, L_0x1d5ee90; 1 drivers
v0x1d1faa0_0 .net *"_s1668", 0 0, L_0x1d5ef30; 1 drivers
v0x1d1fb20_0 .net *"_s1673", 0 0, L_0x1d5f230; 1 drivers
v0x1d1f120_0 .net *"_s1675", 0 0, L_0x1d5f2d0; 1 drivers
v0x1d1f1c0_0 .net *"_s1676", 0 0, L_0x1d5f370; 1 drivers
v0x1d1f260_0 .net *"_s1679", 0 0, L_0x1d5f850; 1 drivers
v0x1d1f300_0 .net *"_s1680", 0 0, L_0x1d5f8f0; 1 drivers
v0x1d1f3a0_0 .net *"_s1685", 0 0, L_0x1d5fae0; 1 drivers
v0x1d1f440_0 .net *"_s1687", 0 0, L_0x1d5fb80; 1 drivers
v0x1d1f4e0_0 .net *"_s1688", 0 0, L_0x1d5fc20; 1 drivers
v0x1d1f580_0 .net *"_s1691", 0 0, L_0x1d5fd20; 1 drivers
v0x1d1f620_0 .net *"_s1692", 0 0, L_0x1d5fdc0; 1 drivers
v0x1d1f6c0_0 .net *"_s1697", 0 0, L_0x1d60d80; 1 drivers
v0x1d1f760_0 .net *"_s1699", 0 0, L_0x1d60e20; 1 drivers
v0x1d1f800_0 .net *"_s1700", 0 0, L_0x1d60ec0; 1 drivers
v0x1d1f8a0_0 .net *"_s1703", 0 0, L_0x1d60fc0; 1 drivers
v0x1d1f940_0 .net *"_s1704", 0 0, L_0x1d61060; 1 drivers
v0x1d1f9e0_0 .net *"_s1709", 0 0, L_0x1d61ad0; 1 drivers
v0x1d205a0_0 .net *"_s171", 0 0, L_0x1d37140; 1 drivers
v0x1d1fba0_0 .net *"_s1711", 0 0, L_0x1d61b70; 1 drivers
v0x1d1fc40_0 .net *"_s1712", 0 0, L_0x1d61c10; 1 drivers
v0x1d1fce0_0 .net *"_s1715", 0 0, L_0x1d61d10; 1 drivers
v0x1d1fd80_0 .net *"_s1716", 0 0, L_0x1d61db0; 1 drivers
v0x1d1fe20_0 .net *"_s1721", 0 0, L_0x1d605b0; 1 drivers
v0x1d1fec0_0 .net *"_s1723", 0 0, L_0x1d60650; 1 drivers
v0x1d1ff60_0 .net *"_s1724", 0 0, L_0x1d606f0; 1 drivers
v0x1d20000_0 .net *"_s1727", 0 0, L_0x1d607f0; 1 drivers
v0x1d200a0_0 .net *"_s1728", 0 0, L_0x1d60890; 1 drivers
v0x1d20140_0 .net *"_s173", 0 0, L_0x1d36d90; 1 drivers
v0x1d201e0_0 .net *"_s1733", 0 0, L_0x1d60a80; 1 drivers
v0x1d20280_0 .net *"_s1735", 0 0, L_0x1d60b20; 1 drivers
v0x1d20320_0 .net *"_s1736", 0 0, L_0x1d60bc0; 1 drivers
v0x1d203c0_0 .net *"_s1739", 0 0, L_0x1d60cc0; 1 drivers
v0x1d20460_0 .net *"_s174", 0 0, L_0x1d36e30; 1 drivers
v0x1d20500_0 .net *"_s1740", 0 0, L_0x1d5ffb0; 1 drivers
v0x1d210b0_0 .net *"_s1745", 0 0, L_0x1d61340; 1 drivers
v0x1d21130_0 .net *"_s1747", 0 0, L_0x1d613e0; 1 drivers
v0x1d20620_0 .net *"_s1748", 0 0, L_0x1d61480; 1 drivers
v0x1d206c0_0 .net *"_s1751", 0 0, L_0x1d61580; 1 drivers
v0x1d20760_0 .net *"_s1752", 0 0, L_0x1d61620; 1 drivers
v0x1d20800_0 .net *"_s1757", 0 0, L_0x1d61810; 1 drivers
v0x1d208a0_0 .net *"_s1759", 0 0, L_0x1d618b0; 1 drivers
v0x1d20940_0 .net *"_s1760", 0 0, L_0x1d61950; 1 drivers
v0x1d209e0_0 .net *"_s1763", 0 0, L_0x1d62820; 1 drivers
v0x1d20a80_0 .net *"_s1764", 0 0, L_0x1d628c0; 1 drivers
v0x1d20b20_0 .net *"_s1769", 0 0, L_0x1d5f120; 1 drivers
v0x1d20bc0_0 .net *"_s1771", 0 0, L_0x1d63590; 1 drivers
v0x1d20c60_0 .net *"_s1772", 0 0, L_0x1d63630; 1 drivers
v0x1d20d00_0 .net *"_s1775", 0 0, L_0x1d63730; 1 drivers
v0x1d20da0_0 .net *"_s1776", 0 0, L_0x1d637d0; 1 drivers
v0x1d20e40_0 .net *"_s1781", 0 0, L_0x1d639c0; 1 drivers
v0x1d20ee0_0 .net *"_s1783", 0 0, L_0x1d63a60; 1 drivers
v0x1d20f80_0 .net *"_s1784", 0 0, L_0x1d63b00; 1 drivers
v0x1d21020_0 .net *"_s1787", 0 0, L_0x1d63c00; 1 drivers
v0x1d21cd0_0 .net *"_s1788", 0 0, L_0x1d63ca0; 1 drivers
v0x1d211d0_0 .net *"_s179", 0 0, L_0x1d371e0; 1 drivers
v0x1d21270_0 .net *"_s1790", 0 0, C4<0>; 1 drivers
v0x1d21310_0 .net *"_s1793", 0 0, L_0x1d61f10; 1 drivers
v0x1d213b0_0 .net *"_s18", 0 0, L_0x1d30ee0; 1 drivers
v0x1d21450_0 .net *"_s181", 0 0, L_0x1d37280; 1 drivers
v0x1d214f0_0 .net *"_s182", 0 0, L_0x1d37320; 1 drivers
v0x1d21590_0 .net *"_s187", 0 0, L_0x1d37860; 1 drivers
v0x1d21630_0 .net *"_s189", 0 0, L_0x1d374c0; 1 drivers
v0x1d216d0_0 .net *"_s190", 0 0, L_0x1d37560; 1 drivers
v0x1d21770_0 .net *"_s195", 0 0, L_0x1d37900; 1 drivers
v0x1d21810_0 .net *"_s197", 0 0, L_0x1d379a0; 1 drivers
v0x1d218b0_0 .net *"_s198", 0 0, L_0x1d37a40; 1 drivers
v0x1d21950_0 .net *"_s203", 0 0, L_0x1d37fa0; 1 drivers
v0x1d219f0_0 .net *"_s205", 0 0, L_0x1d37bc0; 1 drivers
v0x1d21a90_0 .net *"_s206", 0 0, L_0x1d37c60; 1 drivers
v0x1d21b30_0 .net *"_s211", 0 0, L_0x1d382a0; 1 drivers
v0x1d21bd0_0 .net *"_s213", 0 0, L_0x1d38340; 1 drivers
v0x1d22900_0 .net *"_s214", 0 0, L_0x1d38040; 1 drivers
v0x1d21d50_0 .net *"_s219", 0 0, L_0x1d38650; 1 drivers
v0x1d21df0_0 .net *"_s221", 0 0, L_0x1d383e0; 1 drivers
v0x1d21e90_0 .net *"_s222", 0 0, L_0x1d37f40; 1 drivers
v0x1d21f30_0 .net *"_s227", 0 0, L_0x1d38980; 1 drivers
v0x1d21fd0_0 .net *"_s229", 0 0, L_0x1d38a20; 1 drivers
v0x1d22070_0 .net *"_s23", 0 0, L_0x1d329a0; 1 drivers
v0x1d22110_0 .net *"_s230", 0 0, L_0x1d386f0; 1 drivers
v0x1d221b0_0 .net *"_s235", 0 0, L_0x1d38d60; 1 drivers
v0x1d22250_0 .net *"_s237", 0 0, L_0x1d33690; 1 drivers
v0x1d222f0_0 .net *"_s238", 0 0, L_0x1d30750; 1 drivers
v0x1d22390_0 .net *"_s243", 0 0, L_0x1d38b60; 1 drivers
v0x1d22430_0 .net *"_s245", 0 0, L_0x1d38c00; 1 drivers
v0x1d224d0_0 .net *"_s246", 0 0, L_0x1d38ca0; 1 drivers
v0x1d22570_0 .net *"_s25", 0 0, L_0x1d32ad0; 1 drivers
v0x1d22610_0 .net *"_s251", 0 0, L_0x1d39210; 1 drivers
v0x1d226b0_0 .net *"_s253", 0 0, L_0x1d359e0; 1 drivers
v0x1d22750_0 .net *"_s254", 0 0, L_0x1d35a80; 1 drivers
v0x1d227f0_0 .net *"_s259", 0 0, L_0x1d35df0; 1 drivers
v0x1d235d0_0 .net *"_s26", 0 0, L_0x1d32c00; 1 drivers
v0x1d23650_0 .net *"_s261", 0 0, L_0x1d35e90; 1 drivers
v0x1d22980_0 .net *"_s262", 0 0, L_0x1d38e00; 1 drivers
v0x1d22a20_0 .net *"_s267", 0 0, L_0x1d38ff0; 1 drivers
v0x1d22ac0_0 .net *"_s269", 0 0, L_0x1d396c0; 1 drivers
v0x1d22b60_0 .net *"_s270", 0 0, L_0x1d39760; 1 drivers
v0x1d22c00_0 .net *"_s275", 0 0, L_0x1d36560; 1 drivers
v0x1d22ca0_0 .net *"_s277", 0 0, L_0x1d36600; 1 drivers
v0x1d22d40_0 .net *"_s278", 0 0, L_0x1d366a0; 1 drivers
v0x1d22de0_0 .net *"_s283", 1 0, L_0x1d388e0; 1 drivers
v0x1d22e80_0 .net *"_s287", 0 0, L_0x1d3a810; 1 drivers
v0x1d22f20_0 .net *"_s289", 0 0, L_0x1d3a4d0; 1 drivers
v0x1d22fc0_0 .net *"_s29", 0 0, L_0x1d32cb0; 1 drivers
v0x1d23060_0 .net *"_s291", 0 0, L_0x1d3a570; 1 drivers
v0x1d23100_0 .net *"_s292", 0 0, L_0x1d3a610; 1 drivers
v0x1d231a0_0 .net *"_s294", 0 0, L_0x1d3a710; 1 drivers
v0x1d23240_0 .net *"_s299", 0 0, L_0x1d39ea0; 1 drivers
v0x1d232e0_0 .net *"_s3", 0 0, L_0x1d307b0; 1 drivers
v0x1d23380_0 .net *"_s30", 0 0, L_0x1d32d50; 1 drivers
v0x1d23420_0 .net *"_s301", 0 0, L_0x1d3a8b0; 1 drivers
v0x1d234c0_0 .net *"_s303", 0 0, L_0x1d3a950; 1 drivers
v0x1d243c0_0 .net *"_s304", 0 0, L_0x1d3a9f0; 1 drivers
v0x1d236d0_0 .net *"_s306", 0 0, L_0x1d3aaf0; 1 drivers
v0x1d23770_0 .net *"_s311", 0 0, L_0x1d3b300; 1 drivers
v0x1d23810_0 .net *"_s313", 0 0, L_0x1d3ad90; 1 drivers
v0x1d238b0_0 .net *"_s315", 0 0, L_0x1d3ae30; 1 drivers
v0x1d23950_0 .net *"_s316", 0 0, L_0x1d3aed0; 1 drivers
v0x1d239f0_0 .net *"_s318", 0 0, L_0x1d3af80; 1 drivers
v0x1d23a90_0 .net *"_s32", 0 0, L_0x1d32e90; 1 drivers
v0x1d23b30_0 .net *"_s323", 0 0, L_0x1d3b230; 1 drivers
v0x1d23bd0_0 .net *"_s325", 0 0, L_0x1d3b3a0; 1 drivers
v0x1d23c70_0 .net *"_s327", 0 0, L_0x1d3b440; 1 drivers
v0x1d23d10_0 .net *"_s328", 0 0, L_0x1d3b4e0; 1 drivers
v0x1d23db0_0 .net *"_s330", 0 0, L_0x1d3b5e0; 1 drivers
v0x1d23e50_0 .net *"_s335", 0 0, L_0x1d3b7e0; 1 drivers
v0x1d23ef0_0 .net *"_s337", 0 0, L_0x1d3b880; 1 drivers
v0x1d23f90_0 .net *"_s339", 0 0, L_0x1d3b920; 1 drivers
v0x1d24030_0 .net *"_s340", 0 0, L_0x1d3b9c0; 1 drivers
v0x1d240d0_0 .net *"_s342", 0 0, L_0x1d3bac0; 1 drivers
v0x1d24170_0 .net *"_s347", 0 0, L_0x1d3bcb0; 1 drivers
v0x1d24210_0 .net *"_s349", 0 0, L_0x1d3bd50; 1 drivers
v0x1d242b0_0 .net *"_s35", 0 0, L_0x1d32f90; 1 drivers
v0x1d251e0_0 .net *"_s351", 0 0, L_0x1d3bdf0; 1 drivers
v0x1d25260_0 .net *"_s352", 0 0, L_0x1d3be90; 1 drivers
v0x1d24440_0 .net *"_s354", 0 0, L_0x1d3bf90; 1 drivers
v0x1d244e0_0 .net *"_s359", 0 0, L_0x1d3c290; 1 drivers
v0x1d24580_0 .net *"_s36", 0 0, L_0x1d33090; 1 drivers
v0x1d24620_0 .net *"_s361", 0 0, L_0x1d3c330; 1 drivers
v0x1d246c0_0 .net *"_s363", 0 0, L_0x1d3c3d0; 1 drivers
v0x1d24760_0 .net *"_s364", 0 0, L_0x1d3c470; 1 drivers
v0x1d24800_0 .net *"_s366", 0 0, L_0x1d3c570; 1 drivers
v0x1d248a0_0 .net *"_s371", 0 0, L_0x1d3c760; 1 drivers
v0x1d24940_0 .net *"_s373", 0 0, L_0x1d3c800; 1 drivers
v0x1d249e0_0 .net *"_s375", 0 0, L_0x1d3c8a0; 1 drivers
v0x1d24a80_0 .net *"_s376", 0 0, L_0x1d3c940; 1 drivers
v0x1d24b20_0 .net *"_s378", 0 0, L_0x1d3ca40; 1 drivers
v0x1d24bc0_0 .net *"_s38", 0 0, L_0x1d330f0; 1 drivers
v0x1d24c60_0 .net *"_s383", 0 0, L_0x1d3ce00; 1 drivers
v0x1d24d00_0 .net *"_s385", 0 0, L_0x1d3d370; 1 drivers
v0x1d24da0_0 .net *"_s387", 0 0, L_0x1d3d410; 1 drivers
v0x1d24e40_0 .net *"_s388", 0 0, L_0x1d3cea0; 1 drivers
v0x1d24ee0_0 .net *"_s390", 0 0, L_0x1d3cfa0; 1 drivers
v0x1d24f80_0 .net *"_s395", 0 0, L_0x1d3cb90; 1 drivers
v0x1d25020_0 .net *"_s397", 0 0, L_0x1d3cc30; 1 drivers
v0x1d250c0_0 .net *"_s399", 0 0, L_0x1d3d920; 1 drivers
v0x1d25160_0 .net *"_s400", 0 0, L_0x1d3b0d0; 1 drivers
v0x1d26140_0 .net *"_s402", 0 0, L_0x1d3d4b0; 1 drivers
v0x1d261c0_0 .net *"_s407", 0 0, L_0x1d3d0f0; 1 drivers
v0x1d252e0_0 .net *"_s409", 0 0, L_0x1d3d190; 1 drivers
v0x1d25380_0 .net *"_s411", 0 0, L_0x1d3d230; 1 drivers
v0x1d25420_0 .net *"_s412", 0 0, L_0x1d3d890; 1 drivers
v0x1d254c0_0 .net *"_s414", 0 0, L_0x1d3a0e0; 1 drivers
v0x1d25560_0 .net *"_s419", 0 0, L_0x1d3d600; 1 drivers
v0x1d25600_0 .net *"_s421", 0 0, L_0x1d3d6a0; 1 drivers
v0x1d256a0_0 .net *"_s423", 0 0, L_0x1d3d740; 1 drivers
v0x1d25740_0 .net *"_s424", 0 0, L_0x1d3d9c0; 1 drivers
v0x1d257e0_0 .net *"_s426", 0 0, L_0x1d3dac0; 1 drivers
v0x1d25880_0 .net *"_s43", 0 0, L_0x1d33340; 1 drivers
v0x1d25920_0 .net *"_s431", 0 0, L_0x1d3a2d0; 1 drivers
v0x1d259c0_0 .net *"_s433", 0 0, L_0x1d3a370; 1 drivers
v0x1d25a60_0 .net *"_s435", 0 0, L_0x1d3eb20; 1 drivers
v0x1d25b00_0 .net *"_s436", 0 0, L_0x1d3e650; 1 drivers
v0x1d25ba0_0 .net *"_s438", 0 0, L_0x1d3e750; 1 drivers
v0x1d25c40_0 .net *"_s443", 0 0, L_0x1d3e940; 1 drivers
v0x1d25ce0_0 .net *"_s445", 0 0, L_0x1d3e9e0; 1 drivers
v0x1d25d80_0 .net *"_s447", 0 0, L_0x1d3ea80; 1 drivers
v0x1d25e20_0 .net *"_s448", 0 0, L_0x1d3f0c0; 1 drivers
v0x1d25ec0_0 .net *"_s45", 0 0, L_0x1d33450; 1 drivers
v0x1d25f60_0 .net *"_s450", 0 0, L_0x1d3f1c0; 1 drivers
v0x1d26000_0 .net *"_s455", 0 0, L_0x1d3c180; 1 drivers
v0x1d260a0_0 .net *"_s457", 0 0, L_0x1d3ebc0; 1 drivers
v0x1d27160_0 .net *"_s459", 0 0, L_0x1d3ec60; 1 drivers
v0x1d26240_0 .net *"_s46", 0 0, L_0x1d33030; 1 drivers
v0x1d262e0_0 .net *"_s460", 0 0, L_0x1d3ed00; 1 drivers
v0x1d26380_0 .net *"_s462", 0 0, L_0x1d3ee00; 1 drivers
v0x1d26420_0 .net *"_s467", 0 0, L_0x1d3eff0; 1 drivers
v0x1d264c0_0 .net *"_s469", 0 0, L_0x1d3dc10; 1 drivers
v0x1d26560_0 .net *"_s471", 0 0, L_0x1d3dcb0; 1 drivers
v0x1d26600_0 .net *"_s472", 0 0, L_0x1d3dd50; 1 drivers
v0x1d266a0_0 .net *"_s474", 0 0, L_0x1d3f5c0; 1 drivers
v0x1d26740_0 .net *"_s479", 0 0, L_0x1d3fa00; 1 drivers
v0x1d267e0_0 .net *"_s481", 0 0, L_0x1d3faa0; 1 drivers
v0x1d26880_0 .net *"_s483", 0 0, L_0x1d3fb40; 1 drivers
v0x1d26920_0 .net *"_s484", 0 0, L_0x1d3fbe0; 1 drivers
v0x1d269c0_0 .net *"_s486", 0 0, L_0x1d40280; 1 drivers
v0x1d26a60_0 .net *"_s491", 0 0, L_0x1d3f7b0; 1 drivers
v0x1d26b00_0 .net *"_s493", 0 0, L_0x1d3f850; 1 drivers
v0x1d26ba0_0 .net *"_s495", 0 0, L_0x1d3fce0; 1 drivers
v0x1d26c40_0 .net *"_s496", 0 0, L_0x1d3fd80; 1 drivers
v0x1d26ce0_0 .net *"_s498", 0 0, L_0x1d3fe80; 1 drivers
v0x1d26d80_0 .net *"_s5", 0 0, L_0x1d308d0; 1 drivers
v0x1d26e20_0 .net *"_s503", 0 0, L_0x1d40470; 1 drivers
v0x1d26ec0_0 .net *"_s505", 0 0, L_0x1d40510; 1 drivers
v0x1d26f60_0 .net *"_s507", 0 0, L_0x1d40bc0; 1 drivers
v0x1d27000_0 .net *"_s508", 0 0, L_0x1d405b0; 1 drivers
v0x1d270a0_0 .net *"_s51", 0 0, L_0x1d33740; 1 drivers
v0x1d281d0_0 .net *"_s510", 0 0, L_0x1d406b0; 1 drivers
v0x1d28250_0 .net *"_s515", 0 0, L_0x1d408a0; 1 drivers
v0x1d271e0_0 .net *"_s517", 0 0, L_0x1d40940; 1 drivers
v0x1d27280_0 .net *"_s519", 0 0, L_0x1d409e0; 1 drivers
v0x1d27320_0 .net *"_s520", 0 0, L_0x1d40a80; 1 drivers
v0x1d273c0_0 .net *"_s522", 0 0, L_0x1d3f8f0; 1 drivers
v0x1d27460_0 .net *"_s527", 0 0, L_0x1d40070; 1 drivers
v0x1d27500_0 .net *"_s529", 0 0, L_0x1d40110; 1 drivers
v0x1d275a0_0 .net *"_s53", 0 0, L_0x1d337e0; 1 drivers
v0x1d27640_0 .net *"_s531", 0 0, L_0x1d401b0; 1 drivers
v0x1d276e0_0 .net *"_s532", 0 0, L_0x1d40c60; 1 drivers
v0x1d27780_0 .net *"_s534", 0 0, L_0x1d40d60; 1 drivers
v0x1d27820_0 .net *"_s539", 0 0, L_0x1d41310; 1 drivers
v0x1d278c0_0 .net *"_s54", 0 0, L_0x1d33910; 1 drivers
v0x1d27960_0 .net *"_s541", 0 0, L_0x1d413b0; 1 drivers
v0x1d27a00_0 .net *"_s543", 0 0, L_0x1d41450; 1 drivers
v0x1d27aa0_0 .net *"_s544", 0 0, L_0x1d414f0; 1 drivers
v0x1d27b40_0 .net *"_s546", 0 0, L_0x1d41bf0; 1 drivers
v0x1d27be0_0 .net *"_s551", 0 0, L_0x1d40f50; 1 drivers
v0x1d27c80_0 .net *"_s553", 0 0, L_0x1d40ff0; 1 drivers
v0x1d27d20_0 .net *"_s555", 0 0, L_0x1d41090; 1 drivers
v0x1d27dc0_0 .net *"_s556", 0 0, L_0x1d415a0; 1 drivers
v0x1d27e60_0 .net *"_s558", 0 0, L_0x1d416a0; 1 drivers
v0x1d27f00_0 .net *"_s563", 0 0, L_0x1d41d40; 1 drivers
v0x1d27fa0_0 .net *"_s565", 0 0, L_0x1d41de0; 1 drivers
v0x1d28040_0 .net *"_s567", 0 0, L_0x1d41e80; 1 drivers
v0x1d280e0_0 .net *"_s568", 0 0, L_0x1d41f20; 1 drivers
v0x1d29390_0 .net *"_s570", 0 0, L_0x1d42630; 1 drivers
v0x1d282d0_0 .net *"_s575", 0 0, L_0x1d41890; 1 drivers
v0x1d28370_0 .net *"_s577", 0 0, L_0x1d41930; 1 drivers
v0x1d28410_0 .net *"_s579", 0 0, L_0x1d419d0; 1 drivers
v0x1d284b0_0 .net *"_s580", 0 0, L_0x1d41fd0; 1 drivers
v0x1d28550_0 .net *"_s582", 0 0, L_0x1d420d0; 1 drivers
v0x1d285f0_0 .net *"_s587", 0 0, L_0x1d42780; 1 drivers
v0x1d28690_0 .net *"_s589", 0 0, L_0x1d42820; 1 drivers
v0x1d28730_0 .net *"_s59", 0 0, L_0x1d33ab0; 1 drivers
v0x1d287d0_0 .net *"_s591", 0 0, L_0x1d428c0; 1 drivers
v0x1d28870_0 .net *"_s592", 0 0, L_0x1d42960; 1 drivers
v0x1d28910_0 .net *"_s594", 0 0, L_0x1d430d0; 1 drivers
v0x1d289b0_0 .net *"_s599", 0 0, L_0x1d422c0; 1 drivers
v0x1d28a50_0 .net *"_s6", 0 0, L_0x1d309c0; 1 drivers
v0x1d28af0_0 .net *"_s601", 0 0, L_0x1d42360; 1 drivers
v0x1d28b90_0 .net *"_s603", 0 0, L_0x1d42400; 1 drivers
v0x1d28c30_0 .net *"_s604", 0 0, L_0x1d424a0; 1 drivers
v0x1d28cd0_0 .net *"_s606", 0 0, L_0x1d42ab0; 1 drivers
v0x1d28d70_0 .net *"_s61", 0 0, L_0x1d33d00; 1 drivers
v0x1d28e10_0 .net *"_s611", 0 0, L_0x1d42fa0; 1 drivers
v0x1d28eb0_0 .net *"_s613", 0 0, L_0x1d43220; 1 drivers
v0x1d28f50_0 .net *"_s615", 0 0, L_0x1d432c0; 1 drivers
v0x1d28ff0_0 .net *"_s616", 0 0, L_0x1d43360; 1 drivers
v0x1d29090_0 .net *"_s618", 0 0, L_0x1d43460; 1 drivers
v0x1d29130_0 .net *"_s62", 0 0, L_0x1d33240; 1 drivers
v0x1d291d0_0 .net *"_s623", 0 0, L_0x1d42ca0; 1 drivers
v0x1d29270_0 .net *"_s625", 0 0, L_0x1d42d40; 1 drivers
v0x1d29310_0 .net *"_s627", 0 0, L_0x1d42de0; 1 drivers
v0x1d2a5b0_0 .net *"_s628", 0 0, L_0x1d42e80; 1 drivers
v0x1d29410_0 .net *"_s630", 0 0, L_0x1d435b0; 1 drivers
v0x1d294b0_0 .net *"_s635", 0 0, L_0x1d43ac0; 1 drivers
v0x1d29550_0 .net *"_s637", 0 0, L_0x1d43c20; 1 drivers
v0x1d295f0_0 .net *"_s639", 0 0, L_0x1d43cc0; 1 drivers
v0x1d29690_0 .net *"_s640", 0 0, L_0x1d43d60; 1 drivers
v0x1d29730_0 .net *"_s642", 0 0, L_0x1d43e60; 1 drivers
v0x1d297d0_0 .net *"_s647", 3 0, L_0x1d437a0; 1 drivers
v0x1d29870_0 .net *"_s651", 0 0, L_0x1d43930; 1 drivers
v0x1d29910_0 .net *"_s653", 0 0, L_0x1d3f3b0; 1 drivers
v0x1d299b0_0 .net *"_s655", 0 0, L_0x1d3f450; 1 drivers
v0x1d29a50_0 .net *"_s656", 0 0, L_0x1d3f4f0; 1 drivers
v0x1d29af0_0 .net *"_s658", 0 0, L_0x1d43f10; 1 drivers
v0x1d29b90_0 .net *"_s663", 0 0, L_0x1d44440; 1 drivers
v0x1d29c30_0 .net *"_s665", 0 0, L_0x1d444e0; 1 drivers
v0x1d29cd0_0 .net *"_s667", 0 0, L_0x1d44580; 1 drivers
v0x1d29d70_0 .net *"_s668", 0 0, L_0x1d44680; 1 drivers
v0x1d29e10_0 .net *"_s67", 0 0, L_0x1d33c60; 1 drivers
v0x1d29eb0_0 .net *"_s670", 0 0, L_0x1d44780; 1 drivers
v0x1d29f50_0 .net *"_s675", 0 0, L_0x1d440f0; 1 drivers
v0x1d29ff0_0 .net *"_s677", 0 0, L_0x1d44190; 1 drivers
v0x1d2a090_0 .net *"_s679", 0 0, L_0x1d44230; 1 drivers
v0x1d2a130_0 .net *"_s680", 0 0, L_0x1d442d0; 1 drivers
v0x1d2a1d0_0 .net *"_s682", 0 0, L_0x1d44dc0; 1 drivers
v0x1d2a270_0 .net *"_s687", 0 0, L_0x1d45310; 1 drivers
v0x1d2a310_0 .net *"_s689", 0 0, L_0x1d453b0; 1 drivers
v0x1d2a3b0_0 .net *"_s69", 0 0, L_0x1d34000; 1 drivers
v0x1d2a450_0 .net *"_s691", 0 0, L_0x1d45450; 1 drivers
v0x1d2a4f0_0 .net *"_s692", 0 0, L_0x1d454f0; 1 drivers
v0x1d2b8c0_0 .net *"_s694", 0 0, L_0x1d455f0; 1 drivers
v0x1d2b940_0 .net *"_s699", 0 0, L_0x1d44f10; 1 drivers
v0x1d2a650_0 .net *"_s70", 0 0, L_0x1d33f50; 1 drivers
v0x1d2a6f0_0 .net *"_s701", 0 0, L_0x1d44fb0; 1 drivers
v0x1d2a790_0 .net *"_s703", 0 0, L_0x1d45050; 1 drivers
v0x1d2a830_0 .net *"_s704", 0 0, L_0x1d450f0; 1 drivers
v0x1d2a8d0_0 .net *"_s706", 0 0, L_0x1d451f0; 1 drivers
v0x1d2a970_0 .net *"_s711", 0 0, L_0x1d45cf0; 1 drivers
v0x1d2aa10_0 .net *"_s713", 0 0, L_0x1d45d90; 1 drivers
v0x1d2aab0_0 .net *"_s715", 0 0, L_0x1d45e30; 1 drivers
v0x1d2ab50_0 .net *"_s716", 0 0, L_0x1d45ed0; 1 drivers
v0x1d2abf0_0 .net *"_s718", 0 0, L_0x1d45fd0; 1 drivers
v0x1d2ac90_0 .net *"_s723", 0 0, L_0x1d458d0; 1 drivers
v0x1d2ad30_0 .net *"_s725", 0 0, L_0x1d45970; 1 drivers
v0x1d2add0_0 .net *"_s727", 0 0, L_0x1d45a10; 1 drivers
v0x1d2ae70_0 .net *"_s728", 0 0, L_0x1d45ab0; 1 drivers
v0x1d2af10_0 .net *"_s730", 0 0, L_0x1d45bb0; 1 drivers
v0x1d2afb0_0 .net *"_s735", 0 0, L_0x1d467b0; 1 drivers
v0x1d2b050_0 .net *"_s737", 0 0, L_0x1d46850; 1 drivers
v0x1d2b0f0_0 .net *"_s739", 0 0, L_0x1d468f0; 1 drivers
v0x1d2b190_0 .net *"_s740", 0 0, L_0x1d46990; 1 drivers
v0x1d2b230_0 .net *"_s742", 0 0, L_0x1d46a90; 1 drivers
v0x1d2b2d0_0 .net *"_s747", 0 0, L_0x1d46c80; 1 drivers
v0x1d2b370_0 .net *"_s749", 0 0, L_0x1d46d20; 1 drivers
v0x1d2b410_0 .net *"_s75", 0 0, L_0x1d342a0; 1 drivers
v0x1d2b4b0_0 .net *"_s751", 0 0, L_0x1d46dc0; 1 drivers
v0x1d2b550_0 .net *"_s752", 0 0, L_0x1d46e60; 1 drivers
v0x1d2b5f0_0 .net *"_s754", 0 0, L_0x1d46f60; 1 drivers
v0x1d2b690_0 .net *"_s759", 0 0, L_0x1d47510; 1 drivers
v0x1d2b730_0 .net *"_s761", 0 0, L_0x1d475b0; 1 drivers
v0x1d2b7d0_0 .net *"_s763", 0 0, L_0x1d47650; 1 drivers
v0x1d2cd40_0 .net *"_s764", 0 0, L_0x1d476f0; 1 drivers
v0x1d2b9c0_0 .net *"_s766", 0 0, L_0x1d477f0; 1 drivers
v0x1d2ba60_0 .net *"_s77", 0 0, L_0x1d340a0; 1 drivers
v0x1d2bb00_0 .net *"_s771", 0 0, L_0x1d479e0; 1 drivers
v0x1d2bba0_0 .net *"_s773", 0 0, L_0x1d46370; 1 drivers
v0x1d2bc40_0 .net *"_s775", 0 0, L_0x1d46410; 1 drivers
v0x1d2bce0_0 .net *"_s776", 0 0, L_0x1d464b0; 1 drivers
v0x1d2bd80_0 .net *"_s778", 0 0, L_0x1d465b0; 1 drivers
v0x1d2be20_0 .net *"_s78", 0 0, L_0x1d34410; 1 drivers
v0x1d2bec0_0 .net *"_s783", 0 0, L_0x1d47150; 1 drivers
v0x1d2bf60_0 .net *"_s785", 0 0, L_0x1d471f0; 1 drivers
v0x1d2c000_0 .net *"_s787", 0 0, L_0x1d47290; 1 drivers
v0x1d2c0a0_0 .net *"_s788", 0 0, L_0x1d47330; 1 drivers
v0x1d2c140_0 .net *"_s790", 0 0, L_0x1d44d50; 1 drivers
v0x1d2c1e0_0 .net *"_s795", 0 0, L_0x1d48420; 1 drivers
v0x1d2c280_0 .net *"_s797", 0 0, L_0x1d484c0; 1 drivers
v0x1d2c320_0 .net *"_s799", 0 0, L_0x1d48560; 1 drivers
v0x1d2c3c0_0 .net *"_s800", 0 0, L_0x1d48600; 1 drivers
v0x1d2c460_0 .net *"_s802", 0 0, L_0x1d48700; 1 drivers
v0x1d2c500_0 .net *"_s807", 0 0, L_0x1d44a10; 1 drivers
v0x1d2c5a0_0 .net *"_s809", 0 0, L_0x1d44ab0; 1 drivers
v0x1d2c640_0 .net *"_s811", 0 0, L_0x1d44b50; 1 drivers
v0x1d2c6e0_0 .net *"_s812", 0 0, L_0x1d44bf0; 1 drivers
v0x1d2c780_0 .net *"_s814", 0 0, L_0x1d44cf0; 1 drivers
v0x1d2c820_0 .net *"_s819", 0 0, L_0x1d461c0; 1 drivers
v0x1d2c8c0_0 .net *"_s821", 0 0, L_0x1d491f0; 1 drivers
v0x1d2c960_0 .net *"_s823", 0 0, L_0x1d48a60; 1 drivers
v0x1d2ca00_0 .net *"_s824", 0 0, L_0x1d48b00; 1 drivers
v0x1d2caa0_0 .net *"_s826", 0 0, L_0x1d46260; 1 drivers
v0x1d2cb40_0 .net *"_s83", 0 0, L_0x1d34340; 1 drivers
v0x1d2cbe0_0 .net *"_s831", 0 0, L_0x1d48de0; 1 drivers
v0x1d2cc80_0 .net *"_s833", 0 0, L_0x1d48e80; 1 drivers
v0x1d2e240_0 .net *"_s835", 0 0, L_0x1d48f20; 1 drivers
v0x1d2cdc0_0 .net *"_s836", 0 0, L_0x1d48fc0; 1 drivers
v0x1d2ce40_0 .net *"_s838", 0 0, L_0x1d490c0; 1 drivers
v0x1d2cee0_0 .net *"_s843", 0 0, L_0x1d498a0; 1 drivers
v0x1d2cf80_0 .net *"_s845", 0 0, L_0x1d49940; 1 drivers
v0x1d2d020_0 .net *"_s847", 0 0, L_0x1d499e0; 1 drivers
v0x1d2d0c0_0 .net *"_s848", 0 0, L_0x1d49a80; 1 drivers
v0x1d2d160_0 .net *"_s85", 0 0, L_0x1d347f0; 1 drivers
v0x1d2d200_0 .net *"_s850", 0 0, L_0x1d49b80; 1 drivers
v0x1d2d2a0_0 .net *"_s855", 0 0, L_0x1d49df0; 1 drivers
v0x1d2d340_0 .net *"_s857", 0 0, L_0x1d49e90; 1 drivers
v0x1d2d3e0_0 .net *"_s859", 0 0, L_0x1d49f30; 1 drivers
v0x1d2d480_0 .net *"_s86", 0 0, L_0x1d33630; 1 drivers
v0x1d2d520_0 .net *"_s860", 0 0, L_0x1d49fd0; 1 drivers
v0x1d2d5c0_0 .net *"_s862", 0 0, L_0x1d4a0d0; 1 drivers
v0x1d2d660_0 .net *"_s867", 0 0, L_0x1d49470; 1 drivers
v0x1d2d700_0 .net *"_s869", 0 0, L_0x1d49510; 1 drivers
v0x1d2d7a0_0 .net *"_s871", 0 0, L_0x1d495b0; 1 drivers
v0x1d2d840_0 .net *"_s872", 0 0, L_0x1d49650; 1 drivers
v0x1d2d8e0_0 .net *"_s874", 0 0, L_0x1d49750; 1 drivers
v0x1d2d980_0 .net *"_s879", 0 0, L_0x1d4ac10; 1 drivers
v0x1d2da20_0 .net *"_s881", 0 0, L_0x1d4acb0; 1 drivers
v0x1d2dac0_0 .net *"_s883", 0 0, L_0x1d4ad50; 1 drivers
v0x1d2db60_0 .net *"_s884", 0 0, L_0x1d4a220; 1 drivers
v0x1d2dc00_0 .net *"_s886", 0 0, L_0x1d4a320; 1 drivers
v0x1d2dca0_0 .net *"_s891", 0 0, L_0x1d4a510; 1 drivers
v0x1d2dd40_0 .net *"_s893", 0 0, L_0x1d4a5b0; 1 drivers
v0x1d2dde0_0 .net *"_s895", 0 0, L_0x1d4a710; 1 drivers
v0x1d2de80_0 .net *"_s896", 0 0, L_0x1d4a7b0; 1 drivers
v0x1d2df20_0 .net *"_s898", 0 0, L_0x1d4a8b0; 1 drivers
v0x1d2dfc0_0 .net *"_s9", 0 0, L_0x1d30ac0; 1 drivers
v0x1d2e060_0 .net *"_s903", 0 0, L_0x1d4aaa0; 1 drivers
v0x1d2e100_0 .net *"_s905", 0 0, L_0x1d4b270; 1 drivers
v0x1d2e1a0_0 .net *"_s907", 0 0, L_0x1d4b310; 1 drivers
v0x1d2f850_0 .net *"_s908", 0 0, L_0x1d4b3b0; 1 drivers
v0x1d2e2e0_0 .net *"_s91", 0 0, L_0x1d34b00; 1 drivers
v0x1d2e380_0 .net *"_s910", 0 0, L_0x1d4b4b0; 1 drivers
v0x1d2e420_0 .net *"_s915", 0 0, L_0x1d4bb30; 1 drivers
v0x1d2e4c0_0 .net *"_s917", 0 0, L_0x1d4adf0; 1 drivers
v0x1d2e560_0 .net *"_s919", 0 0, L_0x1d4ae90; 1 drivers
v0x1d2e600_0 .net *"_s920", 0 0, L_0x1d4af30; 1 drivers
v0x1d2e6a0_0 .net *"_s922", 0 0, L_0x1d4b030; 1 drivers
v0x1d2e740_0 .net *"_s927", 0 0, L_0x1d4b600; 1 drivers
v0x1d2e7e0_0 .net *"_s929", 0 0, L_0x1d4b6a0; 1 drivers
v0x1d2e880_0 .net *"_s93", 0 0, L_0x1d34890; 1 drivers
v0x1d2e920_0 .net *"_s931", 0 0, L_0x1d4b740; 1 drivers
v0x1d2e9c0_0 .net *"_s932", 0 0, L_0x1d4b7e0; 1 drivers
v0x1d2ea60_0 .net *"_s934", 0 0, L_0x1d4b890; 1 drivers
v0x1d2eb00_0 .net *"_s939", 0 0, L_0x1d4c080; 1 drivers
v0x1d2eba0_0 .net *"_s94", 0 0, L_0x1d34ca0; 1 drivers
v0x1d2ec40_0 .net *"_s941", 0 0, L_0x1d4c120; 1 drivers
v0x1d2ece0_0 .net *"_s943", 0 0, L_0x1d4c1c0; 1 drivers
v0x1d2ed80_0 .net *"_s944", 0 0, L_0x1d4c260; 1 drivers
v0x1d2ee20_0 .net *"_s946", 0 0, L_0x1d4c360; 1 drivers
v0x1d2eec0_0 .net *"_s951", 0 0, L_0x1d4bbd0; 1 drivers
v0x1d2ef60_0 .net *"_s953", 0 0, L_0x1d4bc70; 1 drivers
v0x1d2f000_0 .net *"_s955", 0 0, L_0x1d4bd10; 1 drivers
v0x1d2f0a0_0 .net *"_s956", 0 0, L_0x1d4bdb0; 1 drivers
v0x1d2f140_0 .net *"_s958", 0 0, L_0x1d4beb0; 1 drivers
v0x1d2f1e0_0 .net *"_s963", 0 0, L_0x1d4c550; 1 drivers
v0x1d2f280_0 .net *"_s965", 0 0, L_0x1d4c5f0; 1 drivers
v0x1d2f320_0 .net *"_s967", 0 0, L_0x1d4c690; 1 drivers
v0x1d2f3c0_0 .net *"_s968", 0 0, L_0x1d4c730; 1 drivers
v0x1d2f460_0 .net *"_s970", 0 0, L_0x1d4c830; 1 drivers
v0x1d2f500_0 .net *"_s975", 0 0, L_0x1d4cf90; 1 drivers
v0x1d2f5a0_0 .net *"_s977", 0 0, L_0x1d4d030; 1 drivers
v0x1d2f640_0 .net *"_s979", 0 0, L_0x1d4d0d0; 1 drivers
v0x1d2f6e0_0 .net *"_s980", 0 0, L_0x1d4d170; 1 drivers
v0x1d2f780_0 .net *"_s982", 0 0, L_0x1d4d270; 1 drivers
v0x1d30f80_0 .net *"_s987", 7 0, L_0x1d4ca10; 1 drivers
v0x1d31000_0 .net *"_s99", 0 0, L_0x1d34ba0; 1 drivers
v0x1d2f8f0_0 .net *"_s991", 0 0, L_0x1d4cba0; 1 drivers
v0x1d2f990_0 .net *"_s993", 0 0, L_0x1d4cc40; 1 drivers
v0x1d2fa30_0 .net *"_s995", 0 0, L_0x1d4cce0; 1 drivers
v0x1d2fad0_0 .net *"_s996", 0 0, L_0x1d4cd80; 1 drivers
v0x1d2fb70_0 .net *"_s998", 0 0, L_0x1d4ce80; 1 drivers
v0x1d2fc10_0 .net "a", 16 1, v0x1d302f0_0; 1 drivers
v0x1d2fcb0_0 .net "b", 16 1, v0x1d303c0_0; 1 drivers
RS_0x7fb10d1b7988/0/0 .resolv tri, L_0x1d306b0, L_0x1d328b0, L_0x1d332a0, L_0x1d33590;
RS_0x7fb10d1b7988/0/4 .resolv tri, L_0x1d33a10, L_0x1d33eb0, L_0x1d34200, L_0x1d34560;
RS_0x7fb10d1b7988/0/8 .resolv tri, L_0x1d34a60, L_0x1d34da0, L_0x1d351b0, L_0x1d354c0;
RS_0x7fb10d1b7988/0/12 .resolv tri, L_0x1d350f0, L_0x1d35740, L_0x1d35890, L_0x1d364c0;
RS_0x7fb10d1b7988/0/16 .resolv tri, L_0x1d36130, L_0x1d36cf0, L_0x1d36970, L_0x1d37420;
RS_0x7fb10d1b7988/0/20 .resolv tri, L_0x1d37060, L_0x1d37b20, L_0x1d37770, L_0x1d37d60;
RS_0x7fb10d1b7988/0/24 .resolv tri, L_0x1d37ea0, L_0x1d38570, L_0x1d38190, L_0x1d38ac0;
RS_0x7fb10d1b7988/0/28 .resolv tri, L_0x1d39170, L_0x1d35d50, L_0x1d38f50, L_0x1d398b0;
RS_0x7fb10d1b7988/1/0 .resolv tri, RS_0x7fb10d1b7988/0/0, RS_0x7fb10d1b7988/0/4, RS_0x7fb10d1b7988/0/8, RS_0x7fb10d1b7988/0/12;
RS_0x7fb10d1b7988/1/4 .resolv tri, RS_0x7fb10d1b7988/0/16, RS_0x7fb10d1b7988/0/20, RS_0x7fb10d1b7988/0/24, RS_0x7fb10d1b7988/0/28;
RS_0x7fb10d1b7988 .resolv tri, RS_0x7fb10d1b7988/1/0, RS_0x7fb10d1b7988/1/4, C4<zzzzzzzzzzzzzzzzzzzzzzzzzzzzzzzz>, C4<zzzzzzzzzzzzzzzzzzzzzzzzzzzzzzzz>;
v0x1d2fd50_0 .net8 "c", 32 1, RS_0x7fb10d1b7988; 32 drivers
v0x1d2fdf0_0 .alias "carry", 0 0, v0x1d30470_0;
v0x1d2fe90_0 .net "cin", 0 0, v0x1d30520_0; 1 drivers
RS_0x7fb10d1b7a18/0/0 .resolv tri, L_0x1d38840, L_0x1d39fa0, L_0x1d39e00, L_0x1d3ac60;
RS_0x7fb10d1b7a18/0/4 .resolv tri, L_0x1d3b190, L_0x1d3b740, L_0x1d3bc10, L_0x1d3c0e0;
RS_0x7fb10d1b7a18/0/8 .resolv tri, L_0x1d3c6c0, L_0x1d3cd60, L_0x1d3d2d0, L_0x1d3d7f0;
RS_0x7fb10d1b7a18/0/12 .resolv tri, L_0x1d3a430, L_0x1d3a230, L_0x1d3e8a0, L_0x1d3f310;
RS_0x7fb10d1b7a18/0/16 .resolv tri, L_0x1d3ef50, L_0x1d3f960, L_0x1d3f710, L_0x1d403d0;
RS_0x7fb10d1b7a18/0/20 .resolv tri, L_0x1d40800, L_0x1d3ffd0, L_0x1d41150, L_0x1d40eb0;
RS_0x7fb10d1b7a18/0/24 .resolv tri, L_0x1d41ab0, L_0x1d417f0, L_0x1d42500, L_0x1d42220;
RS_0x7fb10d1b7a18/0/28 .resolv tri, L_0x1d42f00, L_0x1d42c00, L_0x1d43a20, C4<zzzzzzzzzzzzzzzzzzzzzzzzzzzzzzzz>;
RS_0x7fb10d1b7a18/1/0 .resolv tri, RS_0x7fb10d1b7a18/0/0, RS_0x7fb10d1b7a18/0/4, RS_0x7fb10d1b7a18/0/8, RS_0x7fb10d1b7a18/0/12;
RS_0x7fb10d1b7a18/1/4 .resolv tri, RS_0x7fb10d1b7a18/0/16, RS_0x7fb10d1b7a18/0/20, RS_0x7fb10d1b7a18/0/24, RS_0x7fb10d1b7a18/0/28;
RS_0x7fb10d1b7a18 .resolv tri, RS_0x7fb10d1b7a18/1/0, RS_0x7fb10d1b7a18/1/4, C4<zzzzzzzzzzzzzzzzzzzzzzzzzzzzzzzz>, C4<zzzzzzzzzzzzzzzzzzzzzzzzzzzzzzzz>;
v0x1d2ff30_0 .net8 "p", 32 1, RS_0x7fb10d1b7a18; 31 drivers
RS_0x7fb10d1b7a48/0/0 .resolv tri, L_0x1d43700, L_0x1d43890, L_0x1d443a0, L_0x1d448d0;
RS_0x7fb10d1b7a48/0/4 .resolv tri, L_0x1d45270, L_0x1d45740, L_0x1d45c50, L_0x1d46120;
RS_0x7fb10d1b7a48/0/8 .resolv tri, L_0x1d46710, L_0x1d46be0, L_0x1d47470, L_0x1d47940;
RS_0x7fb10d1b7a48/0/12 .resolv tri, L_0x1d470b0, L_0x1d48380, L_0x1d44970, L_0x1d49150;
RS_0x7fb10d1b7a48/0/16 .resolv tri, L_0x1d48d40, L_0x1d49800, L_0x1d49d50, L_0x1d493d0;
RS_0x7fb10d1b7a48/0/20 .resolv tri, L_0x1d4ab70, L_0x1d4a470, L_0x1d4aa00, L_0x1d4ba90;
RS_0x7fb10d1b7a48/0/24 .resolv tri, L_0x1d4b180, L_0x1d4b9e0, L_0x1d4c970, L_0x1d4c4b0;
RS_0x7fb10d1b7a48/0/28 .resolv tri, L_0x1d4cef0, C4<zzzzzzzzzzzzzzzzzzzzzzzzzzzzzzzz>, C4<zzzzzzzzzzzzzzzzzzzzzzzzzzzzzzzz>, C4<zzzzzzzzzzzzzzzzzzzzzzzzzzzzzzzz>;
RS_0x7fb10d1b7a48/1/0 .resolv tri, RS_0x7fb10d1b7a48/0/0, RS_0x7fb10d1b7a48/0/4, RS_0x7fb10d1b7a48/0/8, RS_0x7fb10d1b7a48/0/12;
RS_0x7fb10d1b7a48/1/4 .resolv tri, RS_0x7fb10d1b7a48/0/16, RS_0x7fb10d1b7a48/0/20, RS_0x7fb10d1b7a48/0/24, RS_0x7fb10d1b7a48/0/28;
RS_0x7fb10d1b7a48 .resolv tri, RS_0x7fb10d1b7a48/1/0, RS_0x7fb10d1b7a48/1/4, C4<zzzzzzzzzzzzzzzzzzzzzzzzzzzzzzzz>, C4<zzzzzzzzzzzzzzzzzzzzzzzzzzzzzzzz>;
v0x1d2ffd0_0 .net8 "q", 32 1, RS_0x7fb10d1b7a48; 29 drivers
RS_0x7fb10d1b7a78/0/0 .resolv tri, L_0x1d4d8b0, L_0x1d4cab0, L_0x1d48940, L_0x1d4d7a0;
RS_0x7fb10d1b7a78/0/4 .resolv tri, L_0x1d4e320, L_0x1d4ddd0, L_0x1d4f700, L_0x1d4ebf0;
RS_0x7fb10d1b7a78/0/8 .resolv tri, L_0x1d4f560, L_0x1d50640, L_0x1d4f930, L_0x1d50170;
RS_0x7fb10d1b7a78/0/12 .resolv tri, L_0x1d50eb0, L_0x1d4e570, L_0x1d50b00, L_0x1d52720;
RS_0x7fb10d1b7a78/0/16 .resolv tri, L_0x1d51b30, L_0x1d52150, L_0x1d52620, L_0x1d53bf0;
RS_0x7fb10d1b7a78/0/20 .resolv tri, L_0x1d52e60, L_0x1d53730, L_0x1d53e70, L_0x1d54340;
RS_0x7fb10d1b7a78/0/24 .resolv tri, L_0x1d54ed0, C4<zzzzzzzzzzzzzzzzzzzzzzzzzzzzzzzz>, C4<zzzzzzzzzzzzzzzzzzzzzzzzzzzzzzzz>, C4<zzzzzzzzzzzzzzzzzzzzzzzzzzzzzzzz>;
RS_0x7fb10d1b7a78/1/0 .resolv tri, RS_0x7fb10d1b7a78/0/0, RS_0x7fb10d1b7a78/0/4, RS_0x7fb10d1b7a78/0/8, RS_0x7fb10d1b7a78/0/12;
RS_0x7fb10d1b7a78/1/4 .resolv tri, RS_0x7fb10d1b7a78/0/16, RS_0x7fb10d1b7a78/0/20, RS_0x7fb10d1b7a78/0/24, C4<zzzzzzzzzzzzzzzzzzzzzzzzzzzzzzzz>;
RS_0x7fb10d1b7a78 .resolv tri, RS_0x7fb10d1b7a78/1/0, RS_0x7fb10d1b7a78/1/4, C4<zzzzzzzzzzzzzzzzzzzzzzzzzzzzzzzz>, C4<zzzzzzzzzzzzzzzzzzzzzzzzzzzzzzzz>;
v0x1d30070_0 .net8 "r", 32 1, RS_0x7fb10d1b7a78; 25 drivers
RS_0x7fb10d1b7aa8/0/0 .resolv tri, L_0x1d544f0, L_0x1d54630, L_0x1d560e0, L_0x1d563b0;
RS_0x7fb10d1b7aa8/0/4 .resolv tri, L_0x1d557b0, L_0x1d55cf0, L_0x1d576d0, L_0x1d56a60;
RS_0x7fb10d1b7aa8/0/8 .resolv tri, L_0x1d57060, L_0x1d57530, L_0x1d58b20, L_0x1d57a50;
RS_0x7fb10d1b7aa8/0/12 .resolv tri, L_0x1d57f20, L_0x1d587b0, L_0x1d554f0, L_0x1d591b0;
RS_0x7fb10d1b7aa8/0/16 .resolv tri, L_0x1d59ea0, C4<zzzzzzzzzzzzzzzzzzzzzzzzzzzzzzzz>, C4<zzzzzzzzzzzzzzzzzzzzzzzzzzzzzzzz>, C4<zzzzzzzzzzzzzzzzzzzzzzzzzzzzzzzz>;
RS_0x7fb10d1b7aa8/1/0 .resolv tri, RS_0x7fb10d1b7aa8/0/0, RS_0x7fb10d1b7aa8/0/4, RS_0x7fb10d1b7aa8/0/8, RS_0x7fb10d1b7aa8/0/12;
RS_0x7fb10d1b7aa8/1/4 .resolv tri, RS_0x7fb10d1b7aa8/0/16, C4<zzzzzzzzzzzzzzzzzzzzzzzzzzzzzzzz>, C4<zzzzzzzzzzzzzzzzzzzzzzzzzzzzzzzz>, C4<zzzzzzzzzzzzzzzzzzzzzzzzzzzzzzzz>;
RS_0x7fb10d1b7aa8 .resolv tri, RS_0x7fb10d1b7aa8/1/0, RS_0x7fb10d1b7aa8/1/4, C4<zzzzzzzzzzzzzzzzzzzzzzzzzzzzzzzz>, C4<zzzzzzzzzzzzzzzzzzzzzzzzzzzzzzzz>;
v0x1d30110_0 .net8 "s", 32 1, RS_0x7fb10d1b7aa8; 17 drivers
v0x1d301b0_0 .alias "sum", 16 1, v0x1d30600_0;
RS_0x7fb10d1b7b08/0/0 .resolv tri, L_0x1d5a370, L_0x1d5afa0, L_0x1d5baa0, L_0x1d5a930;
RS_0x7fb10d1b7b08/0/4 .resolv tri, L_0x1d5aca0, L_0x1d5b470, L_0x1d5b7a0, L_0x1d5c3e0;
RS_0x7fb10d1b7b08/0/8 .resolv tri, L_0x1d5d1f0, L_0x1d5bd80, L_0x1d5c0b0, L_0x1d5ca40;
RS_0x7fb10d1b7b08/0/12 .resolv tri, L_0x1d5cd70, L_0x1d5d0a0, L_0x1d5e530, L_0x1d5e860;
RS_0x7fb10d1b7b08 .resolv tri, RS_0x7fb10d1b7b08/0/0, RS_0x7fb10d1b7b08/0/4, RS_0x7fb10d1b7b08/0/8, RS_0x7fb10d1b7b08/0/12;
v0x1d30250_0 .net8 "t", 16 1, RS_0x7fb10d1b7b08; 16 drivers
L_0x1d306b0 .part/pv L_0x1d30ee0, 0, 1, 32;
L_0x1d307b0 .part v0x1d302f0_0, 0, 1;
L_0x1d308d0 .part v0x1d303c0_0, 0, 1;
L_0x1d30ac0 .part v0x1d303c0_0, 0, 1;
L_0x1d30d90 .part v0x1d302f0_0, 0, 1;
L_0x1d328b0 .part/pv L_0x1d330f0, 1, 1, 32;
L_0x1d329a0 .part v0x1d302f0_0, 0, 1;
L_0x1d32ad0 .part v0x1d303c0_0, 0, 1;
L_0x1d32cb0 .part v0x1d303c0_0, 0, 1;
L_0x1d32f90 .part v0x1d302f0_0, 0, 1;
L_0x1d332a0 .part/pv L_0x1d33030, 2, 1, 32;
L_0x1d33340 .part v0x1d302f0_0, 1, 1;
L_0x1d33450 .part v0x1d303c0_0, 1, 1;
L_0x1d33590 .part/pv L_0x1d33910, 3, 1, 32;
L_0x1d33740 .part v0x1d302f0_0, 1, 1;
L_0x1d337e0 .part v0x1d303c0_0, 1, 1;
L_0x1d33a10 .part/pv L_0x1d33240, 4, 1, 32;
L_0x1d33ab0 .part v0x1d302f0_0, 2, 1;
L_0x1d33d00 .part v0x1d303c0_0, 2, 1;
L_0x1d33eb0 .part/pv L_0x1d33f50, 5, 1, 32;
L_0x1d33c60 .part v0x1d302f0_0, 2, 1;
L_0x1d34000 .part v0x1d303c0_0, 2, 1;
L_0x1d34200 .part/pv L_0x1d34410, 6, 1, 32;
L_0x1d342a0 .part v0x1d302f0_0, 3, 1;
L_0x1d340a0 .part v0x1d303c0_0, 3, 1;
L_0x1d34560 .part/pv L_0x1d33630, 7, 1, 32;
L_0x1d34340 .part v0x1d302f0_0, 3, 1;
L_0x1d347f0 .part v0x1d303c0_0, 3, 1;
L_0x1d34a60 .part/pv L_0x1d34ca0, 8, 1, 32;
L_0x1d34b00 .part v0x1d302f0_0, 4, 1;
L_0x1d34890 .part v0x1d303c0_0, 4, 1;
L_0x1d34da0 .part/pv L_0x1d34c40, 9, 1, 32;
L_0x1d34ba0 .part v0x1d302f0_0, 4, 1;
L_0x1d34f50 .part v0x1d303c0_0, 4, 1;
L_0x1d351b0 .part/pv L_0x1d35090, 10, 1, 32;
L_0x1d35250 .part v0x1d302f0_0, 5, 1;
L_0x1d34ff0 .part v0x1d303c0_0, 5, 1;
L_0x1d354c0 .part/pv L_0x1d35390, 11, 1, 32;
L_0x1d352f0 .part v0x1d302f0_0, 5, 1;
L_0x1d356a0 .part v0x1d303c0_0, 5, 1;
L_0x1d350f0 .part/pv L_0x1d33bf0, 12, 1, 32;
L_0x1d35940 .part v0x1d302f0_0, 6, 1;
L_0x1d33b50 .part v0x1d303c0_0, 6, 1;
L_0x1d35740 .part/pv L_0x1d35c90, 13, 1, 32;
L_0x1d357e0 .part v0x1d302f0_0, 6, 1;
L_0x1d35bf0 .part v0x1d303c0_0, 6, 1;
L_0x1d35890 .part/pv L_0x1d36000, 14, 1, 32;
L_0x1d361f0 .part v0x1d302f0_0, 7, 1;
L_0x1d35f60 .part v0x1d303c0_0, 7, 1;
L_0x1d364c0 .part/pv L_0x1d36330, 15, 1, 32;
L_0x1d34600 .part v0x1d302f0_0, 7, 1;
L_0x1d36290 .part v0x1d303c0_0, 7, 1;
L_0x1d36130 .part/pv L_0x1d36810, 16, 1, 32;
L_0x1d36a40 .part v0x1d302f0_0, 8, 1;
L_0x1d36770 .part v0x1d303c0_0, 8, 1;
L_0x1d36cf0 .part/pv L_0x1d36c20, 17, 1, 32;
L_0x1d36ae0 .part v0x1d302f0_0, 8, 1;
L_0x1d36b80 .part v0x1d303c0_0, 8, 1;
L_0x1d36970 .part/pv L_0x1d36e30, 18, 1, 32;
L_0x1d37140 .part v0x1d302f0_0, 9, 1;
L_0x1d36d90 .part v0x1d303c0_0, 9, 1;
L_0x1d37420 .part/pv L_0x1d37320, 19, 1, 32;
L_0x1d371e0 .part v0x1d302f0_0, 9, 1;
L_0x1d37280 .part v0x1d303c0_0, 9, 1;
L_0x1d37060 .part/pv L_0x1d37560, 20, 1, 32;
L_0x1d37860 .part v0x1d302f0_0, 10, 1;
L_0x1d374c0 .part v0x1d303c0_0, 10, 1;
L_0x1d37b20 .part/pv L_0x1d37a40, 21, 1, 32;
L_0x1d37900 .part v0x1d302f0_0, 10, 1;
L_0x1d379a0 .part v0x1d303c0_0, 10, 1;
L_0x1d37770 .part/pv L_0x1d37c60, 22, 1, 32;
L_0x1d37fa0 .part v0x1d302f0_0, 11, 1;
L_0x1d37bc0 .part v0x1d303c0_0, 11, 1;
L_0x1d37d60 .part/pv L_0x1d38040, 23, 1, 32;
L_0x1d382a0 .part v0x1d302f0_0, 11, 1;
L_0x1d38340 .part v0x1d303c0_0, 11, 1;
L_0x1d37ea0 .part/pv L_0x1d37f40, 24, 1, 32;
L_0x1d38650 .part v0x1d302f0_0, 12, 1;
L_0x1d383e0 .part v0x1d303c0_0, 12, 1;
L_0x1d38570 .part/pv L_0x1d386f0, 25, 1, 32;
L_0x1d38980 .part v0x1d302f0_0, 12, 1;
L_0x1d38a20 .part v0x1d303c0_0, 12, 1;
L_0x1d38190 .part/pv L_0x1d30750, 26, 1, 32;
L_0x1d38d60 .part v0x1d302f0_0, 13, 1;
L_0x1d33690 .part v0x1d303c0_0, 13, 1;
L_0x1d38ac0 .part/pv L_0x1d38ca0, 27, 1, 32;
L_0x1d38b60 .part v0x1d302f0_0, 13, 1;
L_0x1d38c00 .part v0x1d303c0_0, 13, 1;
L_0x1d39170 .part/pv L_0x1d35a80, 28, 1, 32;
L_0x1d39210 .part v0x1d302f0_0, 14, 1;
L_0x1d359e0 .part v0x1d303c0_0, 14, 1;
L_0x1d35d50 .part/pv L_0x1d38e00, 29, 1, 32;
L_0x1d35df0 .part v0x1d302f0_0, 14, 1;
L_0x1d35e90 .part v0x1d303c0_0, 14, 1;
L_0x1d38f50 .part/pv L_0x1d39760, 30, 1, 32;
L_0x1d38ff0 .part v0x1d302f0_0, 15, 1;
L_0x1d396c0 .part v0x1d303c0_0, 15, 1;
L_0x1d398b0 .part/pv L_0x1d366a0, 31, 1, 32;
L_0x1d36560 .part v0x1d302f0_0, 15, 1;
L_0x1d36600 .part v0x1d303c0_0, 15, 1;
L_0x1d38840 .part/pv L_0x1d388e0, 0, 2, 32;
L_0x1d388e0 .part RS_0x7fb10d1b7988, 0, 2;
L_0x1d39fa0 .part/pv L_0x1d3a710, 2, 1, 32;
L_0x1d3a810 .part RS_0x7fb10d1b7988, 2, 1;
L_0x1d3a4d0 .part RS_0x7fb10d1b7988, 3, 1;
L_0x1d3a570 .part RS_0x7fb10d1b7988, 0, 1;
L_0x1d39e00 .part/pv L_0x1d3aaf0, 3, 1, 32;
L_0x1d39ea0 .part RS_0x7fb10d1b7988, 2, 1;
L_0x1d3a8b0 .part RS_0x7fb10d1b7988, 3, 1;
L_0x1d3a950 .part RS_0x7fb10d1b7988, 1, 1;
L_0x1d3ac60 .part/pv L_0x1d3af80, 4, 1, 32;
L_0x1d3b300 .part RS_0x7fb10d1b7988, 4, 1;
L_0x1d3ad90 .part RS_0x7fb10d1b7988, 5, 1;
L_0x1d3ae30 .part RS_0x7fb10d1b7988, 2, 1;
L_0x1d3b190 .part/pv L_0x1d3b5e0, 5, 1, 32;
L_0x1d3b230 .part RS_0x7fb10d1b7988, 4, 1;
L_0x1d3b3a0 .part RS_0x7fb10d1b7988, 5, 1;
L_0x1d3b440 .part RS_0x7fb10d1b7988, 3, 1;
L_0x1d3b740 .part/pv L_0x1d3bac0, 6, 1, 32;
L_0x1d3b7e0 .part RS_0x7fb10d1b7988, 6, 1;
L_0x1d3b880 .part RS_0x7fb10d1b7988, 7, 1;
L_0x1d3b920 .part RS_0x7fb10d1b7988, 4, 1;
L_0x1d3bc10 .part/pv L_0x1d3bf90, 7, 1, 32;
L_0x1d3bcb0 .part RS_0x7fb10d1b7988, 6, 1;
L_0x1d3bd50 .part RS_0x7fb10d1b7988, 7, 1;
L_0x1d3bdf0 .part RS_0x7fb10d1b7988, 5, 1;
L_0x1d3c0e0 .part/pv L_0x1d3c570, 8, 1, 32;
L_0x1d3c290 .part RS_0x7fb10d1b7988, 8, 1;
L_0x1d3c330 .part RS_0x7fb10d1b7988, 9, 1;
L_0x1d3c3d0 .part RS_0x7fb10d1b7988, 6, 1;
L_0x1d3c6c0 .part/pv L_0x1d3ca40, 9, 1, 32;
L_0x1d3c760 .part RS_0x7fb10d1b7988, 8, 1;
L_0x1d3c800 .part RS_0x7fb10d1b7988, 9, 1;
L_0x1d3c8a0 .part RS_0x7fb10d1b7988, 7, 1;
L_0x1d3cd60 .part/pv L_0x1d3cfa0, 10, 1, 32;
L_0x1d3ce00 .part RS_0x7fb10d1b7988, 10, 1;
L_0x1d3d370 .part RS_0x7fb10d1b7988, 11, 1;
L_0x1d3d410 .part RS_0x7fb10d1b7988, 8, 1;
L_0x1d3d2d0 .part/pv L_0x1d3d4b0, 11, 1, 32;
L_0x1d3cb90 .part RS_0x7fb10d1b7988, 10, 1;
L_0x1d3cc30 .part RS_0x7fb10d1b7988, 11, 1;
L_0x1d3d920 .part RS_0x7fb10d1b7988, 9, 1;
L_0x1d3d7f0 .part/pv L_0x1d3a0e0, 12, 1, 32;
L_0x1d3d0f0 .part RS_0x7fb10d1b7988, 12, 1;
L_0x1d3d190 .part RS_0x7fb10d1b7988, 13, 1;
L_0x1d3d230 .part RS_0x7fb10d1b7988, 10, 1;
L_0x1d3a430 .part/pv L_0x1d3dac0, 13, 1, 32;
L_0x1d3d600 .part RS_0x7fb10d1b7988, 12, 1;
L_0x1d3d6a0 .part RS_0x7fb10d1b7988, 13, 1;
L_0x1d3d740 .part RS_0x7fb10d1b7988, 11, 1;
L_0x1d3a230 .part/pv L_0x1d3e750, 14, 1, 32;
L_0x1d3a2d0 .part RS_0x7fb10d1b7988, 14, 1;
L_0x1d3a370 .part RS_0x7fb10d1b7988, 15, 1;
L_0x1d3eb20 .part RS_0x7fb10d1b7988, 12, 1;
L_0x1d3e8a0 .part/pv L_0x1d3f1c0, 15, 1, 32;
L_0x1d3e940 .part RS_0x7fb10d1b7988, 14, 1;
L_0x1d3e9e0 .part RS_0x7fb10d1b7988, 15, 1;
L_0x1d3ea80 .part RS_0x7fb10d1b7988, 13, 1;
L_0x1d3f310 .part/pv L_0x1d3ee00, 16, 1, 32;
L_0x1d3c180 .part RS_0x7fb10d1b7988, 16, 1;
L_0x1d3ebc0 .part RS_0x7fb10d1b7988, 17, 1;
L_0x1d3ec60 .part RS_0x7fb10d1b7988, 14, 1;
L_0x1d3ef50 .part/pv L_0x1d3f5c0, 17, 1, 32;
L_0x1d3eff0 .part RS_0x7fb10d1b7988, 16, 1;
L_0x1d3dc10 .part RS_0x7fb10d1b7988, 17, 1;
L_0x1d3dcb0 .part RS_0x7fb10d1b7988, 15, 1;
L_0x1d3f960 .part/pv L_0x1d40280, 18, 1, 32;
L_0x1d3fa00 .part RS_0x7fb10d1b7988, 18, 1;
L_0x1d3faa0 .part RS_0x7fb10d1b7988, 19, 1;
L_0x1d3fb40 .part RS_0x7fb10d1b7988, 16, 1;
L_0x1d3f710 .part/pv L_0x1d3fe80, 19, 1, 32;
L_0x1d3f7b0 .part RS_0x7fb10d1b7988, 18, 1;
L_0x1d3f850 .part RS_0x7fb10d1b7988, 19, 1;
L_0x1d3fce0 .part RS_0x7fb10d1b7988, 17, 1;
L_0x1d403d0 .part/pv L_0x1d406b0, 20, 1, 32;
L_0x1d40470 .part RS_0x7fb10d1b7988, 20, 1;
L_0x1d40510 .part RS_0x7fb10d1b7988, 21, 1;
L_0x1d40bc0 .part RS_0x7fb10d1b7988, 18, 1;
L_0x1d40800 .part/pv L_0x1d3f8f0, 21, 1, 32;
L_0x1d408a0 .part RS_0x7fb10d1b7988, 20, 1;
L_0x1d40940 .part RS_0x7fb10d1b7988, 21, 1;
L_0x1d409e0 .part RS_0x7fb10d1b7988, 19, 1;
L_0x1d3ffd0 .part/pv L_0x1d40d60, 22, 1, 32;
L_0x1d40070 .part RS_0x7fb10d1b7988, 22, 1;
L_0x1d40110 .part RS_0x7fb10d1b7988, 23, 1;
L_0x1d401b0 .part RS_0x7fb10d1b7988, 20, 1;
L_0x1d41150 .part/pv L_0x1d41bf0, 23, 1, 32;
L_0x1d41310 .part RS_0x7fb10d1b7988, 22, 1;
L_0x1d413b0 .part RS_0x7fb10d1b7988, 23, 1;
L_0x1d41450 .part RS_0x7fb10d1b7988, 21, 1;
L_0x1d40eb0 .part/pv L_0x1d416a0, 24, 1, 32;
L_0x1d40f50 .part RS_0x7fb10d1b7988, 24, 1;
L_0x1d40ff0 .part RS_0x7fb10d1b7988, 25, 1;
L_0x1d41090 .part RS_0x7fb10d1b7988, 22, 1;
L_0x1d41ab0 .part/pv L_0x1d42630, 25, 1, 32;
L_0x1d41d40 .part RS_0x7fb10d1b7988, 24, 1;
L_0x1d41de0 .part RS_0x7fb10d1b7988, 25, 1;
L_0x1d41e80 .part RS_0x7fb10d1b7988, 23, 1;
L_0x1d417f0 .part/pv L_0x1d420d0, 26, 1, 32;
L_0x1d41890 .part RS_0x7fb10d1b7988, 26, 1;
L_0x1d41930 .part RS_0x7fb10d1b7988, 27, 1;
L_0x1d419d0 .part RS_0x7fb10d1b7988, 24, 1;
L_0x1d42500 .part/pv L_0x1d430d0, 27, 1, 32;
L_0x1d42780 .part RS_0x7fb10d1b7988, 26, 1;
L_0x1d42820 .part RS_0x7fb10d1b7988, 27, 1;
L_0x1d428c0 .part RS_0x7fb10d1b7988, 25, 1;
L_0x1d42220 .part/pv L_0x1d42ab0, 28, 1, 32;
L_0x1d422c0 .part RS_0x7fb10d1b7988, 28, 1;
L_0x1d42360 .part RS_0x7fb10d1b7988, 29, 1;
L_0x1d42400 .part RS_0x7fb10d1b7988, 26, 1;
L_0x1d42f00 .part/pv L_0x1d43460, 29, 1, 32;
L_0x1d42fa0 .part RS_0x7fb10d1b7988, 28, 1;
L_0x1d43220 .part RS_0x7fb10d1b7988, 29, 1;
L_0x1d432c0 .part RS_0x7fb10d1b7988, 27, 1;
L_0x1d42c00 .part/pv L_0x1d435b0, 30, 1, 32;
L_0x1d42ca0 .part RS_0x7fb10d1b7988, 30, 1;
L_0x1d42d40 .part RS_0x7fb10d1b7988, 31, 1;
L_0x1d42de0 .part RS_0x7fb10d1b7988, 28, 1;
L_0x1d43a20 .part/pv L_0x1d43e60, 31, 1, 32;
L_0x1d43ac0 .part RS_0x7fb10d1b7988, 30, 1;
L_0x1d43c20 .part RS_0x7fb10d1b7988, 31, 1;
L_0x1d43cc0 .part RS_0x7fb10d1b7988, 29, 1;
L_0x1d43700 .part/pv L_0x1d437a0, 0, 4, 32;
L_0x1d437a0 .part RS_0x7fb10d1b7a18, 0, 4;
L_0x1d43890 .part/pv L_0x1d43f10, 4, 1, 32;
L_0x1d43930 .part RS_0x7fb10d1b7a18, 4, 1;
L_0x1d3f3b0 .part RS_0x7fb10d1b7a18, 5, 1;
L_0x1d3f450 .part RS_0x7fb10d1b7a18, 0, 1;
L_0x1d443a0 .part/pv L_0x1d44780, 5, 1, 32;
L_0x1d44440 .part RS_0x7fb10d1b7a18, 4, 1;
L_0x1d444e0 .part RS_0x7fb10d1b7a18, 5, 1;
L_0x1d44580 .part RS_0x7fb10d1b7a18, 1, 1;
L_0x1d448d0 .part/pv L_0x1d44dc0, 6, 1, 32;
L_0x1d440f0 .part RS_0x7fb10d1b7a18, 6, 1;
L_0x1d44190 .part RS_0x7fb10d1b7a18, 7, 1;
L_0x1d44230 .part RS_0x7fb10d1b7a18, 2, 1;
L_0x1d45270 .part/pv L_0x1d455f0, 7, 1, 32;
L_0x1d45310 .part RS_0x7fb10d1b7a18, 6, 1;
L_0x1d453b0 .part RS_0x7fb10d1b7a18, 7, 1;
L_0x1d45450 .part RS_0x7fb10d1b7a18, 3, 1;
L_0x1d45740 .part/pv L_0x1d451f0, 8, 1, 32;
L_0x1d44f10 .part RS_0x7fb10d1b7a18, 8, 1;
L_0x1d44fb0 .part RS_0x7fb10d1b7a18, 9, 1;
L_0x1d45050 .part RS_0x7fb10d1b7a18, 4, 1;
L_0x1d45c50 .part/pv L_0x1d45fd0, 9, 1, 32;
L_0x1d45cf0 .part RS_0x7fb10d1b7a18, 8, 1;
L_0x1d45d90 .part RS_0x7fb10d1b7a18, 9, 1;
L_0x1d45e30 .part RS_0x7fb10d1b7a18, 5, 1;
L_0x1d46120 .part/pv L_0x1d45bb0, 10, 1, 32;
L_0x1d458d0 .part RS_0x7fb10d1b7a18, 10, 1;
L_0x1d45970 .part RS_0x7fb10d1b7a18, 11, 1;
L_0x1d45a10 .part RS_0x7fb10d1b7a18, 6, 1;
L_0x1d46710 .part/pv L_0x1d46a90, 11, 1, 32;
L_0x1d467b0 .part RS_0x7fb10d1b7a18, 10, 1;
L_0x1d46850 .part RS_0x7fb10d1b7a18, 11, 1;
L_0x1d468f0 .part RS_0x7fb10d1b7a18, 7, 1;
L_0x1d46be0 .part/pv L_0x1d46f60, 12, 1, 32;
L_0x1d46c80 .part RS_0x7fb10d1b7a18, 12, 1;
L_0x1d46d20 .part RS_0x7fb10d1b7a18, 13, 1;
L_0x1d46dc0 .part RS_0x7fb10d1b7a18, 8, 1;
L_0x1d47470 .part/pv L_0x1d477f0, 13, 1, 32;
L_0x1d47510 .part RS_0x7fb10d1b7a18, 12, 1;
L_0x1d475b0 .part RS_0x7fb10d1b7a18, 13, 1;
L_0x1d47650 .part RS_0x7fb10d1b7a18, 9, 1;
L_0x1d47940 .part/pv L_0x1d465b0, 14, 1, 32;
L_0x1d479e0 .part RS_0x7fb10d1b7a18, 14, 1;
L_0x1d46370 .part RS_0x7fb10d1b7a18, 15, 1;
L_0x1d46410 .part RS_0x7fb10d1b7a18, 10, 1;
L_0x1d470b0 .part/pv L_0x1d44d50, 15, 1, 32;
L_0x1d47150 .part RS_0x7fb10d1b7a18, 14, 1;
L_0x1d471f0 .part RS_0x7fb10d1b7a18, 15, 1;
L_0x1d47290 .part RS_0x7fb10d1b7a18, 11, 1;
L_0x1d48380 .part/pv L_0x1d48700, 16, 1, 32;
L_0x1d48420 .part RS_0x7fb10d1b7a18, 16, 1;
L_0x1d484c0 .part RS_0x7fb10d1b7a18, 17, 1;
L_0x1d48560 .part RS_0x7fb10d1b7a18, 12, 1;
L_0x1d44970 .part/pv L_0x1d44cf0, 17, 1, 32;
L_0x1d44a10 .part RS_0x7fb10d1b7a18, 16, 1;
L_0x1d44ab0 .part RS_0x7fb10d1b7a18, 17, 1;
L_0x1d44b50 .part RS_0x7fb10d1b7a18, 13, 1;
L_0x1d49150 .part/pv L_0x1d46260, 18, 1, 32;
L_0x1d461c0 .part RS_0x7fb10d1b7a18, 18, 1;
L_0x1d491f0 .part RS_0x7fb10d1b7a18, 19, 1;
L_0x1d48a60 .part RS_0x7fb10d1b7a18, 14, 1;
L_0x1d48d40 .part/pv L_0x1d490c0, 19, 1, 32;
L_0x1d48de0 .part RS_0x7fb10d1b7a18, 18, 1;
L_0x1d48e80 .part RS_0x7fb10d1b7a18, 19, 1;
L_0x1d48f20 .part RS_0x7fb10d1b7a18, 15, 1;
L_0x1d49800 .part/pv L_0x1d49b80, 20, 1, 32;
L_0x1d498a0 .part RS_0x7fb10d1b7a18, 20, 1;
L_0x1d49940 .part RS_0x7fb10d1b7a18, 21, 1;
L_0x1d499e0 .part RS_0x7fb10d1b7a18, 16, 1;
L_0x1d49d50 .part/pv L_0x1d4a0d0, 21, 1, 32;
L_0x1d49df0 .part RS_0x7fb10d1b7a18, 20, 1;
L_0x1d49e90 .part RS_0x7fb10d1b7a18, 21, 1;
L_0x1d49f30 .part RS_0x7fb10d1b7a18, 17, 1;
L_0x1d493d0 .part/pv L_0x1d49750, 22, 1, 32;
L_0x1d49470 .part RS_0x7fb10d1b7a18, 22, 1;
L_0x1d49510 .part RS_0x7fb10d1b7a18, 23, 1;
L_0x1d495b0 .part RS_0x7fb10d1b7a18, 18, 1;
L_0x1d4ab70 .part/pv L_0x1d4a320, 23, 1, 32;
L_0x1d4ac10 .part RS_0x7fb10d1b7a18, 22, 1;
L_0x1d4acb0 .part RS_0x7fb10d1b7a18, 23, 1;
L_0x1d4ad50 .part RS_0x7fb10d1b7a18, 19, 1;
L_0x1d4a470 .part/pv L_0x1d4a8b0, 24, 1, 32;
L_0x1d4a510 .part RS_0x7fb10d1b7a18, 24, 1;
L_0x1d4a5b0 .part RS_0x7fb10d1b7a18, 25, 1;
L_0x1d4a710 .part RS_0x7fb10d1b7a18, 20, 1;
L_0x1d4aa00 .part/pv L_0x1d4b4b0, 25, 1, 32;
L_0x1d4aaa0 .part RS_0x7fb10d1b7a18, 24, 1;
L_0x1d4b270 .part RS_0x7fb10d1b7a18, 25, 1;
L_0x1d4b310 .part RS_0x7fb10d1b7a18, 21, 1;
L_0x1d4ba90 .part/pv L_0x1d4b030, 26, 1, 32;
L_0x1d4bb30 .part RS_0x7fb10d1b7a18, 26, 1;
L_0x1d4adf0 .part RS_0x7fb10d1b7a18, 27, 1;
L_0x1d4ae90 .part RS_0x7fb10d1b7a18, 22, 1;
L_0x1d4b180 .part/pv L_0x1d4b890, 27, 1, 32;
L_0x1d4b600 .part RS_0x7fb10d1b7a18, 26, 1;
L_0x1d4b6a0 .part RS_0x7fb10d1b7a18, 27, 1;
L_0x1d4b740 .part RS_0x7fb10d1b7a18, 23, 1;
L_0x1d4b9e0 .part/pv L_0x1d4c360, 28, 1, 32;
L_0x1d4c080 .part RS_0x7fb10d1b7a18, 28, 1;
L_0x1d4c120 .part RS_0x7fb10d1b7a18, 29, 1;
L_0x1d4c1c0 .part RS_0x7fb10d1b7a18, 24, 1;
L_0x1d4c970 .part/pv L_0x1d4beb0, 29, 1, 32;
L_0x1d4bbd0 .part RS_0x7fb10d1b7a18, 28, 1;
L_0x1d4bc70 .part RS_0x7fb10d1b7a18, 29, 1;
L_0x1d4bd10 .part RS_0x7fb10d1b7a18, 25, 1;
L_0x1d4c4b0 .part/pv L_0x1d4c830, 30, 1, 32;
L_0x1d4c550 .part RS_0x7fb10d1b7a18, 30, 1;
L_0x1d4c5f0 .part RS_0x7fb10d1b7a18, 31, 1;
L_0x1d4c690 .part RS_0x7fb10d1b7a18, 26, 1;
L_0x1d4cef0 .part/pv L_0x1d4d270, 31, 1, 32;
L_0x1d4cf90 .part RS_0x7fb10d1b7a18, 30, 1;
L_0x1d4d030 .part RS_0x7fb10d1b7a18, 31, 1;
L_0x1d4d0d0 .part RS_0x7fb10d1b7a18, 27, 1;
L_0x1d4d8b0 .part/pv L_0x1d4ca10, 0, 8, 32;
L_0x1d4ca10 .part RS_0x7fb10d1b7a48, 0, 8;
L_0x1d4cab0 .part/pv L_0x1d4ce80, 8, 1, 32;
L_0x1d4cba0 .part RS_0x7fb10d1b7a48, 8, 1;
L_0x1d4cc40 .part RS_0x7fb10d1b7a48, 9, 1;
L_0x1d4cce0 .part RS_0x7fb10d1b7a48, 0, 1;
L_0x1d48940 .part/pv L_0x1d4d650, 9, 1, 32;
L_0x1d4d3c0 .part RS_0x7fb10d1b7a48, 8, 1;
L_0x1d4d460 .part RS_0x7fb10d1b7a48, 9, 1;
L_0x1d4d500 .part RS_0x7fb10d1b7a48, 1, 1;
L_0x1d4d7a0 .part/pv L_0x1d4e1d0, 10, 1, 32;
L_0x1d4df40 .part RS_0x7fb10d1b7a48, 10, 1;
L_0x1d4dfe0 .part RS_0x7fb10d1b7a48, 11, 1;
L_0x1d4e080 .part RS_0x7fb10d1b7a48, 2, 1;
L_0x1d4e320 .part/pv L_0x1d4dc80, 11, 1, 32;
L_0x1d4d9a0 .part RS_0x7fb10d1b7a48, 10, 1;
L_0x1d4da40 .part RS_0x7fb10d1b7a48, 11, 1;
L_0x1d4dae0 .part RS_0x7fb10d1b7a48, 3, 1;
L_0x1d4ddd0 .part/pv L_0x1d4f070, 12, 1, 32;
L_0x1d4ed90 .part RS_0x7fb10d1b7a48, 12, 1;
L_0x1d4ee30 .part RS_0x7fb10d1b7a48, 13, 1;
L_0x1d4eed0 .part RS_0x7fb10d1b7a48, 4, 1;
L_0x1d4f700 .part/pv L_0x1d4eaa0, 13, 1, 32;
L_0x1d4f7a0 .part RS_0x7fb10d1b7a48, 12, 1;
L_0x1d4e860 .part RS_0x7fb10d1b7a48, 13, 1;
L_0x1d4e900 .part RS_0x7fb10d1b7a48, 5, 1;
L_0x1d4ebf0 .part/pv L_0x1d4f410, 14, 1, 32;
L_0x1d4de70 .part RS_0x7fb10d1b7a48, 14, 1;
L_0x1d4ec90 .part RS_0x7fb10d1b7a48, 15, 1;
L_0x1d4f2d0 .part RS_0x7fb10d1b7a48, 6, 1;
L_0x1d4f560 .part/pv L_0x1d4ff80, 15, 1, 32;
L_0x1d4f600 .part RS_0x7fb10d1b7a48, 14, 1;
L_0x1d4fda0 .part RS_0x7fb10d1b7a48, 15, 1;
L_0x1d4fe40 .part RS_0x7fb10d1b7a48, 7, 1;
L_0x1d50640 .part/pv L_0x1d4e3c0, 16, 1, 32;
L_0x1d506e0 .part RS_0x7fb10d1b7a48, 16, 1;
L_0x1d50780 .part RS_0x7fb10d1b7a48, 17, 1;
L_0x1d50820 .part RS_0x7fb10d1b7a48, 8, 1;
L_0x1d4f930 .part/pv L_0x1d4fcb0, 17, 1, 32;
L_0x1d4f9d0 .part RS_0x7fb10d1b7a48, 16, 1;
L_0x1d4fa70 .part RS_0x7fb10d1b7a48, 17, 1;
L_0x1d4fb10 .part RS_0x7fb10d1b7a48, 9, 1;
L_0x1d50170 .part/pv L_0x1d504f0, 18, 1, 32;
L_0x1d50210 .part RS_0x7fb10d1b7a48, 18, 1;
L_0x1d502b0 .part RS_0x7fb10d1b7a48, 19, 1;
L_0x1d50350 .part RS_0x7fb10d1b7a48, 10, 1;
L_0x1d50eb0 .part/pv L_0x1d4e420, 19, 1, 32;
L_0x1d50f50 .part RS_0x7fb10d1b7a48, 18, 1;
L_0x1d51800 .part RS_0x7fb10d1b7a48, 19, 1;
L_0x1d518a0 .part RS_0x7fb10d1b7a48, 11, 1;
L_0x1d4e570 .part/pv L_0x1d509b0, 20, 1, 32;
L_0x1d4e610 .part RS_0x7fb10d1b7a48, 20, 1;
L_0x1d4e6b0 .part RS_0x7fb10d1b7a48, 21, 1;
L_0x1d4e750 .part RS_0x7fb10d1b7a48, 12, 1;
L_0x1d50b00 .part/pv L_0x1d52000, 21, 1, 32;
L_0x1d50ba0 .part RS_0x7fb10d1b7a48, 20, 1;
L_0x1d50c40 .part RS_0x7fb10d1b7a48, 21, 1;
L_0x1d50ce0 .part RS_0x7fb10d1b7a48, 13, 1;
L_0x1d52720 .part/pv L_0x1d4f260, 22, 1, 32;
L_0x1d4f1c0 .part RS_0x7fb10d1b7a48, 22, 1;
L_0x1d529d0 .part RS_0x7fb10d1b7a48, 23, 1;
L_0x1d52a70 .part RS_0x7fb10d1b7a48, 14, 1;
L_0x1d51b30 .part/pv L_0x1d51eb0, 23, 1, 32;
L_0x1d51bd0 .part RS_0x7fb10d1b7a48, 22, 1;
L_0x1d51c70 .part RS_0x7fb10d1b7a48, 23, 1;
L_0x1d51d10 .part RS_0x7fb10d1b7a48, 15, 1;
L_0x1d52150 .part/pv L_0x1d524d0, 24, 1, 32;
L_0x1d521f0 .part RS_0x7fb10d1b7a48, 24, 1;
L_0x1d52290 .part RS_0x7fb10d1b7a48, 25, 1;
L_0x1d52330 .part RS_0x7fb10d1b7a48, 16, 1;
L_0x1d52620 .part/pv L_0x1d53490, 25, 1, 32;
L_0x1d53210 .part RS_0x7fb10d1b7a48, 24, 1;
L_0x1d532b0 .part RS_0x7fb10d1b7a48, 25, 1;
L_0x1d53350 .part RS_0x7fb10d1b7a48, 17, 1;
L_0x1d53bf0 .part/pv L_0x1d52d10, 26, 1, 32;
L_0x1d53c90 .part RS_0x7fb10d1b7a48, 26, 1;
L_0x1d53d30 .part RS_0x7fb10d1b7a48, 27, 1;
L_0x1d53dd0 .part RS_0x7fb10d1b7a48, 18, 1;
L_0x1d52e60 .part/pv L_0x1d535e0, 27, 1, 32;
L_0x1d52f00 .part RS_0x7fb10d1b7a48, 26, 1;
L_0x1d52fa0 .part RS_0x7fb10d1b7a48, 27, 1;
L_0x1d53040 .part RS_0x7fb10d1b7a48, 19, 1;
L_0x1d53730 .part/pv L_0x1d53ab0, 28, 1, 32;
L_0x1d537d0 .part RS_0x7fb10d1b7a48, 28, 1;
L_0x1d53870 .part RS_0x7fb10d1b7a48, 29, 1;
L_0x1d53910 .part RS_0x7fb10d1b7a48, 20, 1;
L_0x1d53e70 .part/pv L_0x1d541f0, 29, 1, 32;
L_0x1d53f10 .part RS_0x7fb10d1b7a48, 28, 1;
L_0x1d53fb0 .part RS_0x7fb10d1b7a48, 29, 1;
L_0x1d54050 .part RS_0x7fb10d1b7a48, 21, 1;
L_0x1d54340 .part/pv L_0x1d54d80, 30, 1, 32;
L_0x1d543e0 .part RS_0x7fb10d1b7a48, 30, 1;
L_0x1d54b40 .part RS_0x7fb10d1b7a48, 31, 1;
L_0x1d54be0 .part RS_0x7fb10d1b7a48, 22, 1;
L_0x1d54ed0 .part/pv L_0x1d55250, 31, 1, 32;
L_0x1d54f70 .part RS_0x7fb10d1b7a48, 30, 1;
L_0x1d55010 .part RS_0x7fb10d1b7a48, 31, 1;
L_0x1d550b0 .part RS_0x7fb10d1b7a48, 23, 1;
L_0x1d544f0 .part/pv L_0x1d54590, 0, 16, 32;
L_0x1d54590 .part RS_0x7fb10d1b7a78, 0, 16;
L_0x1d54630 .part/pv L_0x1d54a00, 16, 1, 32;
L_0x1d54720 .part RS_0x7fb10d1b7a78, 16, 1;
L_0x1d547c0 .part RS_0x7fb10d1b7a78, 17, 1;
L_0x1d54860 .part RS_0x7fb10d1b7a78, 0, 1;
L_0x1d560e0 .part/pv L_0x1d528c0, 17, 1, 32;
L_0x1d56180 .part RS_0x7fb10d1b7a78, 16, 1;
L_0x1d56220 .part RS_0x7fb10d1b7a78, 17, 1;
L_0x1d562c0 .part RS_0x7fb10d1b7a78, 1, 1;
L_0x1d563b0 .part/pv L_0x1d56770, 18, 1, 32;
L_0x1d564e0 .part RS_0x7fb10d1b7a78, 18, 1;
L_0x1d56580 .part RS_0x7fb10d1b7a78, 19, 1;
L_0x1d56620 .part RS_0x7fb10d1b7a78, 2, 1;
L_0x1d557b0 .part/pv L_0x1d55ba0, 19, 1, 32;
L_0x1d55850 .part RS_0x7fb10d1b7a78, 18, 1;
L_0x1d558f0 .part RS_0x7fb10d1b7a78, 19, 1;
L_0x1d55a60 .part RS_0x7fb10d1b7a78, 3, 1;
L_0x1d55cf0 .part/pv L_0x1d56070, 20, 1, 32;
L_0x1d55d90 .part RS_0x7fb10d1b7a78, 20, 1;
L_0x1d55e30 .part RS_0x7fb10d1b7a78, 21, 1;
L_0x1d55ed0 .part RS_0x7fb10d1b7a78, 4, 1;
L_0x1d576d0 .part/pv L_0x1d56910, 21, 1, 32;
L_0x1d57770 .part RS_0x7fb10d1b7a78, 20, 1;
L_0x1d57810 .part RS_0x7fb10d1b7a78, 21, 1;
L_0x1d578b0 .part RS_0x7fb10d1b7a78, 5, 1;
L_0x1d56a60 .part/pv L_0x1d17cb0, 22, 1, 32;
L_0x1d56c10 .part RS_0x7fb10d1b7a78, 22, 1;
L_0x1d56cb0 .part RS_0x7fb10d1b7a78, 23, 1;
L_0x1d56d50 .part RS_0x7fb10d1b7a78, 6, 1;
L_0x1d57060 .part/pv L_0x1d573e0, 23, 1, 32;
L_0x1d57100 .part RS_0x7fb10d1b7a78, 22, 1;
L_0x1d571a0 .part RS_0x7fb10d1b7a78, 23, 1;
L_0x1d57240 .part RS_0x7fb10d1b7a78, 7, 1;
L_0x1d57530 .part/pv L_0x1d582d0, 24, 1, 32;
L_0x1d575d0 .part RS_0x7fb10d1b7a78, 24, 1;
L_0x1d580f0 .part RS_0x7fb10d1b7a78, 25, 1;
L_0x1d58190 .part RS_0x7fb10d1b7a78, 8, 1;
L_0x1d58b20 .part/pv L_0x1d58ea0, 25, 1, 32;
L_0x1d58bc0 .part RS_0x7fb10d1b7a78, 24, 1;
L_0x1d58c60 .part RS_0x7fb10d1b7a78, 25, 1;
L_0x1d58d00 .part RS_0x7fb10d1b7a78, 9, 1;
L_0x1d57a50 .part/pv L_0x1d57dd0, 26, 1, 32;
L_0x1d57af0 .part RS_0x7fb10d1b7a78, 26, 1;
L_0x1d57b90 .part RS_0x7fb10d1b7a78, 27, 1;
L_0x1d57c30 .part RS_0x7fb10d1b7a78, 10, 1;
L_0x1d57f20 .part/pv L_0x1d58660, 27, 1, 32;
L_0x1d57fc0 .part RS_0x7fb10d1b7a78, 26, 1;
L_0x1d58420 .part RS_0x7fb10d1b7a78, 27, 1;
L_0x1d584c0 .part RS_0x7fb10d1b7a78, 11, 1;
L_0x1d587b0 .part/pv L_0x1d553a0, 28, 1, 32;
L_0x1d58850 .part RS_0x7fb10d1b7a78, 28, 1;
L_0x1d588f0 .part RS_0x7fb10d1b7a78, 29, 1;
L_0x1d58990 .part RS_0x7fb10d1b7a78, 12, 1;
L_0x1d554f0 .part/pv L_0x1d59060, 29, 1, 32;
L_0x1d55590 .part RS_0x7fb10d1b7a78, 28, 1;
L_0x1d55630 .part RS_0x7fb10d1b7a78, 29, 1;
L_0x1d556d0 .part RS_0x7fb10d1b7a78, 13, 1;
L_0x1d591b0 .part/pv L_0x1d5a5f0, 30, 1, 32;
L_0x1d56b00 .part RS_0x7fb10d1b7a78, 30, 1;
L_0x1d59460 .part RS_0x7fb10d1b7a78, 31, 1;
L_0x1d59500 .part RS_0x7fb10d1b7a78, 14, 1;
L_0x1d59ea0 .part/pv L_0x1d5a220, 31, 1, 32;
L_0x1d59f40 .part RS_0x7fb10d1b7a78, 30, 1;
L_0x1d59fe0 .part RS_0x7fb10d1b7a78, 31, 1;
L_0x1d5a080 .part RS_0x7fb10d1b7a78, 15, 1;
L_0x1d5a370 .part/pv L_0x1d5a550, 0, 1, 16;
L_0x1d5a410 .part RS_0x7fb10d1b7aa8, 0, 1;
L_0x1d5a4b0 .part RS_0x7fb10d1b7aa8, 1, 1;
L_0x1d5afa0 .part/pv L_0x1d5b1d0, 1, 1, 16;
L_0x1d5b090 .part RS_0x7fb10d1b7aa8, 2, 1;
L_0x1d5b130 .part RS_0x7fb10d1b7aa8, 3, 1;
L_0x1d5baa0 .part/pv L_0x1d5a7e0, 2, 1, 16;
L_0x1d5bb40 .part RS_0x7fb10d1b7aa8, 4, 1;
L_0x1d5a740 .part RS_0x7fb10d1b7aa8, 5, 1;
L_0x1d5a930 .part/pv L_0x1d5aba0, 3, 1, 16;
L_0x1d5aa60 .part RS_0x7fb10d1b7aa8, 6, 1;
L_0x1d5ab00 .part RS_0x7fb10d1b7aa8, 7, 1;
L_0x1d5aca0 .part/pv L_0x1d5b320, 4, 1, 16;
L_0x1d5ad40 .part RS_0x7fb10d1b7aa8, 8, 1;
L_0x1d5ade0 .part RS_0x7fb10d1b7aa8, 9, 1;
L_0x1d5b470 .part/pv L_0x1d5b650, 5, 1, 16;
L_0x1d5b510 .part RS_0x7fb10d1b7aa8, 10, 1;
L_0x1d5b5b0 .part RS_0x7fb10d1b7aa8, 11, 1;
L_0x1d5b7a0 .part/pv L_0x1d5b980, 6, 1, 16;
L_0x1d5b840 .part RS_0x7fb10d1b7aa8, 12, 1;
L_0x1d5b8e0 .part RS_0x7fb10d1b7aa8, 13, 1;
L_0x1d5c3e0 .part/pv L_0x1d592f0, 7, 1, 16;
L_0x1d5c590 .part RS_0x7fb10d1b7aa8, 14, 1;
L_0x1d59250 .part RS_0x7fb10d1b7aa8, 15, 1;
L_0x1d5d1f0 .part/pv L_0x1d5d330, 8, 1, 16;
L_0x1d5d290 .part RS_0x7fb10d1b7aa8, 16, 1;
L_0x1d5bbf0 .part RS_0x7fb10d1b7aa8, 17, 1;
L_0x1d5bd80 .part/pv L_0x1d5bf60, 9, 1, 16;
L_0x1d5be20 .part RS_0x7fb10d1b7aa8, 18, 1;
L_0x1d5bec0 .part RS_0x7fb10d1b7aa8, 19, 1;
L_0x1d5c0b0 .part/pv L_0x1d5c290, 10, 1, 16;
L_0x1d5c150 .part RS_0x7fb10d1b7aa8, 20, 1;
L_0x1d5c1f0 .part RS_0x7fb10d1b7aa8, 21, 1;
L_0x1d5ca40 .part/pv L_0x1d5cc20, 11, 1, 16;
L_0x1d5cae0 .part RS_0x7fb10d1b7aa8, 22, 1;
L_0x1d5cb80 .part RS_0x7fb10d1b7aa8, 23, 1;
L_0x1d5cd70 .part/pv L_0x1d5cf50, 12, 1, 16;
L_0x1d5ce10 .part RS_0x7fb10d1b7aa8, 24, 1;
L_0x1d5ceb0 .part RS_0x7fb10d1b7aa8, 25, 1;
L_0x1d5d0a0 .part/pv L_0x1d5dc00, 13, 1, 16;
L_0x1d5d140 .part RS_0x7fb10d1b7aa8, 26, 1;
L_0x1d5db60 .part RS_0x7fb10d1b7aa8, 27, 1;
L_0x1d5e530 .part/pv L_0x1d5e710, 14, 1, 16;
L_0x1d5e5d0 .part RS_0x7fb10d1b7aa8, 28, 1;
L_0x1d5e670 .part RS_0x7fb10d1b7aa8, 29, 1;
L_0x1d5e860 .part/pv L_0x1d5c520, 15, 1, 16;
L_0x1d5eb10 .part RS_0x7fb10d1b7aa8, 30, 1;
L_0x1d5c480 .part RS_0x7fb10d1b7aa8, 31, 1;
L_0x1d5d430 .part/pv L_0x1d5d760, 0, 1, 16;
L_0x1d5d520 .part v0x1d302f0_0, 0, 1;
L_0x1d5d5c0 .part v0x1d303c0_0, 0, 1;
L_0x1d5d860 .part/pv L_0x1d5ddf0, 1, 1, 16;
L_0x1d5d900 .part v0x1d302f0_0, 1, 1;
L_0x1d5d9a0 .part v0x1d303c0_0, 1, 1;
L_0x1d5dd50 .part RS_0x7fb10d1b7b08, 0, 1;
L_0x1d5df40 .part/pv L_0x1d5e300, 2, 1, 16;
L_0x1d5e070 .part v0x1d302f0_0, 2, 1;
L_0x1d5e110 .part v0x1d303c0_0, 2, 1;
L_0x1d5e260 .part RS_0x7fb10d1b7b08, 1, 1;
L_0x1d5e450 .part/pv L_0x1d5f6b0, 3, 1, 16;
L_0x1d5f3d0 .part v0x1d302f0_0, 3, 1;
L_0x1d5f470 .part v0x1d303c0_0, 3, 1;
L_0x1d5f610 .part RS_0x7fb10d1b7b08, 2, 1;
L_0x1d60030 .part/pv L_0x1d603b0, 4, 1, 16;
L_0x1d600d0 .part v0x1d302f0_0, 4, 1;
L_0x1d60170 .part v0x1d303c0_0, 4, 1;
L_0x1d60310 .part RS_0x7fb10d1b7b08, 3, 1;
L_0x1d5ebb0 .part/pv L_0x1d5ef30, 5, 1, 16;
L_0x1d5ec50 .part v0x1d302f0_0, 5, 1;
L_0x1d5ecf0 .part v0x1d303c0_0, 5, 1;
L_0x1d5ee90 .part RS_0x7fb10d1b7b08, 4, 1;
L_0x1d5f080 .part/pv L_0x1d5f8f0, 6, 1, 16;
L_0x1d5f230 .part v0x1d302f0_0, 6, 1;
L_0x1d5f2d0 .part v0x1d303c0_0, 6, 1;
L_0x1d5f850 .part RS_0x7fb10d1b7b08, 5, 1;
L_0x1d5fa40 .part/pv L_0x1d5fdc0, 7, 1, 16;
L_0x1d5fae0 .part v0x1d302f0_0, 7, 1;
L_0x1d5fb80 .part v0x1d303c0_0, 7, 1;
L_0x1d5fd20 .part RS_0x7fb10d1b7b08, 6, 1;
L_0x1d5ff10 .part/pv L_0x1d61060, 8, 1, 16;
L_0x1d60d80 .part v0x1d302f0_0, 8, 1;
L_0x1d60e20 .part v0x1d303c0_0, 8, 1;
L_0x1d60fc0 .part RS_0x7fb10d1b7b08, 7, 1;
L_0x1d61a30 .part/pv L_0x1d61db0, 9, 1, 16;
L_0x1d61ad0 .part v0x1d302f0_0, 9, 1;
L_0x1d61b70 .part v0x1d303c0_0, 9, 1;
L_0x1d61d10 .part RS_0x7fb10d1b7b08, 8, 1;
L_0x1d60510 .part/pv L_0x1d60890, 10, 1, 16;
L_0x1d605b0 .part v0x1d302f0_0, 10, 1;
L_0x1d60650 .part v0x1d303c0_0, 10, 1;
L_0x1d607f0 .part RS_0x7fb10d1b7b08, 9, 1;
L_0x1d609e0 .part/pv L_0x1d5ffb0, 11, 1, 16;
L_0x1d60a80 .part v0x1d302f0_0, 11, 1;
L_0x1d60b20 .part v0x1d303c0_0, 11, 1;
L_0x1d60cc0 .part RS_0x7fb10d1b7b08, 10, 1;
L_0x1d612a0 .part/pv L_0x1d61620, 12, 1, 16;
L_0x1d61340 .part v0x1d302f0_0, 12, 1;
L_0x1d613e0 .part v0x1d303c0_0, 12, 1;
L_0x1d61580 .part RS_0x7fb10d1b7b08, 11, 1;
L_0x1d61770 .part/pv L_0x1d628c0, 13, 1, 16;
L_0x1d61810 .part v0x1d302f0_0, 13, 1;
L_0x1d618b0 .part v0x1d303c0_0, 13, 1;
L_0x1d62820 .part RS_0x7fb10d1b7b08, 12, 1;
L_0x1d632e0 .part/pv L_0x1d637d0, 14, 1, 16;
L_0x1d5f120 .part v0x1d302f0_0, 14, 1;
L_0x1d63590 .part v0x1d303c0_0, 14, 1;
L_0x1d63730 .part RS_0x7fb10d1b7b08, 13, 1;
L_0x1d63920 .part/pv L_0x1d63ca0, 15, 1, 16;
L_0x1d639c0 .part v0x1d302f0_0, 15, 1;
L_0x1d63a60 .part v0x1d303c0_0, 15, 1;
L_0x1d63c00 .part RS_0x7fb10d1b7b08, 14, 1;
L_0x1d61f10 .part RS_0x7fb10d1b7b08, 15, 1;
    .scope S_0x1cf45d0;
T_0 ;
    %vpi_func 2 14 "$random", 40, 32;
    %mov 8, 40, 32;
    %movi 40, 1000, 32;
    %mod 8, 40, 32;
    %set/v v0x1d302f0_0, 8, 16;
    %vpi_func 2 14 "$random", 40, 32;
    %mov 8, 40, 32;
    %movi 40, 4000, 32;
    %mod 8, 40, 32;
    %set/v v0x1d303c0_0, 8, 16;
    %set/v v0x1d30520_0, 1, 1;
    %delay 5, 0;
    %movi 8, 34837, 16;
    %set/v v0x1d302f0_0, 8, 16;
    %movi 8, 856, 16;
    %set/v v0x1d303c0_0, 8, 16;
    %set/v v0x1d30520_0, 0, 1;
    %delay 5, 0;
    %movi 8, 1, 16;
    %set/v v0x1d302f0_0, 8, 16;
    %set/v v0x1d303c0_0, 1, 16;
    %set/v v0x1d30520_0, 0, 1;
    %delay 5, 0;
    %movi 8, 498, 16;
    %set/v v0x1d302f0_0, 8, 16;
    %movi 8, 34, 16;
    %set/v v0x1d303c0_0, 8, 16;
    %set/v v0x1d30520_0, 1, 1;
    %end;
    .thread T_0;
    .scope S_0x1cf45d0;
T_1 ;
    %vpi_call 2 23 "$monitor", $time, " a=%d, b=%d, cin=%d, sum=%d, carry=%d\012", v0x1d302f0_0, v0x1d303c0_0, v0x1d30520_0, v0x1d30600_0, v0x1d30470_0;
    %end;
    .thread T_1;
# The file index is used to find the file name in the following table.
:file_names 4;
    "N/A";
    "<interactive>";
    "rclaa_tb.v";
    "./rclaa3.v";
